Using pre-set license
Built from '2020.3/release' branch; Version is '2020.3.2f1 (8fd9074bf66c) revision 9427207'; Using compiler version '192528614'; Build Type 'Release'
OS: 'Windows 10 Home; OS build 19042.928; Version 2009; 64bit' Language: 'ja' Physical Memory: 16207 MB
BatchMode: 1, IsHumanControllingUs: 0, StartBugReporterOnCrash: 0, Is64bit: 1, IsPro: 0

 COMMAND LINE ARGUMENTS:
C:\Program Files\Unity\Hub\Editor\2019.4.16f1\Editor\Unity.exe
-adb2
-batchMode
-noUpm
-name
AssetImportWorker0
-projectPath
C:/ゲーム制作サークル/2021年度/日本ゲーム大賞アマチュア部門/JGA_2021_バージョン管理/Morumotto_ Wheerun_Select
-logFile
Logs/AssetImportWorker0.log
-srvPort
62635
Successfully changed project path to: C:/ゲーム制作サークル/2021年度/日本ゲーム大賞アマチュア部門/JGA_2021_バージョン管理/Morumotto_ Wheerun_Select
C:/ゲーム制作サークル/2021年度/日本ゲーム大賞アマチュア部門/JGA_2021_バージョン管理/Morumotto_ Wheerun_Select
Using Asset Import Pipeline V2.
Refreshing native plugins compatible for Editor in 17.63 ms, found 0 plugins.
Preloading 0 native plugins for Editor in 0.00 ms.
Initialize engine version: 2020.3.2f1 (8fd9074bf66c)
[Subsystems] Discovering subsystems at path C:/Program Files/Unity/Hub/Editor/2019.4.16f1/Editor/Data/Resources/UnitySubsystems
[Subsystems] Discovering subsystems at path C:/ゲーム制作サークル/2021年度/日本ゲーム大賞アマチュア部門/JGA_2021_バージョン管理/Morumotto_ Wheerun_Select/Assets
GfxDevice: creating device client; threaded=0
Direct3D:
    Version:  Direct3D 11.0 [level 11.1]
    Renderer: NVIDIA GeForce GTX 1660 Ti (ID=0x2191)
    Vendor:   
    VRAM:     5991 MB
    Driver:   27.21.14.5774
Initialize mono
Mono path[0] = 'C:/Program Files/Unity/Hub/Editor/2019.4.16f1/Editor/Data/Managed'
Mono path[1] = 'C:/Program Files/Unity/Hub/Editor/2019.4.16f1/Editor/Data/MonoBleedingEdge/lib/mono/unityjit'
Mono config path = 'C:/Program Files/Unity/Hub/Editor/2019.4.16f1/Editor/Data/MonoBleedingEdge/etc'
Using monoOptions --debugger-agent=transport=dt_socket,embedding=1,server=y,suspend=n,address=127.0.0.1:56112
Begin MonoManager ReloadAssembly
Registering precompiled unity dll's ...
Register platform support module: C:/Program Files/Unity/Hub/Editor/2019.4.16f1/Editor/Data/PlaybackEngines/WindowsStandaloneSupport/UnityEditor.WindowsStandalone.Extensions.dll
Registered in 0.001337 seconds.
Native extension for WindowsStandalone target not found
Refreshing native plugins compatible for Editor in 18.77 ms, found 0 plugins.
Preloading 0 native plugins for Editor in 0.00 ms.
Invoked RoslynAnalysisRunner static constructor.
RoslynAnalysisRunner will not be running.
RoslynAnalysisRunner has terminated.
Mono: successfully reloaded assembly
- Completed reload, in  0.846 seconds
Platform modules already initialized, skipping
Registering precompiled user dll's ...
Registered in 0.000478 seconds.
Begin MonoManager ReloadAssembly
Native extension for WindowsStandalone target not found
Refreshing native plugins compatible for Editor in 0.17 ms, found 0 plugins.
Preloading 0 native plugins for Editor in 0.00 ms.
Invoked RoslynAnalysisRunner static constructor.
RoslynAnalysisRunner will not be running.
RoslynAnalysisRunner has terminated.
Mono: successfully reloaded assembly
- Completed reload, in  0.632 seconds
Platform modules already initialized, skipping
========================================================================
Worker process is ready to serve import requests
Launched and connected shader compiler UnityShaderCompiler.exe after 0.02 seconds
Refreshing native plugins compatible for Editor in 0.17 ms, found 0 plugins.
Preloading 0 native plugins for Editor in 0.00 ms.
Unloading 1115 Unused Serialized files (Serialized files now loaded: 0)
System memory in use before: 57.5 MB.
System memory in use after: 57.5 MB.

Unloading 9 unused Assets to reduce memory usage. Loaded Objects now: 1559.
Total: 1.647700 ms (FindLiveObjects: 0.098400 ms CreateObjectMapping: 0.028300 ms MarkObjects: 1.479200 ms  DeleteObjects: 0.041000 ms)

========================================================================
Received Import Request.
  path: Assets/Textures/morumotto.png
  artifactKey: Guid(8ece0256e11fa8440b87cd0ded805612) Importer(815301076,1909f56bfc062723c751e8b465ee728b)
Start importing Assets/Textures/morumotto.png using Guid(8ece0256e11fa8440b87cd0ded805612) Importer(815301076,1909f56bfc062723c751e8b465ee728b)  -> (artifact id: 'c65caf2fe2b537e0629e697fd8b66541') in 0.046196 seconds
  Import took 0.047761 seconds .

========================================================================
Received Import Request.
  Time since last request: 7.144856 seconds.
  path: Assets/Textures/morumotto.png
  artifactKey: Guid(8ece0256e11fa8440b87cd0ded805612) Importer(815301076,1909f56bfc062723c751e8b465ee728b)
Start importing Assets/Textures/morumotto.png using Guid(8ece0256e11fa8440b87cd0ded805612) Importer(815301076,1909f56bfc062723c751e8b465ee728b)  -> (artifact id: 'a2a2301df91ffde93df784b0f06cbb0c') in 0.040152 seconds
  Import took 0.041926 seconds .

========================================================================
Received Import Request.
  Time since last request: 199.662537 seconds.
  path: Assets/Textures/morumotto.png
  artifactKey: Guid(8ece0256e11fa8440b87cd0ded805612) Importer(815301076,1909f56bfc062723c751e8b465ee728b)
Start importing Assets/Textures/morumotto.png using Guid(8ece0256e11fa8440b87cd0ded805612) Importer(815301076,1909f56bfc062723c751e8b465ee728b)  -> (artifact id: 'b6b434dba8cc6b499c32e53d9d1bfb2b') in 0.010906 seconds
  Import took 0.012966 seconds .

========================================================================
Received Import Request.
  Time since last request: 9.000655 seconds.
  path: Assets/Textures/morumotto.png
  artifactKey: Guid(8ece0256e11fa8440b87cd0ded805612) Importer(815301076,1909f56bfc062723c751e8b465ee728b)
Start importing Assets/Textures/morumotto.png using Guid(8ece0256e11fa8440b87cd0ded805612) Importer(815301076,1909f56bfc062723c751e8b465ee728b)  -> (artifact id: '03a4ef0d3f6735ce7a26beb942bf2b9a') in 0.010427 seconds
  Import took 0.012160 seconds .

========================================================================
Received Import Request.
  Time since last request: 0.001831 seconds.
  path: Assets/Textures/morumotto.png
  artifactKey: Guid(8ece0256e11fa8440b87cd0ded805612) Importer(815301076,1909f56bfc062723c751e8b465ee728b)
Start importing Assets/Textures/morumotto.png using Guid(8ece0256e11fa8440b87cd0ded805612) Importer(815301076,1909f56bfc062723c751e8b465ee728b)  -> (artifact id: '03a4ef0d3f6735ce7a26beb942bf2b9a') in 0.011041 seconds
  Import took 0.012756 seconds .

========================================================================
Received Import Request.
  Time since last request: 447.630044 seconds.
  path: Assets/Scripts
  artifactKey: Guid(e38f5dbb2fa38af41a3b938d7a748682) Importer(815301076,1909f56bfc062723c751e8b465ee728b)
Start importing Assets/Scripts using Guid(e38f5dbb2fa38af41a3b938d7a748682) Importer(815301076,1909f56bfc062723c751e8b465ee728b)  -> (artifact id: '5c5e89a3eec471215a7c38f87464d72b') in 0.005561 seconds
  Import took 0.008201 seconds .

========================================================================
Received Import Request.
  Time since last request: 0.000772 seconds.
  path: Assets/Scripts
  artifactKey: Guid(e38f5dbb2fa38af41a3b938d7a748682) Importer(815301076,1909f56bfc062723c751e8b465ee728b)
Start importing Assets/Scripts using Guid(e38f5dbb2fa38af41a3b938d7a748682) Importer(815301076,1909f56bfc062723c751e8b465ee728b)  -> (artifact id: '5c5e89a3eec471215a7c38f87464d72b') in 0.001860 seconds
  Import took 0.003554 seconds .

========================================================================
Received Import Request.
  Time since last request: 7.220000 seconds.
  path: Assets/Scripts/All
  artifactKey: Guid(27833f99f8a42784a8cecd8d2b19aae9) Importer(815301076,1909f56bfc062723c751e8b465ee728b)
Start importing Assets/Scripts/All using Guid(27833f99f8a42784a8cecd8d2b19aae9) Importer(815301076,1909f56bfc062723c751e8b465ee728b)  -> (artifact id: 'aef7fb71f3c97d60c9e5be4d523e99f9') in 0.005668 seconds
  Import took 0.007471 seconds .

========================================================================
Received Import Request.
  Time since last request: 14.626210 seconds.
  path: Assets/Scripts/Select
  artifactKey: Guid(8b4e7ccd4b0f4dc4c93838463fa93444) Importer(815301076,1909f56bfc062723c751e8b465ee728b)
Start importing Assets/Scripts/Select using Guid(8b4e7ccd4b0f4dc4c93838463fa93444) Importer(815301076,1909f56bfc062723c751e8b465ee728b)  -> (artifact id: '2a6bdb246161d2184cd7efcabcab9859') in 0.005252 seconds
  Import took 0.007524 seconds .

========================================================================
Received Import Request.
  Time since last request: 38.646298 seconds.
  path: Assets/Scripts/Select/Select_Draw_Controller.cs
  artifactKey: Guid(8887a9a17c7929841a71fabe14574e8d) Importer(815301076,1909f56bfc062723c751e8b465ee728b)
Start importing Assets/Scripts/Select/Select_Draw_Controller.cs using Guid(8887a9a17c7929841a71fabe14574e8d) Importer(815301076,1909f56bfc062723c751e8b465ee728b)  -> (artifact id: '3176bed455cdf32f9739fe8c41be44a9') in 0.009818 seconds
  Import took 0.011437 seconds .

========================================================================
Received Prepare
Registering precompiled user dll's ...
Registered in 0.000407 seconds.
Begin MonoManager ReloadAssembly
Native extension for WindowsStandalone target not found
Refreshing native plugins compatible for Editor in 0.17 ms, found 0 plugins.
Preloading 0 native plugins for Editor in 0.00 ms.
Invoked RoslynAnalysisRunner static constructor.
RoslynAnalysisRunner will not be running.
RoslynAnalysisRunner has terminated.
Mono: successfully reloaded assembly
- Completed reload, in  0.638 seconds
Platform modules already initialized, skipping
Refreshing native plugins compatible for Editor in 0.17 ms, found 0 plugins.
Preloading 0 native plugins for Editor in 0.00 ms.
Unloading 1110 Unused Serialized files (Serialized files now loaded: 0)
System memory in use before: 60.4 MB.
System memory in use after: 60.5 MB.

Unloading 4 unused Assets to reduce memory usage. Loaded Objects now: 1570.
Total: 1.537900 ms (FindLiveObjects: 0.102900 ms CreateObjectMapping: 0.028200 ms MarkObjects: 1.393500 ms  DeleteObjects: 0.012300 ms)

========================================================================
Received Import Request.
  Time since last request: 22.526759 seconds.
  path: Assets/Scripts/Select/Select_Input_Controller.cs
  artifactKey: Guid(c64093a2fc83cbe41b00d1bc60ac5924) Importer(815301076,1909f56bfc062723c751e8b465ee728b)
Start importing Assets/Scripts/Select/Select_Input_Controller.cs using Guid(c64093a2fc83cbe41b00d1bc60ac5924) Importer(815301076,1909f56bfc062723c751e8b465ee728b)  -> (artifact id: '1731495003aa0799c0c496fcbe99b24f') in 0.007172 seconds
  Import took 0.009052 seconds .

========================================================================
Received Prepare
Registering precompiled user dll's ...
Registered in 0.000666 seconds.
Begin MonoManager ReloadAssembly
Native extension for WindowsStandalone target not found
Refreshing native plugins compatible for Editor in 0.17 ms, found 0 plugins.
Preloading 0 native plugins for Editor in 0.00 ms.
Invoked RoslynAnalysisRunner static constructor.
RoslynAnalysisRunner will not be running.
RoslynAnalysisRunner has terminated.
Mono: successfully reloaded assembly
- Completed reload, in  0.614 seconds
Platform modules already initialized, skipping
Refreshing native plugins compatible for Editor in 0.16 ms, found 0 plugins.
Preloading 0 native plugins for Editor in 0.00 ms.
Unloading 1111 Unused Serialized files (Serialized files now loaded: 0)
System memory in use before: 60.5 MB.
System memory in use after: 60.6 MB.

Unloading 4 unused Assets to reduce memory usage. Loaded Objects now: 1574.
Total: 1.649300 ms (FindLiveObjects: 0.266400 ms CreateObjectMapping: 0.066700 ms MarkObjects: 1.307100 ms  DeleteObjects: 0.008400 ms)

========================================================================
Received Prepare
Registering precompiled user dll's ...
Registered in 0.000563 seconds.
Begin MonoManager ReloadAssembly
Native extension for WindowsStandalone target not found
Refreshing native plugins compatible for Editor in 0.46 ms, found 0 plugins.
Preloading 0 native plugins for Editor in 0.00 ms.
Invoked RoslynAnalysisRunner static constructor.
RoslynAnalysisRunner will not be running.
RoslynAnalysisRunner has terminated.
Mono: successfully reloaded assembly
- Completed reload, in  0.588 seconds
Platform modules already initialized, skipping
Refreshing native plugins compatible for Editor in 0.17 ms, found 0 plugins.
Preloading 0 native plugins for Editor in 0.00 ms.
Unloading 1112 Unused Serialized files (Serialized files now loaded: 0)
System memory in use before: 60.5 MB.
System memory in use after: 60.6 MB.

Unloading 4 unused Assets to reduce memory usage. Loaded Objects now: 1578.
Total: 1.436500 ms (FindLiveObjects: 0.106600 ms CreateObjectMapping: 0.028600 ms MarkObjects: 1.288900 ms  DeleteObjects: 0.011400 ms)

========================================================================
Received Prepare
Registering precompiled user dll's ...
Registered in 0.000646 seconds.
Begin MonoManager ReloadAssembly
Native extension for WindowsStandalone target not found
Refreshing native plugins compatible for Editor in 0.17 ms, found 0 plugins.
Preloading 0 native plugins for Editor in 0.00 ms.
Invoked RoslynAnalysisRunner static constructor.
RoslynAnalysisRunner will not be running.
RoslynAnalysisRunner has terminated.
Mono: successfully reloaded assembly
- Completed reload, in  0.608 seconds
Platform modules already initialized, skipping
Refreshing native plugins compatible for Editor in 0.16 ms, found 0 plugins.
Preloading 0 native plugins for Editor in 0.00 ms.
Unloading 1112 Unused Serialized files (Serialized files now loaded: 0)
System memory in use before: 60.5 MB.
System memory in use after: 60.6 MB.

Unloading 4 unused Assets to reduce memory usage. Loaded Objects now: 1581.
Total: 2.020400 ms (FindLiveObjects: 0.435200 ms CreateObjectMapping: 0.083100 ms MarkObjects: 1.491300 ms  DeleteObjects: 0.010000 ms)

========================================================================
Received Import Request.
  Time since last request: 1011.631787 seconds.
  path: Assets/Scripts/Select/Select_Draw_Controller.cs
  artifactKey: Guid(8887a9a17c7929841a71fabe14574e8d) Importer(815301076,1909f56bfc062723c751e8b465ee728b)
Start importing Assets/Scripts/Select/Select_Draw_Controller.cs using Guid(8887a9a17c7929841a71fabe14574e8d) Importer(815301076,1909f56bfc062723c751e8b465ee728b)  -> (artifact id: '2addf0f0bc437b243cba9567798013d2') in 0.003412 seconds
  Import took 0.004954 seconds .

========================================================================
Received Import Request.
  Time since last request: 4.111423 seconds.
  path: Assets/Scripts/All/Player.cs
  artifactKey: Guid(f846b631d977f764b902ce4852220cc8) Importer(815301076,1909f56bfc062723c751e8b465ee728b)
Start importing Assets/Scripts/All/Player.cs using Guid(f846b631d977f764b902ce4852220cc8) Importer(815301076,1909f56bfc062723c751e8b465ee728b)  -> (artifact id: '864ee247762a3322d39d1d30397c65b6') in 0.005061 seconds
  Import took 0.006612 seconds .

========================================================================
Received Import Request.
  Time since last request: 0.196487 seconds.
  path: Assets/Scripts/All/Player.cs
  artifactKey: Guid(f846b631d977f764b902ce4852220cc8) Importer(815301076,1909f56bfc062723c751e8b465ee728b)
Start importing Assets/Scripts/All/Player.cs using Guid(f846b631d977f764b902ce4852220cc8) Importer(815301076,1909f56bfc062723c751e8b465ee728b)  -> (artifact id: '864ee247762a3322d39d1d30397c65b6') in 0.001930 seconds
  Import took 0.003642 seconds .

========================================================================
Received Prepare
Registering precompiled user dll's ...
Registered in 0.000538 seconds.
Begin MonoManager ReloadAssembly
Native extension for WindowsStandalone target not found
Refreshing native plugins compatible for Editor in 0.17 ms, found 0 plugins.
Preloading 0 native plugins for Editor in 0.00 ms.
Invoked RoslynAnalysisRunner static constructor.
RoslynAnalysisRunner will not be running.
RoslynAnalysisRunner has terminated.
Mono: successfully reloaded assembly
- Completed reload, in  0.645 seconds
Platform modules already initialized, skipping
Refreshing native plugins compatible for Editor in 0.17 ms, found 0 plugins.
Preloading 0 native plugins for Editor in 0.00 ms.
Unloading 1112 Unused Serialized files (Serialized files now loaded: 0)
System memory in use before: 60.5 MB.
System memory in use after: 60.6 MB.

Unloading 4 unused Assets to reduce memory usage. Loaded Objects now: 1584.
Total: 1.199300 ms (FindLiveObjects: 0.117600 ms CreateObjectMapping: 0.028700 ms MarkObjects: 1.042700 ms  DeleteObjects: 0.009700 ms)

========================================================================
Received Import Request.
  Time since last request: 1906.926065 seconds.
  path: Assets/Scripts/All/Player.cs
  artifactKey: Guid(f846b631d977f764b902ce4852220cc8) Importer(815301076,1909f56bfc062723c751e8b465ee728b)
Start importing Assets/Scripts/All/Player.cs using Guid(f846b631d977f764b902ce4852220cc8) Importer(815301076,1909f56bfc062723c751e8b465ee728b)  -> (artifact id: '9c3830651350f89910e6d2447774cd9c') in 0.003521 seconds
  Import took 0.004980 seconds .

========================================================================
Received Import Request.
  Time since last request: 21.554580 seconds.
  path: Assets/Scripts/Select/Select_Draw_Controller.cs
  artifactKey: Guid(8887a9a17c7929841a71fabe14574e8d) Importer(815301076,1909f56bfc062723c751e8b465ee728b)
Start importing Assets/Scripts/Select/Select_Draw_Controller.cs using Guid(8887a9a17c7929841a71fabe14574e8d) Importer(815301076,1909f56bfc062723c751e8b465ee728b)  -> (artifact id: '9ee720f22b34f13f6b4a65309734f2bc') in 0.002257 seconds
  Import took 0.003915 seconds .

========================================================================
Received Import Request.
  Time since last request: 0.002416 seconds.
  path: Assets/Scripts/Select/Select_Draw_Controller.cs
  artifactKey: Guid(8887a9a17c7929841a71fabe14574e8d) Importer(815301076,1909f56bfc062723c751e8b465ee728b)
Start importing Assets/Scripts/Select/Select_Draw_Controller.cs using Guid(8887a9a17c7929841a71fabe14574e8d) Importer(815301076,1909f56bfc062723c751e8b465ee728b)  -> (artifact id: '9ee720f22b34f13f6b4a65309734f2bc') in 0.002265 seconds
  Import took 0.004038 seconds .

========================================================================
Received Prepare
Registering precompiled user dll's ...
Registered in 0.000468 seconds.
Begin MonoManager ReloadAssembly
Native extension for WindowsStandalone target not found
Refreshing native plugins compatible for Editor in 0.17 ms, found 0 plugins.
Preloading 0 native plugins for Editor in 0.00 ms.
Invoked RoslynAnalysisRunner static constructor.
RoslynAnalysisRunner will not be running.
RoslynAnalysisRunner has terminated.
Mono: successfully reloaded assembly
- Completed reload, in  0.625 seconds
Platform modules already initialized, skipping
Refreshing native plugins compatible for Editor in 0.16 ms, found 0 plugins.
Preloading 0 native plugins for Editor in 0.00 ms.
Unloading 1112 Unused Serialized files (Serialized files now loaded: 0)
System memory in use before: 60.5 MB.
System memory in use after: 60.6 MB.

Unloading 4 unused Assets to reduce memory usage. Loaded Objects now: 1587.
Total: 1.611100 ms (FindLiveObjects: 0.174900 ms CreateObjectMapping: 0.047000 ms MarkObjects: 1.361400 ms  DeleteObjects: 0.026400 ms)

========================================================================
Received Prepare
Registering precompiled user dll's ...
Registered in 0.000597 seconds.
Begin MonoManager ReloadAssembly
Native extension for WindowsStandalone target not found
Refreshing native plugins compatible for Editor in 0.21 ms, found 0 plugins.
Preloading 0 native plugins for Editor in 0.00 ms.
Invoked RoslynAnalysisRunner static constructor.
RoslynAnalysisRunner will not be running.
RoslynAnalysisRunner has terminated.
Mono: successfully reloaded assembly
- Completed reload, in  0.689 seconds
Platform modules already initialized, skipping
Refreshing native plugins compatible for Editor in 0.20 ms, found 0 plugins.
Preloading 0 native plugins for Editor in 0.00 ms.
Unloading 1112 Unused Serialized files (Serialized files now loaded: 0)
System memory in use before: 60.5 MB.
System memory in use after: 60.6 MB.

Unloading 4 unused Assets to reduce memory usage. Loaded Objects now: 1590.
Total: 1.605500 ms (FindLiveObjects: 0.157400 ms CreateObjectMapping: 0.047300 ms MarkObjects: 1.384600 ms  DeleteObjects: 0.015200 ms)

========================================================================
Received Prepare
Registering precompiled user dll's ...
Registered in 0.000473 seconds.
Begin MonoManager ReloadAssembly
Native extension for WindowsStandalone target not found
Refreshing native plugins compatible for Editor in 0.17 ms, found 0 plugins.
Preloading 0 native plugins for Editor in 0.00 ms.
Invoked RoslynAnalysisRunner static constructor.
RoslynAnalysisRunner will not be running.
RoslynAnalysisRunner has terminated.
Mono: successfully reloaded assembly
- Completed reload, in  0.599 seconds
Platform modules already initialized, skipping
Refreshing native plugins compatible for Editor in 0.16 ms, found 0 plugins.
Preloading 0 native plugins for Editor in 0.00 ms.
Unloading 1112 Unused Serialized files (Serialized files now loaded: 0)
System memory in use before: 60.5 MB.
System memory in use after: 60.6 MB.

Unloading 4 unused Assets to reduce memory usage. Loaded Objects now: 1593.
Total: 1.986100 ms (FindLiveObjects: 0.201500 ms CreateObjectMapping: 0.041700 ms MarkObjects: 1.730200 ms  DeleteObjects: 0.011600 ms)

========================================================================
Received Prepare
Registering precompiled user dll's ...
Registered in 0.000447 seconds.
Begin MonoManager ReloadAssembly
Native extension for WindowsStandalone target not found
Refreshing native plugins compatible for Editor in 0.24 ms, found 0 plugins.
Preloading 0 native plugins for Editor in 0.00 ms.
Invoked RoslynAnalysisRunner static constructor.
RoslynAnalysisRunner will not be running.
RoslynAnalysisRunner has terminated.
Mono: successfully reloaded assembly
- Completed reload, in  0.592 seconds
Platform modules already initialized, skipping
Refreshing native plugins compatible for Editor in 0.18 ms, found 0 plugins.
Preloading 0 native plugins for Editor in 0.00 ms.
Unloading 1112 Unused Serialized files (Serialized files now loaded: 0)
System memory in use before: 60.5 MB.
System memory in use after: 60.6 MB.

Unloading 4 unused Assets to reduce memory usage. Loaded Objects now: 1596.
Total: 1.384700 ms (FindLiveObjects: 0.108900 ms CreateObjectMapping: 0.030900 ms MarkObjects: 1.234700 ms  DeleteObjects: 0.009500 ms)

========================================================================
Received Prepare
Registering precompiled user dll's ...
Registered in 0.000561 seconds.
Begin MonoManager ReloadAssembly
Native extension for WindowsStandalone target not found
Refreshing native plugins compatible for Editor in 0.17 ms, found 0 plugins.
Preloading 0 native plugins for Editor in 0.00 ms.
Invoked RoslynAnalysisRunner static constructor.
RoslynAnalysisRunner will not be running.
RoslynAnalysisRunner has terminated.
Mono: successfully reloaded assembly
- Completed reload, in  0.608 seconds
Platform modules already initialized, skipping
Refreshing native plugins compatible for Editor in 0.17 ms, found 0 plugins.
Preloading 0 native plugins for Editor in 0.00 ms.
Unloading 1112 Unused Serialized files (Serialized files now loaded: 0)
System memory in use before: 60.5 MB.
System memory in use after: 60.6 MB.

Unloading 4 unused Assets to reduce memory usage. Loaded Objects now: 1599.
Total: 1.271200 ms (FindLiveObjects: 0.111600 ms CreateObjectMapping: 0.028900 ms MarkObjects: 1.121000 ms  DeleteObjects: 0.009000 ms)

========================================================================
Received Prepare
Registering precompiled user dll's ...
Registered in 0.000433 seconds.
Begin MonoManager ReloadAssembly
Native extension for WindowsStandalone target not found
Refreshing native plugins compatible for Editor in 0.17 ms, found 0 plugins.
Preloading 0 native plugins for Editor in 0.00 ms.
Invoked RoslynAnalysisRunner static constructor.
RoslynAnalysisRunner will not be running.
RoslynAnalysisRunner has terminated.
Mono: successfully reloaded assembly
- Completed reload, in  0.600 seconds
Platform modules already initialized, skipping
Refreshing native plugins compatible for Editor in 0.18 ms, found 0 plugins.
Preloading 0 native plugins for Editor in 0.00 ms.
Unloading 1112 Unused Serialized files (Serialized files now loaded: 0)
System memory in use before: 60.6 MB.
System memory in use after: 60.7 MB.

Unloading 4 unused Assets to reduce memory usage. Loaded Objects now: 1602.
Total: 2.255800 ms (FindLiveObjects: 0.284700 ms CreateObjectMapping: 0.060800 ms MarkObjects: 1.899300 ms  DeleteObjects: 0.010000 ms)

========================================================================
Received Prepare
Registering precompiled user dll's ...
Registered in 0.000408 seconds.
Begin MonoManager ReloadAssembly
Native extension for WindowsStandalone target not found
Refreshing native plugins compatible for Editor in 0.33 ms, found 0 plugins.
Preloading 0 native plugins for Editor in 0.00 ms.
Invoked RoslynAnalysisRunner static constructor.
RoslynAnalysisRunner will not be running.
RoslynAnalysisRunner has terminated.
Mono: successfully reloaded assembly
- Completed reload, in  0.638 seconds
Platform modules already initialized, skipping
Refreshing native plugins compatible for Editor in 0.17 ms, found 0 plugins.
Preloading 0 native plugins for Editor in 0.00 ms.
Unloading 1112 Unused Serialized files (Serialized files now loaded: 0)
System memory in use before: 60.6 MB.
System memory in use after: 60.7 MB.

Unloading 4 unused Assets to reduce memory usage. Loaded Objects now: 1605.
Total: 1.553400 ms (FindLiveObjects: 0.137100 ms CreateObjectMapping: 0.030200 ms MarkObjects: 1.377000 ms  DeleteObjects: 0.008300 ms)

========================================================================
Received Prepare
Registering precompiled user dll's ...
Registered in 0.000412 seconds.
Begin MonoManager ReloadAssembly
Native extension for WindowsStandalone target not found
Refreshing native plugins compatible for Editor in 0.18 ms, found 0 plugins.
Preloading 0 native plugins for Editor in 0.00 ms.
Invoked RoslynAnalysisRunner static constructor.
RoslynAnalysisRunner will not be running.
RoslynAnalysisRunner has terminated.
Mono: successfully reloaded assembly
- Completed reload, in  0.644 seconds
Platform modules already initialized, skipping
Refreshing native plugins compatible for Editor in 0.17 ms, found 0 plugins.
Preloading 0 native plugins for Editor in 0.00 ms.
Unloading 1112 Unused Serialized files (Serialized files now loaded: 0)
System memory in use before: 60.6 MB.
System memory in use after: 60.7 MB.

Unloading 4 unused Assets to reduce memory usage. Loaded Objects now: 1608.
Total: 1.265500 ms (FindLiveObjects: 0.124900 ms CreateObjectMapping: 0.034700 ms MarkObjects: 1.095000 ms  DeleteObjects: 0.010200 ms)

========================================================================
Received Prepare
Registering precompiled user dll's ...
Registered in 0.000412 seconds.
Begin MonoManager ReloadAssembly
Native extension for WindowsStandalone target not found
Refreshing native plugins compatible for Editor in 0.18 ms, found 0 plugins.
Preloading 0 native plugins for Editor in 0.00 ms.
Invoked RoslynAnalysisRunner static constructor.
RoslynAnalysisRunner will not be running.
RoslynAnalysisRunner has terminated.
Mono: successfully reloaded assembly
- Completed reload, in  0.651 seconds
Platform modules already initialized, skipping
Refreshing native plugins compatible for Editor in 0.17 ms, found 0 plugins.
Preloading 0 native plugins for Editor in 0.00 ms.
Unloading 1112 Unused Serialized files (Serialized files now loaded: 0)
System memory in use before: 60.6 MB.
System memory in use after: 60.7 MB.

Unloading 4 unused Assets to reduce memory usage. Loaded Objects now: 1611.
Total: 1.286000 ms (FindLiveObjects: 0.134800 ms CreateObjectMapping: 0.031200 ms MarkObjects: 1.110200 ms  DeleteObjects: 0.009100 ms)

========================================================================
Received Prepare
Registering precompiled user dll's ...
Registered in 0.000449 seconds.
Begin MonoManager ReloadAssembly
Native extension for WindowsStandalone target not found
Refreshing native plugins compatible for Editor in 0.18 ms, found 0 plugins.
Preloading 0 native plugins for Editor in 0.00 ms.
Invoked RoslynAnalysisRunner static constructor.
RoslynAnalysisRunner will not be running.
RoslynAnalysisRunner has terminated.
Mono: successfully reloaded assembly
- Completed reload, in  0.647 seconds
Platform modules already initialized, skipping
Refreshing native plugins compatible for Editor in 0.17 ms, found 0 plugins.
Preloading 0 native plugins for Editor in 0.00 ms.
Unloading 1112 Unused Serialized files (Serialized files now loaded: 0)
System memory in use before: 60.6 MB.
System memory in use after: 60.7 MB.

Unloading 4 unused Assets to reduce memory usage. Loaded Objects now: 1614.
Total: 1.497600 ms (FindLiveObjects: 0.120800 ms CreateObjectMapping: 0.035100 ms MarkObjects: 1.330800 ms  DeleteObjects: 0.010200 ms)

========================================================================
Received Prepare
Registering precompiled user dll's ...
Registered in 0.000409 seconds.
Begin MonoManager ReloadAssembly
Native extension for WindowsStandalone target not found
Refreshing native plugins compatible for Editor in 0.17 ms, found 0 plugins.
Preloading 0 native plugins for Editor in 0.00 ms.
Invoked RoslynAnalysisRunner static constructor.
RoslynAnalysisRunner will not be running.
RoslynAnalysisRunner has terminated.
Mono: successfully reloaded assembly
- Completed reload, in  0.596 seconds
Platform modules already initialized, skipping
Refreshing native plugins compatible for Editor in 0.17 ms, found 0 plugins.
Preloading 0 native plugins for Editor in 0.00 ms.
Unloading 1112 Unused Serialized files (Serialized files now loaded: 0)
System memory in use before: 60.6 MB.
System memory in use after: 60.7 MB.

Unloading 4 unused Assets to reduce memory usage. Loaded Objects now: 1617.
Total: 1.373500 ms (FindLiveObjects: 0.156500 ms CreateObjectMapping: 0.030700 ms MarkObjects: 1.176500 ms  DeleteObjects: 0.009300 ms)

AssetImportWorkerClient::OnTransportError - code=2 error=End of file
