Using pre-set license
Built from '2020.3/release' branch; Version is '2020.3.2f1 (8fd9074bf66c) revision 9427207'; Using compiler version '192528614'; Build Type 'Release'
OS: 'Windows 10 Home; OS build 19042.928; Version 2009; 64bit' Language: 'ja' Physical Memory: 16207 MB
BatchMode: 1, IsHumanControllingUs: 0, StartBugReporterOnCrash: 0, Is64bit: 1, IsPro: 0

 COMMAND LINE ARGUMENTS:
C:\Program Files\Unity\Hub\Editor\2019.4.16f1\Editor\Unity.exe
-adb2
-batchMode
-noUpm
-name
AssetImportWorker0
-projectPath
C:/ゲーム制作サークル/2021年度/日本ゲーム大賞アマチュア部門/JGA_2021_バージョン管理/Morumotto_ Wheerun_Select
-logFile
Logs/AssetImportWorker0.log
-srvPort
62364
Successfully changed project path to: C:/ゲーム制作サークル/2021年度/日本ゲーム大賞アマチュア部門/JGA_2021_バージョン管理/Morumotto_ Wheerun_Select
C:/ゲーム制作サークル/2021年度/日本ゲーム大賞アマチュア部門/JGA_2021_バージョン管理/Morumotto_ Wheerun_Select
Using Asset Import Pipeline V2.
Refreshing native plugins compatible for Editor in 17.95 ms, found 0 plugins.
Preloading 0 native plugins for Editor in 0.00 ms.
Initialize engine version: 2020.3.2f1 (8fd9074bf66c)
[Subsystems] Discovering subsystems at path C:/Program Files/Unity/Hub/Editor/2019.4.16f1/Editor/Data/Resources/UnitySubsystems
[Subsystems] Discovering subsystems at path C:/ゲーム制作サークル/2021年度/日本ゲーム大賞アマチュア部門/JGA_2021_バージョン管理/Morumotto_ Wheerun_Select/Assets
GfxDevice: creating device client; threaded=0
Direct3D:
    Version:  Direct3D 11.0 [level 11.1]
    Renderer: NVIDIA GeForce GTX 1660 Ti (ID=0x2191)
    Vendor:   
    VRAM:     5991 MB
    Driver:   27.21.14.5774
Initialize mono
Mono path[0] = 'C:/Program Files/Unity/Hub/Editor/2019.4.16f1/Editor/Data/Managed'
Mono path[1] = 'C:/Program Files/Unity/Hub/Editor/2019.4.16f1/Editor/Data/MonoBleedingEdge/lib/mono/unityjit'
Mono config path = 'C:/Program Files/Unity/Hub/Editor/2019.4.16f1/Editor/Data/MonoBleedingEdge/etc'
Using monoOptions --debugger-agent=transport=dt_socket,embedding=1,server=y,suspend=n,address=127.0.0.1:56964
Begin MonoManager ReloadAssembly
Registering precompiled unity dll's ...
Register platform support module: C:/Program Files/Unity/Hub/Editor/2019.4.16f1/Editor/Data/PlaybackEngines/WindowsStandaloneSupport/UnityEditor.WindowsStandalone.Extensions.dll
Registered in 0.001386 seconds.
Native extension for WindowsStandalone target not found
Refreshing native plugins compatible for Editor in 17.59 ms, found 0 plugins.
Preloading 0 native plugins for Editor in 0.00 ms.
Invoked RoslynAnalysisRunner static constructor.
RoslynAnalysisRunner will not be running.
RoslynAnalysisRunner has terminated.
Mono: successfully reloaded assembly
- Completed reload, in  0.751 seconds
Platform modules already initialized, skipping
Registering precompiled user dll's ...
Registered in 0.000637 seconds.
Begin MonoManager ReloadAssembly
Native extension for WindowsStandalone target not found
Refreshing native plugins compatible for Editor in 0.17 ms, found 0 plugins.
Preloading 0 native plugins for Editor in 0.00 ms.
Invoked RoslynAnalysisRunner static constructor.
RoslynAnalysisRunner will not be running.
RoslynAnalysisRunner has terminated.
Mono: successfully reloaded assembly
- Completed reload, in  0.653 seconds
Platform modules already initialized, skipping
========================================================================
Worker process is ready to serve import requests
Launched and connected shader compiler UnityShaderCompiler.exe after 0.03 seconds
Refreshing native plugins compatible for Editor in 0.18 ms, found 0 plugins.
Preloading 0 native plugins for Editor in 0.00 ms.
Unloading 1115 Unused Serialized files (Serialized files now loaded: 0)
System memory in use before: 57.5 MB.
System memory in use after: 57.6 MB.

Unloading 10 unused Assets to reduce memory usage. Loaded Objects now: 1557.
Total: 1.709700 ms (FindLiveObjects: 0.104400 ms CreateObjectMapping: 0.031200 ms MarkObjects: 1.512700 ms  DeleteObjects: 0.060400 ms)

========================================================================
Received Import Request.
  path: Assets/Scenes/Select_Sence.unity
  artifactKey: Guid(6f5d7186cf3244f48b125147e3ef53d2) Importer(815301076,1909f56bfc062723c751e8b465ee728b)
Start importing Assets/Scenes/Select_Sence.unity using Guid(6f5d7186cf3244f48b125147e3ef53d2) Importer(815301076,1909f56bfc062723c751e8b465ee728b)  -> (artifact id: 'b1fbabc9425943466c89b90b075de973') in 0.012714 seconds
  Import took 0.014236 seconds .

========================================================================
Received Import Request.
  Time since last request: 3.977599 seconds.
  path: Assets/Scenes/SampleScene.unity
  artifactKey: Guid(9fc0d4010bbf28b4594072e72b8655ab) Importer(815301076,1909f56bfc062723c751e8b465ee728b)
Start importing Assets/Scenes/SampleScene.unity using Guid(9fc0d4010bbf28b4594072e72b8655ab) Importer(815301076,1909f56bfc062723c751e8b465ee728b)  -> (artifact id: '75076e30b8b84ebf5e20060e44b32f1e') in 0.005635 seconds
  Import took 0.007340 seconds .

========================================================================
Received Import Request.
  Time since last request: 12.337322 seconds.
  path: Assets
  artifactKey: Guid(00000000000000001000000000000000) Importer(815301076,1909f56bfc062723c751e8b465ee728b)
Start importing Assets using Guid(00000000000000001000000000000000) Importer(815301076,1909f56bfc062723c751e8b465ee728b)  -> (artifact id: '819a33a9bd799f71faca6db75e8a216c') in 0.005870 seconds
  Import took 0.007485 seconds .

========================================================================
Received Import Request.
  Time since last request: 5.963071 seconds.
  path: Assets/Scripts
  artifactKey: Guid(e38f5dbb2fa38af41a3b938d7a748682) Importer(815301076,1909f56bfc062723c751e8b465ee728b)
Start importing Assets/Scripts using Guid(e38f5dbb2fa38af41a3b938d7a748682) Importer(815301076,1909f56bfc062723c751e8b465ee728b)  -> (artifact id: '1a690002e00cdf697ffe9d868cf49e4d') in 0.006913 seconds
  Import took 0.008521 seconds .

========================================================================
Received Import Request.
  Time since last request: 19.191131 seconds.
  path: Assets/Sourds
  artifactKey: Guid(8875f5af7afc41545b7464541e380ac8) Importer(815301076,1909f56bfc062723c751e8b465ee728b)
Start importing Assets/Sourds using Guid(8875f5af7afc41545b7464541e380ac8) Importer(815301076,1909f56bfc062723c751e8b465ee728b)  -> (artifact id: '83243f4c19de20385c44ec9ce6a16344') in 0.005599 seconds
  Import took 0.007252 seconds .

========================================================================
Received Import Request.
  Time since last request: 6.757597 seconds.
  path: Assets/Textures
  artifactKey: Guid(0b06c07865544ae4088039a674d3719b) Importer(815301076,1909f56bfc062723c751e8b465ee728b)
Start importing Assets/Textures using Guid(0b06c07865544ae4088039a674d3719b) Importer(815301076,1909f56bfc062723c751e8b465ee728b)  -> (artifact id: 'f710335236289a0d32f3d284fc7bcd32') in 0.005673 seconds
  Import took 0.007223 seconds .

========================================================================
Received Import Request.
  Time since last request: 94.273177 seconds.
  path: Assets/Textures/eye_chaching.png
  artifactKey: Guid(8da98903eb8b95b438812234c3ed81ab) Importer(815301076,1909f56bfc062723c751e8b465ee728b)
Start importing Assets/Textures/eye_chaching.png using Guid(8da98903eb8b95b438812234c3ed81ab) Importer(815301076,1909f56bfc062723c751e8b465ee728b)  -> (artifact id: '3bc955406578adc589b0f03103097479') in 0.060891 seconds
  Import took 0.062680 seconds .

========================================================================
Received Import Request.
  Time since last request: 0.000120 seconds.
  path: Assets/Textures/select_stageclear.png
  artifactKey: Guid(dc524ddae26e5584eb5a374af5061c60) Importer(815301076,1909f56bfc062723c751e8b465ee728b)
Start importing Assets/Textures/select_stageclear.png using Guid(dc524ddae26e5584eb5a374af5061c60) Importer(815301076,1909f56bfc062723c751e8b465ee728b)  -> (artifact id: '290e284f508e92e1f922dda00f5ec62d') in 0.011494 seconds
  Import took 0.013028 seconds .

========================================================================
Received Import Request.
  Time since last request: 0.000139 seconds.
  path: Assets/Textures/select_scroll.png
  artifactKey: Guid(a971873cddebade4c8a78f98895461b1) Importer(815301076,1909f56bfc062723c751e8b465ee728b)
Start importing Assets/Textures/select_scroll.png using Guid(a971873cddebade4c8a78f98895461b1) Importer(815301076,1909f56bfc062723c751e8b465ee728b)  -> (artifact id: '918ab2698896f88632b5817e6f622067') in 0.009435 seconds
  Import took 0.011136 seconds .

========================================================================
Received Import Request.
  Time since last request: 0.000215 seconds.
  path: Assets/Textures/select_stage_image_3.png
  artifactKey: Guid(18c87cd8af2c441409e506893785865c) Importer(815301076,1909f56bfc062723c751e8b465ee728b)
Start importing Assets/Textures/select_stage_image_3.png using Guid(18c87cd8af2c441409e506893785865c) Importer(815301076,1909f56bfc062723c751e8b465ee728b)  -> (artifact id: 'b35017c77abdde80020c34783e2885e8') in 0.010730 seconds
  Import took 0.012534 seconds .

========================================================================
Received Import Request.
  Time since last request: 0.000263 seconds.
  path: Assets/Textures/select_background.png
  artifactKey: Guid(ac56d7d09374d964d8b6b99d387ee036) Importer(815301076,1909f56bfc062723c751e8b465ee728b)
Start importing Assets/Textures/select_background.png using Guid(ac56d7d09374d964d8b6b99d387ee036) Importer(815301076,1909f56bfc062723c751e8b465ee728b)  -> (artifact id: '8a2a5aab2ad14a6e85145c40064617b2') in 0.008445 seconds
  Import took 0.010014 seconds .

========================================================================
Received Import Request.
  Time since last request: 0.000133 seconds.
  path: Assets/Textures/select_stage_image_1.png
  artifactKey: Guid(e841a1bcc60052e4c8a32c4a20ad13b3) Importer(815301076,1909f56bfc062723c751e8b465ee728b)
Start importing Assets/Textures/select_stage_image_1.png using Guid(e841a1bcc60052e4c8a32c4a20ad13b3) Importer(815301076,1909f56bfc062723c751e8b465ee728b)  -> (artifact id: 'a2a33c98d610164b52a9d9c7c8bb789e') in 0.011811 seconds
  Import took 0.013229 seconds .

========================================================================
Received Import Request.
  Time since last request: 0.000151 seconds.
  path: Assets/Textures/select_stage_image_5.png
  artifactKey: Guid(d3111120217b1ce4ebce28c2eef2bc6a) Importer(815301076,1909f56bfc062723c751e8b465ee728b)
Start importing Assets/Textures/select_stage_image_5.png using Guid(d3111120217b1ce4ebce28c2eef2bc6a) Importer(815301076,1909f56bfc062723c751e8b465ee728b)  -> (artifact id: '9ccc28f315ee8171e06a6f9fb2894161') in 0.010821 seconds
  Import took 0.012211 seconds .

========================================================================
Received Import Request.
  Time since last request: 0.000150 seconds.
  path: Assets/Textures/select_stage_image_4.png
  artifactKey: Guid(ae6043e3d9a8acb41b36f407f701fc6e) Importer(815301076,1909f56bfc062723c751e8b465ee728b)
Start importing Assets/Textures/select_stage_image_4.png using Guid(ae6043e3d9a8acb41b36f407f701fc6e) Importer(815301076,1909f56bfc062723c751e8b465ee728b)  -> (artifact id: '8146a259a3bf72a927d8714b07601e6b') in 0.008628 seconds
  Import took 0.010101 seconds .

========================================================================
Received Import Request.
  Time since last request: 0.000127 seconds.
  path: Assets/Textures/select_stage_image_2.png
  artifactKey: Guid(8598c0a0cf8e3d448844eb0544f5dc81) Importer(815301076,1909f56bfc062723c751e8b465ee728b)
Start importing Assets/Textures/select_stage_image_2.png using Guid(8598c0a0cf8e3d448844eb0544f5dc81) Importer(815301076,1909f56bfc062723c751e8b465ee728b)  -> (artifact id: '7eea26bd9f2abff5cf6e8ac556df4179') in 0.008546 seconds
  Import took 0.009997 seconds .

========================================================================
Received Import Request.
  Time since last request: 15.616756 seconds.
  path: Assets/Textures/eye_chaching.png
  artifactKey: Guid(8da98903eb8b95b438812234c3ed81ab) Importer(815301076,1909f56bfc062723c751e8b465ee728b)
Start importing Assets/Textures/eye_chaching.png using Guid(8da98903eb8b95b438812234c3ed81ab) Importer(815301076,1909f56bfc062723c751e8b465ee728b)  -> (artifact id: '35864c0387c47c2588c47f0eb92b7492') in 0.046341 seconds
  Import took 0.047882 seconds .

========================================================================
Received Import Request.
  Time since last request: 9.953882 seconds.
  path: Assets/Textures/select_background.png
  artifactKey: Guid(ac56d7d09374d964d8b6b99d387ee036) Importer(815301076,1909f56bfc062723c751e8b465ee728b)
Start importing Assets/Textures/select_background.png using Guid(ac56d7d09374d964d8b6b99d387ee036) Importer(815301076,1909f56bfc062723c751e8b465ee728b)  -> (artifact id: '8525e46dd572bcba4d9dafc107db001d') in 0.017853 seconds
  Import took 0.019833 seconds .

========================================================================
Received Import Request.
  Time since last request: 6.368761 seconds.
  path: Assets/Textures/select_scroll.png
  artifactKey: Guid(a971873cddebade4c8a78f98895461b1) Importer(815301076,1909f56bfc062723c751e8b465ee728b)
Start importing Assets/Textures/select_scroll.png using Guid(a971873cddebade4c8a78f98895461b1) Importer(815301076,1909f56bfc062723c751e8b465ee728b)  -> (artifact id: 'ad3fd0d99f65e805ddb4332e045c862c') in 0.013526 seconds
  Import took 0.015436 seconds .

========================================================================
Received Import Request.
  Time since last request: 6.365926 seconds.
  path: Assets/Textures/select_stage_image_1.png
  artifactKey: Guid(e841a1bcc60052e4c8a32c4a20ad13b3) Importer(815301076,1909f56bfc062723c751e8b465ee728b)
Start importing Assets/Textures/select_stage_image_1.png using Guid(e841a1bcc60052e4c8a32c4a20ad13b3) Importer(815301076,1909f56bfc062723c751e8b465ee728b)  -> (artifact id: '530686ca730e7842dcbb0f3365b6ae20') in 0.018551 seconds
  Import took 0.020684 seconds .

========================================================================
Received Import Request.
  Time since last request: 9.087051 seconds.
  path: Assets/Textures/select_stage_image_2.png
  artifactKey: Guid(8598c0a0cf8e3d448844eb0544f5dc81) Importer(815301076,1909f56bfc062723c751e8b465ee728b)
Start importing Assets/Textures/select_stage_image_2.png using Guid(8598c0a0cf8e3d448844eb0544f5dc81) Importer(815301076,1909f56bfc062723c751e8b465ee728b)  -> (artifact id: '5062110326e5996cfce2dc74b587f1e7') in 0.014254 seconds
  Import took 0.016546 seconds .

========================================================================
Received Import Request.
  Time since last request: 6.419880 seconds.
  path: Assets/Textures/select_stage_image_3.png
  artifactKey: Guid(18c87cd8af2c441409e506893785865c) Importer(815301076,1909f56bfc062723c751e8b465ee728b)
Start importing Assets/Textures/select_stage_image_3.png using Guid(18c87cd8af2c441409e506893785865c) Importer(815301076,1909f56bfc062723c751e8b465ee728b)  -> (artifact id: '2ac00341cecfe542d96321079110c572') in 0.016670 seconds
  Import took 0.018270 seconds .

========================================================================
Received Import Request.
  Time since last request: 5.425335 seconds.
  path: Assets/Textures/select_stage_image_4.png
  artifactKey: Guid(ae6043e3d9a8acb41b36f407f701fc6e) Importer(815301076,1909f56bfc062723c751e8b465ee728b)
Start importing Assets/Textures/select_stage_image_4.png using Guid(ae6043e3d9a8acb41b36f407f701fc6e) Importer(815301076,1909f56bfc062723c751e8b465ee728b)  -> (artifact id: 'b2577ca1f4b5491ab51b589eb2063b89') in 0.012390 seconds
  Import took 0.014036 seconds .

========================================================================
Received Import Request.
  Time since last request: 4.375710 seconds.
  path: Assets/Textures/select_stage_image_5.png
  artifactKey: Guid(d3111120217b1ce4ebce28c2eef2bc6a) Importer(815301076,1909f56bfc062723c751e8b465ee728b)
Start importing Assets/Textures/select_stage_image_5.png using Guid(d3111120217b1ce4ebce28c2eef2bc6a) Importer(815301076,1909f56bfc062723c751e8b465ee728b)  -> (artifact id: 'a4e363adc3faf0611a0598a4dd82c75c') in 0.013524 seconds
  Import took 0.015160 seconds .

========================================================================
Received Import Request.
  Time since last request: 4.520241 seconds.
  path: Assets/Textures/select_stageclear.png
  artifactKey: Guid(dc524ddae26e5584eb5a374af5061c60) Importer(815301076,1909f56bfc062723c751e8b465ee728b)
Start importing Assets/Textures/select_stageclear.png using Guid(dc524ddae26e5584eb5a374af5061c60) Importer(815301076,1909f56bfc062723c751e8b465ee728b)  -> (artifact id: 'ddc58d9c565d395402717b1aa40c8a56') in 0.012818 seconds
  Import took 0.014722 seconds .

AssetImportWorkerClient::OnTransportError - code=2 error=End of file
