Using pre-set license
Built from '2020.3/release' branch; Version is '2020.3.2f1 (8fd9074bf66c) revision 9427207'; Using compiler version '192528614'; Build Type 'Release'
OS: 'Windows 10 Home; OS build 19041.928; Version 2004; 64bit' Language: 'ja' Physical Memory: 16306 MB
BatchMode: 1, IsHumanControllingUs: 0, StartBugReporterOnCrash: 0, Is64bit: 1, IsPro: 0

 COMMAND LINE ARGUMENTS:
C:\Program Files\Unity\Hub\Editor\2020.3.2f1\Editor\Unity.exe
-adb2
-batchMode
-noUpm
-name
AssetImportWorker0
-projectPath
C:/Users/kzpaqu/Documents/Japan_Game_Award_2021/Morumotto_Wheerun
-logFile
Logs/AssetImportWorker0.log
-srvPort
59151
Successfully changed project path to: C:/Users/kzpaqu/Documents/Japan_Game_Award_2021/Morumotto_Wheerun
C:/Users/kzpaqu/Documents/Japan_Game_Award_2021/Morumotto_Wheerun
Using Asset Import Pipeline V2.
Refreshing native plugins compatible for Editor in 22.34 ms, found 0 plugins.
Preloading 0 native plugins for Editor in 0.00 ms.
Initialize engine version: 2020.3.2f1 (8fd9074bf66c)
[Subsystems] Discovering subsystems at path C:/Program Files/Unity/Hub/Editor/2020.3.2f1/Editor/Data/Resources/UnitySubsystems
[Subsystems] Discovering subsystems at path C:/Users/kzpaqu/Documents/Japan_Game_Award_2021/Morumotto_Wheerun/Assets
GfxDevice: creating device client; threaded=0
Direct3D:
    Version:  Direct3D 11.0 [level 11.1]
    Renderer: NVIDIA GeForce GTX 1080 (ID=0x1b80)
    Vendor:   
    VRAM:     8079 MB
    Driver:   27.21.14.6192
Initialize mono
Mono path[0] = 'C:/Program Files/Unity/Hub/Editor/2020.3.2f1/Editor/Data/Managed'
Mono path[1] = 'C:/Program Files/Unity/Hub/Editor/2020.3.2f1/Editor/Data/MonoBleedingEdge/lib/mono/unityjit'
Mono config path = 'C:/Program Files/Unity/Hub/Editor/2020.3.2f1/Editor/Data/MonoBleedingEdge/etc'
Using monoOptions --debugger-agent=transport=dt_socket,embedding=1,server=y,suspend=n,address=127.0.0.1:56124
Begin MonoManager ReloadAssembly
Registering precompiled unity dll's ...
Register platform support module: C:/Program Files/Unity/Hub/Editor/2020.3.2f1/Editor/Data/PlaybackEngines/WindowsStandaloneSupport/UnityEditor.WindowsStandalone.Extensions.dll
Registered in 0.001842 seconds.
Native extension for WindowsStandalone target not found
Refreshing native plugins compatible for Editor in 19.01 ms, found 0 plugins.
Preloading 0 native plugins for Editor in 0.00 ms.
Invoked RoslynAnalysisRunner static constructor.
RoslynAnalysisRunner will not be running.
RoslynAnalysisRunner has terminated.
Mono: successfully reloaded assembly
- Completed reload, in  1.001 seconds
Platform modules already initialized, skipping
Registering precompiled user dll's ...
Registered in 0.000644 seconds.
Begin MonoManager ReloadAssembly
Native extension for WindowsStandalone target not found
Refreshing native plugins compatible for Editor in 0.17 ms, found 0 plugins.
Preloading 0 native plugins for Editor in 0.00 ms.
Invoked RoslynAnalysisRunner static constructor.
RoslynAnalysisRunner will not be running.
RoslynAnalysisRunner has terminated.
Mono: successfully reloaded assembly
- Completed reload, in  0.719 seconds
Platform modules already initialized, skipping
========================================================================
Worker process is ready to serve import requests
Launched and connected shader compiler UnityShaderCompiler.exe after 0.05 seconds
Refreshing native plugins compatible for Editor in 0.17 ms, found 0 plugins.
Preloading 0 native plugins for Editor in 0.00 ms.
Unloading 1115 Unused Serialized files (Serialized files now loaded: 0)
System memory in use before: 57.1 MB.
System memory in use after: 57.1 MB.

Unloading 10 unused Assets to reduce memory usage. Loaded Objects now: 1557.
Total: 1.571600 ms (FindLiveObjects: 0.113500 ms CreateObjectMapping: 0.031200 ms MarkObjects: 1.359000 ms  DeleteObjects: 0.067100 ms)

========================================================================
Received Import Request.
  path: Assets/Scenes
  artifactKey: Guid(23c5b46c591af6041bd859d49b6c720d) Importer(815301076,1909f56bfc062723c751e8b465ee728b)
Start importing Assets/Scenes using Guid(23c5b46c591af6041bd859d49b6c720d) Importer(815301076,1909f56bfc062723c751e8b465ee728b)  -> (artifact id: '4e4d8be78eabccca84684d7e10f379e3') in 0.003255 seconds
  Import took 0.004646 seconds .

========================================================================
Received Import Request.
  Time since last request: 0.000273 seconds.
  path: Assets/Scenes/SampleScene.unity
  artifactKey: Guid(9fc0d4010bbf28b4594072e72b8655ab) Importer(815301076,1909f56bfc062723c751e8b465ee728b)
Start importing Assets/Scenes/SampleScene.unity using Guid(9fc0d4010bbf28b4594072e72b8655ab) Importer(815301076,1909f56bfc062723c751e8b465ee728b)  -> (artifact id: '75076e30b8b84ebf5e20060e44b32f1e') in 0.008192 seconds
  Import took 0.009603 seconds .

========================================================================
Received Prepare
Registering precompiled user dll's ...
Registered in 0.000541 seconds.
Begin MonoManager ReloadAssembly
Native extension for WindowsStandalone target not found
Refreshing native plugins compatible for Editor in 0.18 ms, found 0 plugins.
Preloading 0 native plugins for Editor in 0.00 ms.
Invoked RoslynAnalysisRunner static constructor.
RoslynAnalysisRunner will not be running.
RoslynAnalysisRunner has terminated.
Mono: successfully reloaded assembly
- Completed reload, in  0.659 seconds
Platform modules already initialized, skipping
Refreshing native plugins compatible for Editor in 0.18 ms, found 0 plugins.
Preloading 0 native plugins for Editor in 0.00 ms.
Unloading 1116 Unused Serialized files (Serialized files now loaded: 0)
System memory in use before: 57.2 MB.
System memory in use after: 57.3 MB.

Unloading 5 unused Assets to reduce memory usage. Loaded Objects now: 1566.
Total: 1.432100 ms (FindLiveObjects: 0.111400 ms CreateObjectMapping: 0.025100 ms MarkObjects: 1.255900 ms  DeleteObjects: 0.039100 ms)

========================================================================
Received Import Request.
  Time since last request: 52.066459 seconds.
  path: Assets/Morumotto_ Wheerun_Title
  artifactKey: Guid(48e3121050ab0da47b046a2fcf515c3b) Importer(815301076,1909f56bfc062723c751e8b465ee728b)
Start importing Assets/Morumotto_ Wheerun_Title using Guid(48e3121050ab0da47b046a2fcf515c3b) Importer(815301076,1909f56bfc062723c751e8b465ee728b)  -> (artifact id: '4bc24c9f1f04cf14b7f53bb8e8eb3435') in 0.003068 seconds
  Import took 0.004565 seconds .

========================================================================
Received Import Request.
  Time since last request: 0.007138 seconds.
  path: Assets/Morumotto_ Wheerun_Title
  artifactKey: Guid(48e3121050ab0da47b046a2fcf515c3b) Importer(815301076,1909f56bfc062723c751e8b465ee728b)
Start importing Assets/Morumotto_ Wheerun_Title using Guid(48e3121050ab0da47b046a2fcf515c3b) Importer(815301076,1909f56bfc062723c751e8b465ee728b)  -> (artifact id: '4bc24c9f1f04cf14b7f53bb8e8eb3435') in 0.001545 seconds
  Import took 0.003178 seconds .

========================================================================
Received Import Request.
  Time since last request: 46.353741 seconds.
  path: Assets/Morumotto_ Wheerun_Title/Logs
  artifactKey: Guid(15adfd31a3126354796fe6f1d244d32a) Importer(815301076,1909f56bfc062723c751e8b465ee728b)
Start importing Assets/Morumotto_ Wheerun_Title/Logs using Guid(15adfd31a3126354796fe6f1d244d32a) Importer(815301076,1909f56bfc062723c751e8b465ee728b)  -> (artifact id: 'b3b6a316a0a6ab4569a05cdfccc67365') in 0.006317 seconds
  Import took 0.007843 seconds .

========================================================================
Received Import Request.
  Time since last request: 2.788798 seconds.
  path: Assets/Morumotto_ Wheerun_Title/Packages
  artifactKey: Guid(1ed73513f4b2dd544b1f8ac24a5cbbf0) Importer(815301076,1909f56bfc062723c751e8b465ee728b)
Start importing Assets/Morumotto_ Wheerun_Title/Packages using Guid(1ed73513f4b2dd544b1f8ac24a5cbbf0) Importer(815301076,1909f56bfc062723c751e8b465ee728b)  -> (artifact id: '3e86af04955c005510dde8986c9609b0') in 0.001587 seconds
  Import took 0.003169 seconds .

========================================================================
Received Import Request.
  Time since last request: 10.003275 seconds.
  path: Assets/Morumotto_ Wheerun_Title/Assets
  artifactKey: Guid(a711db18f139e4b4eb47f6411a932eb4) Importer(815301076,1909f56bfc062723c751e8b465ee728b)
Start importing Assets/Morumotto_ Wheerun_Title/Assets using Guid(a711db18f139e4b4eb47f6411a932eb4) Importer(815301076,1909f56bfc062723c751e8b465ee728b)  -> (artifact id: 'bef6f5550dba19cc87fb68a8112f52a8') in 0.001581 seconds
  Import took 0.003168 seconds .

========================================================================
Received Import Request.
  Time since last request: 0.000750 seconds.
  path: Assets/Morumotto_ Wheerun_Title/Assets
  artifactKey: Guid(a711db18f139e4b4eb47f6411a932eb4) Importer(815301076,1909f56bfc062723c751e8b465ee728b)
Start importing Assets/Morumotto_ Wheerun_Title/Assets using Guid(a711db18f139e4b4eb47f6411a932eb4) Importer(815301076,1909f56bfc062723c751e8b465ee728b)  -> (artifact id: 'bef6f5550dba19cc87fb68a8112f52a8') in 0.001395 seconds
  Import took 0.002759 seconds .

========================================================================
Received Import Request.
  Time since last request: 7.197297 seconds.
  path: Assets/Morumotto_ Wheerun_Title/Assets/Scenes
  artifactKey: Guid(edd6381ce12c2a64791c09e69e296038) Importer(815301076,1909f56bfc062723c751e8b465ee728b)
Start importing Assets/Morumotto_ Wheerun_Title/Assets/Scenes using Guid(edd6381ce12c2a64791c09e69e296038) Importer(815301076,1909f56bfc062723c751e8b465ee728b)  -> (artifact id: '1ede2f01a9ca5fff54b69cac6ffd7055') in 0.001453 seconds
  Import took 0.003127 seconds .

========================================================================
Received Import Request.
  Time since last request: 0.000471 seconds.
  path: Assets/Morumotto_ Wheerun_Title/Assets/Scenes
  artifactKey: Guid(edd6381ce12c2a64791c09e69e296038) Importer(815301076,1909f56bfc062723c751e8b465ee728b)
Start importing Assets/Morumotto_ Wheerun_Title/Assets/Scenes using Guid(edd6381ce12c2a64791c09e69e296038) Importer(815301076,1909f56bfc062723c751e8b465ee728b)  -> (artifact id: '1ede2f01a9ca5fff54b69cac6ffd7055') in 0.001447 seconds
  Import took 0.002808 seconds .

========================================================================
Received Import Request.
  Time since last request: 3.813675 seconds.
  path: Assets/Morumotto_ Wheerun_Title/Assets/Scenes/Title_Scene.unity
  artifactKey: Guid(195bce6ee72c8f943be7c33e3bc6e4e0) Importer(815301076,1909f56bfc062723c751e8b465ee728b)
Start importing Assets/Morumotto_ Wheerun_Title/Assets/Scenes/Title_Scene.unity using Guid(195bce6ee72c8f943be7c33e3bc6e4e0) Importer(815301076,1909f56bfc062723c751e8b465ee728b)  -> (artifact id: '1b3494b7b42eae7ce19648ac72751e67') in 0.006425 seconds
  Import took 0.008075 seconds .

========================================================================
Received Prepare
Registering precompiled user dll's ...
Registered in 0.000639 seconds.
Begin MonoManager ReloadAssembly
Native extension for WindowsStandalone target not found
Refreshing native plugins compatible for Editor in 0.18 ms, found 0 plugins.
Preloading 0 native plugins for Editor in 0.00 ms.
Invoked RoslynAnalysisRunner static constructor.
RoslynAnalysisRunner will not be running.
RoslynAnalysisRunner has terminated.
Mono: successfully reloaded assembly
- Completed reload, in  0.669 seconds
Platform modules already initialized, skipping
Refreshing native plugins compatible for Editor in 0.18 ms, found 0 plugins.
Preloading 0 native plugins for Editor in 0.00 ms.
Unloading 1116 Unused Serialized files (Serialized files now loaded: 0)
System memory in use before: 57.3 MB.
System memory in use after: 57.3 MB.

Unloading 5 unused Assets to reduce memory usage. Loaded Objects now: 1569.
Total: 1.364700 ms (FindLiveObjects: 0.114900 ms CreateObjectMapping: 0.028000 ms MarkObjects: 1.184700 ms  DeleteObjects: 0.036400 ms)

========================================================================
Received Prepare
Registering precompiled user dll's ...
Registered in 0.000616 seconds.
Begin MonoManager ReloadAssembly
Native extension for WindowsStandalone target not found
Refreshing native plugins compatible for Editor in 0.18 ms, found 0 plugins.
Preloading 0 native plugins for Editor in 0.00 ms.
Invoked RoslynAnalysisRunner static constructor.
RoslynAnalysisRunner will not be running.
RoslynAnalysisRunner has terminated.
Mono: successfully reloaded assembly
- Completed reload, in  0.670 seconds
Platform modules already initialized, skipping
Refreshing native plugins compatible for Editor in 0.18 ms, found 0 plugins.
Preloading 0 native plugins for Editor in 0.00 ms.
Unloading 1123 Unused Serialized files (Serialized files now loaded: 0)
System memory in use before: 57.5 MB.
System memory in use after: 57.5 MB.

Unloading 5 unused Assets to reduce memory usage. Loaded Objects now: 1579.
Total: 1.429500 ms (FindLiveObjects: 0.132800 ms CreateObjectMapping: 0.028800 ms MarkObjects: 1.218700 ms  DeleteObjects: 0.048100 ms)

========================================================================
Received Import Request.
  Time since last request: 374.737510 seconds.
  path: Assets/Morumotto_ Wheerun_Select/Packages
  artifactKey: Guid(a25f4c5d10e79c54e8cb219a82fbbed2) Importer(815301076,1909f56bfc062723c751e8b465ee728b)
Start importing Assets/Morumotto_ Wheerun_Select/Packages using Guid(a25f4c5d10e79c54e8cb219a82fbbed2) Importer(815301076,1909f56bfc062723c751e8b465ee728b)  -> (artifact id: '198c45a6cb442f2b8e77f2c5a56c3847') in 0.003232 seconds
  Import took 0.005010 seconds .

========================================================================
Received Import Request.
  Time since last request: 1.041212 seconds.
  path: Assets/Morumotto_ Wheerun_Select/Logs
  artifactKey: Guid(d7d05e53af2f32140b3afc369296afc9) Importer(815301076,1909f56bfc062723c751e8b465ee728b)
Start importing Assets/Morumotto_ Wheerun_Select/Logs using Guid(d7d05e53af2f32140b3afc369296afc9) Importer(815301076,1909f56bfc062723c751e8b465ee728b)  -> (artifact id: '4d620c8c11dba2d623b5c2d6aded1bcc') in 0.001407 seconds
  Import took 0.002939 seconds .

========================================================================
Received Import Request.
  Time since last request: 57.401842 seconds.
  path: Assets/Morumotto_ Wheerun_Title/Assets/Controller Tester/Scripts/DetectUnknownControllerMappings.cs
  artifactKey: Guid(6bcc0c1006e6c624496048f0326e055a) Importer(815301076,1909f56bfc062723c751e8b465ee728b)
Start importing Assets/Morumotto_ Wheerun_Title/Assets/Controller Tester/Scripts/DetectUnknownControllerMappings.cs using Guid(6bcc0c1006e6c624496048f0326e055a) Importer(815301076,1909f56bfc062723c751e8b465ee728b)  -> (artifact id: 'f708632e98772547c213fcec69f8d74d') in 0.031404 seconds
  Import took 0.033244 seconds .

========================================================================
Received Import Request.
  Time since last request: 0.002240 seconds.
  path: Assets/Morumotto_ Wheerun_Title/Assets/Controller Tester/Scripts/DetectUnknownControllerMappings.cs
  artifactKey: Guid(6bcc0c1006e6c624496048f0326e055a) Importer(815301076,1909f56bfc062723c751e8b465ee728b)
Start importing Assets/Morumotto_ Wheerun_Title/Assets/Controller Tester/Scripts/DetectUnknownControllerMappings.cs using Guid(6bcc0c1006e6c624496048f0326e055a) Importer(815301076,1909f56bfc062723c751e8b465ee728b)  -> (artifact id: 'f708632e98772547c213fcec69f8d74d') in 0.001389 seconds
  Import took 0.002849 seconds .

========================================================================
Received Import Request.
  Time since last request: 132.006600 seconds.
  path: Assets/Morumotto_ Wheerun_Select/Assets/Controller Tester/Scripts/DetectUnknownControllerMappings.cs
  artifactKey: Guid(6431e84a65414ed4a8ee7877254e21a6) Importer(815301076,1909f56bfc062723c751e8b465ee728b)
Start importing Assets/Morumotto_ Wheerun_Select/Assets/Controller Tester/Scripts/DetectUnknownControllerMappings.cs using Guid(6431e84a65414ed4a8ee7877254e21a6) Importer(815301076,1909f56bfc062723c751e8b465ee728b)  -> (artifact id: '477116b40f4b0d8b9766b033faf5dfb2') in 0.001650 seconds
  Import took 0.003142 seconds .

========================================================================
Received Import Request.
  Time since last request: 0.004283 seconds.
  path: Assets/Morumotto_ Wheerun_Select/Assets/Controller Tester/Scripts/DetectUnknownControllerMappings.cs
  artifactKey: Guid(6431e84a65414ed4a8ee7877254e21a6) Importer(815301076,1909f56bfc062723c751e8b465ee728b)
Start importing Assets/Morumotto_ Wheerun_Select/Assets/Controller Tester/Scripts/DetectUnknownControllerMappings.cs using Guid(6431e84a65414ed4a8ee7877254e21a6) Importer(815301076,1909f56bfc062723c751e8b465ee728b)  -> (artifact id: '477116b40f4b0d8b9766b033faf5dfb2') in 0.001521 seconds
  Import took 0.002928 seconds .

========================================================================
Received Import Request.
  Time since last request: 13.991660 seconds.
  path: Assets/Morumotto_ Wheerun_Select/Assets/Scripts/All/Player.cs
  artifactKey: Guid(f846b631d977f764b902ce4852220cc8) Importer(815301076,1909f56bfc062723c751e8b465ee728b)
Start importing Assets/Morumotto_ Wheerun_Select/Assets/Scripts/All/Player.cs using Guid(f846b631d977f764b902ce4852220cc8) Importer(815301076,1909f56bfc062723c751e8b465ee728b)  -> (artifact id: '60a370ee18f6ca8693cb688f3069dff0') in 0.001603 seconds
  Import took 0.003087 seconds .

========================================================================
Received Import Request.
  Time since last request: 0.004040 seconds.
  path: Assets/Morumotto_ Wheerun_Select/Assets/Scripts/All/Player.cs
  artifactKey: Guid(f846b631d977f764b902ce4852220cc8) Importer(815301076,1909f56bfc062723c751e8b465ee728b)
Start importing Assets/Morumotto_ Wheerun_Select/Assets/Scripts/All/Player.cs using Guid(f846b631d977f764b902ce4852220cc8) Importer(815301076,1909f56bfc062723c751e8b465ee728b)  -> (artifact id: '60a370ee18f6ca8693cb688f3069dff0') in 0.001514 seconds
  Import took 0.002950 seconds .

========================================================================
Received Import Request.
  Time since last request: 3.857549 seconds.
  path: Assets/Morumotto_ Wheerun_Title/Assets/Scripts/All/Player.cs
  artifactKey: Guid(846815045343b81419eab62740768c43) Importer(815301076,1909f56bfc062723c751e8b465ee728b)
Start importing Assets/Morumotto_ Wheerun_Title/Assets/Scripts/All/Player.cs using Guid(846815045343b81419eab62740768c43) Importer(815301076,1909f56bfc062723c751e8b465ee728b)  -> (artifact id: 'b7e14720bcdf3d260afafd1607eea632') in 0.001602 seconds
  Import took 0.003244 seconds .

========================================================================
Received Import Request.
  Time since last request: 48.435023 seconds.
  path: Assets/Morumotto_ Wheerun_Select/Assets/Controller Tester/Scripts/Editor/TestGamepadEditor.cs
  artifactKey: Guid(986f8f60b7bc90544b2b9585e64bfdd4) Importer(815301076,1909f56bfc062723c751e8b465ee728b)
Start importing Assets/Morumotto_ Wheerun_Select/Assets/Controller Tester/Scripts/Editor/TestGamepadEditor.cs using Guid(986f8f60b7bc90544b2b9585e64bfdd4) Importer(815301076,1909f56bfc062723c751e8b465ee728b)  -> (artifact id: 'c0c128b310043b88d515e4d13155d3e2') in 0.002384 seconds
  Import took 0.009088 seconds .

========================================================================
Received Prepare
Registering precompiled user dll's ...
Registered in 0.000608 seconds.
Begin MonoManager ReloadAssembly
Native extension for WindowsStandalone target not found
Refreshing native plugins compatible for Editor in 0.18 ms, found 0 plugins.
Preloading 0 native plugins for Editor in 0.00 ms.
Invoked RoslynAnalysisRunner static constructor.
RoslynAnalysisRunner will not be running.
RoslynAnalysisRunner has terminated.
Mono: successfully reloaded assembly
- Completed reload, in  0.671 seconds
Platform modules already initialized, skipping
Refreshing native plugins compatible for Editor in 0.21 ms, found 0 plugins.
Preloading 0 native plugins for Editor in 0.00 ms.
Unloading 1120 Unused Serialized files (Serialized files now loaded: 0)
System memory in use before: 57.4 MB.
System memory in use after: 57.5 MB.

Unloading 7 unused Assets to reduce memory usage. Loaded Objects now: 1580.
Total: 1.758300 ms (FindLiveObjects: 0.225600 ms CreateObjectMapping: 0.067000 ms MarkObjects: 1.410600 ms  DeleteObjects: 0.053400 ms)

========================================================================
Received Prepare
Registering precompiled user dll's ...
Registered in 0.000627 seconds.
Begin MonoManager ReloadAssembly
Native extension for WindowsStandalone target not found
Refreshing native plugins compatible for Editor in 0.18 ms, found 0 plugins.
Preloading 0 native plugins for Editor in 0.00 ms.
Invoked RoslynAnalysisRunner static constructor.
RoslynAnalysisRunner will not be running.
RoslynAnalysisRunner has terminated.
Mono: successfully reloaded assembly
- Completed reload, in  0.657 seconds
Platform modules already initialized, skipping
Refreshing native plugins compatible for Editor in 0.33 ms, found 0 plugins.
Preloading 0 native plugins for Editor in 0.00 ms.
Unloading 1120 Unused Serialized files (Serialized files now loaded: 0)
System memory in use before: 57.4 MB.
System memory in use after: 57.5 MB.

Unloading 5 unused Assets to reduce memory usage. Loaded Objects now: 1583.
Total: 1.613700 ms (FindLiveObjects: 0.109800 ms CreateObjectMapping: 0.031500 ms MarkObjects: 1.428600 ms  DeleteObjects: 0.042900 ms)

========================================================================
Received Import Request.
  Time since last request: 190.414525 seconds.
  path: Assets/Morumotto_ Wheerun_Title/Assets/Scenes/Title_Scene.unity
  artifactKey: Guid(195bce6ee72c8f943be7c33e3bc6e4e0) Importer(815301076,1909f56bfc062723c751e8b465ee728b)
Start importing Assets/Morumotto_ Wheerun_Title/Assets/Scenes/Title_Scene.unity using Guid(195bce6ee72c8f943be7c33e3bc6e4e0) Importer(815301076,1909f56bfc062723c751e8b465ee728b)  -> (artifact id: '746ba19f48fdbc7a1481043c4a78b766') in 0.008673 seconds
  Import took 0.010293 seconds .

========================================================================
Received Import Request.
  Time since last request: 8.040985 seconds.
  path: Assets/Morumotto_ Wheerun_Select/Assets/Scenes/Select_Sence.unity
  artifactKey: Guid(6f5d7186cf3244f48b125147e3ef53d2) Importer(815301076,1909f56bfc062723c751e8b465ee728b)
Start importing Assets/Morumotto_ Wheerun_Select/Assets/Scenes/Select_Sence.unity using Guid(6f5d7186cf3244f48b125147e3ef53d2) Importer(815301076,1909f56bfc062723c751e8b465ee728b)  -> (artifact id: 'bcaa9404fbeda8b46f3245dea865b6e5') in 0.001942 seconds
  Import took 0.003493 seconds .

========================================================================
Received Prepare
Registering precompiled user dll's ...
Registered in 0.000713 seconds.
Begin MonoManager ReloadAssembly
Native extension for WindowsStandalone target not found
Refreshing native plugins compatible for Editor in 0.21 ms, found 0 plugins.
Preloading 0 native plugins for Editor in 0.00 ms.
Invoked RoslynAnalysisRunner static constructor.
RoslynAnalysisRunner will not be running.
RoslynAnalysisRunner has terminated.
Mono: successfully reloaded assembly
- Completed reload, in  0.666 seconds
Platform modules already initialized, skipping
Refreshing native plugins compatible for Editor in 0.17 ms, found 0 plugins.
Preloading 0 native plugins for Editor in 0.00 ms.
Unloading 1120 Unused Serialized files (Serialized files now loaded: 0)
System memory in use before: 57.4 MB.
System memory in use after: 57.5 MB.

Unloading 5 unused Assets to reduce memory usage. Loaded Objects now: 1586.
Total: 1.357300 ms (FindLiveObjects: 0.123200 ms CreateObjectMapping: 0.030700 ms MarkObjects: 1.157900 ms  DeleteObjects: 0.044600 ms)

========================================================================
Received Import Request.
  Time since last request: 270.874067 seconds.
  path: Assets/main_scene
  artifactKey: Guid(1faa243aec3472947bae902e60b1291e) Importer(815301076,1909f56bfc062723c751e8b465ee728b)
Start importing Assets/main_scene using Guid(1faa243aec3472947bae902e60b1291e) Importer(815301076,1909f56bfc062723c751e8b465ee728b)  -> (artifact id: '74832fc8f07a85269aed916255601644') in 0.004365 seconds
  Import took 0.006476 seconds .

========================================================================
Received Import Request.
  Time since last request: 1.891688 seconds.
  path: Assets/main_scene/CalamariTape
  artifactKey: Guid(47de4cb87b5f28041a6f0cbc0ca2e85e) Importer(815301076,1909f56bfc062723c751e8b465ee728b)
Start importing Assets/main_scene/CalamariTape using Guid(47de4cb87b5f28041a6f0cbc0ca2e85e) Importer(815301076,1909f56bfc062723c751e8b465ee728b)  -> (artifact id: '1b71992c24c362cf60db3289ba1cfa02') in 0.001689 seconds
  Import took 0.003269 seconds .

========================================================================
Received Import Request.
  Time since last request: 11.021718 seconds.
  path: Assets/main_scene/CalamariTape/Library
  artifactKey: Guid(b000eac8855f58e4e9378660f7c69a60) Importer(815301076,1909f56bfc062723c751e8b465ee728b)
Start importing Assets/main_scene/CalamariTape/Library using Guid(b000eac8855f58e4e9378660f7c69a60) Importer(815301076,1909f56bfc062723c751e8b465ee728b)  -> (artifact id: '055266eb7da293fb0085f0297d6c110f') in 0.001768 seconds
  Import took 0.003323 seconds .

========================================================================
Received Import Request.
  Time since last request: 2.802329 seconds.
  path: Assets/main_scene/CalamariTape/Logs
  artifactKey: Guid(b3165e7b382fc2c4ba74ccfe07258309) Importer(815301076,1909f56bfc062723c751e8b465ee728b)
Start importing Assets/main_scene/CalamariTape/Logs using Guid(b3165e7b382fc2c4ba74ccfe07258309) Importer(815301076,1909f56bfc062723c751e8b465ee728b)  -> (artifact id: '16eff28a8831f6e911be3657eeb7ee88') in 0.001701 seconds
  Import took 0.003362 seconds .

========================================================================
Received Import Request.
  Time since last request: 0.540557 seconds.
  path: Assets/main_scene/CalamariTape/Packages
  artifactKey: Guid(36460c66d07f38b499bb161668a79ac6) Importer(815301076,1909f56bfc062723c751e8b465ee728b)
Start importing Assets/main_scene/CalamariTape/Packages using Guid(36460c66d07f38b499bb161668a79ac6) Importer(815301076,1909f56bfc062723c751e8b465ee728b)  -> (artifact id: '15c6da171329cacf151bef3ace9320dd') in 0.001587 seconds
  Import took 0.003170 seconds .

========================================================================
Received Import Request.
  Time since last request: 0.056509 seconds.
  path: Assets/main_scene/CalamariTape/UserSettings
  artifactKey: Guid(18698ec962c5fc647b8f777882eef6c1) Importer(815301076,1909f56bfc062723c751e8b465ee728b)
Start importing Assets/main_scene/CalamariTape/UserSettings using Guid(18698ec962c5fc647b8f777882eef6c1) Importer(815301076,1909f56bfc062723c751e8b465ee728b)  -> (artifact id: '22e6a3f4f7e24f591a9c979925d80c4a') in 0.001833 seconds
  Import took 0.003604 seconds .

========================================================================
Received Import Request.
  Time since last request: 0.001223 seconds.
  path: Assets/main_scene/CalamariTape/UserSettings
  artifactKey: Guid(18698ec962c5fc647b8f777882eef6c1) Importer(815301076,1909f56bfc062723c751e8b465ee728b)
Start importing Assets/main_scene/CalamariTape/UserSettings using Guid(18698ec962c5fc647b8f777882eef6c1) Importer(815301076,1909f56bfc062723c751e8b465ee728b)  -> (artifact id: '22e6a3f4f7e24f591a9c979925d80c4a') in 0.002126 seconds
  Import took 0.003721 seconds .

========================================================================
Received Import Request.
  Time since last request: 1.642143 seconds.
  path: Assets/main_scene/CalamariTape/obj
  artifactKey: Guid(865001d74fa38cd44bfddfb4352c4942) Importer(815301076,1909f56bfc062723c751e8b465ee728b)
Start importing Assets/main_scene/CalamariTape/obj using Guid(865001d74fa38cd44bfddfb4352c4942) Importer(815301076,1909f56bfc062723c751e8b465ee728b)  -> (artifact id: 'edc7d0fb35a40c2cea15d2f1b152aa96') in 0.001833 seconds
  Import took 0.003502 seconds .

========================================================================
Received Prepare
Registering precompiled user dll's ...
Registered in 0.000664 seconds.
Begin MonoManager ReloadAssembly
Native extension for WindowsStandalone target not found
Refreshing native plugins compatible for Editor in 0.28 ms, found 0 plugins.
Preloading 0 native plugins for Editor in 0.00 ms.
[ScriptCompilation] NOT recompiling all scripts because this is an import worker process. Reason to compile was: Define symbols changed
Invoked RoslynAnalysisRunner static constructor.
RoslynAnalysisRunner will not be running.
RoslynAnalysisRunner has terminated.
Mono: successfully reloaded assembly
- Completed reload, in  0.729 seconds
Platform modules already initialized, skipping
Refreshing native plugins compatible for Editor in 0.27 ms, found 0 plugins.
Preloading 0 native plugins for Editor in 0.00 ms.
Unloading 1273 Unused Serialized files (Serialized files now loaded: 0)
System memory in use before: 70.0 MB.
System memory in use after: 65.7 MB.

Unloading 26 unused Assets to reduce memory usage. Loaded Objects now: 1726.
Total: 4.097100 ms (FindLiveObjects: 0.141300 ms CreateObjectMapping: 0.038100 ms MarkObjects: 1.716900 ms  DeleteObjects: 2.199600 ms)

========================================================================
Received Import Request.
  Time since last request: 84.506285 seconds.
  path: Assets/main_scene/CalamariTape/Assets
  artifactKey: Guid(b8e6f9d3866377c448994176cd1cd9eb) Importer(815301076,1909f56bfc062723c751e8b465ee728b)
Start importing Assets/main_scene/CalamariTape/Assets using Guid(b8e6f9d3866377c448994176cd1cd9eb) Importer(815301076,1909f56bfc062723c751e8b465ee728b)  -> (artifact id: 'ff1bc81c7cb659fcd1b1731fe4f2ce7d') in 0.003290 seconds
  Import took 0.005052 seconds .

========================================================================
Received Import Request.
  Time since last request: 0.006805 seconds.
  path: Assets/main_scene/CalamariTape/Assets
  artifactKey: Guid(b8e6f9d3866377c448994176cd1cd9eb) Importer(815301076,1909f56bfc062723c751e8b465ee728b)
Start importing Assets/main_scene/CalamariTape/Assets using Guid(b8e6f9d3866377c448994176cd1cd9eb) Importer(815301076,1909f56bfc062723c751e8b465ee728b)  -> (artifact id: 'ff1bc81c7cb659fcd1b1731fe4f2ce7d') in 0.001494 seconds
  Import took 0.003215 seconds .

========================================================================
Received Import Request.
  Time since last request: 3.916974 seconds.
  path: Assets/main_scene/CalamariTape/Assets/Scenes
  artifactKey: Guid(86020f0da3e54754099044253cc6241f) Importer(815301076,1909f56bfc062723c751e8b465ee728b)
Start importing Assets/main_scene/CalamariTape/Assets/Scenes using Guid(86020f0da3e54754099044253cc6241f) Importer(815301076,1909f56bfc062723c751e8b465ee728b)  -> (artifact id: '60fc4ac261ec5623811ae6f4d1647364') in 0.001499 seconds
  Import took 0.003293 seconds .

========================================================================
Received Import Request.
  Time since last request: 0.001013 seconds.
  path: Assets/main_scene/CalamariTape/Assets/Scenes
  artifactKey: Guid(86020f0da3e54754099044253cc6241f) Importer(815301076,1909f56bfc062723c751e8b465ee728b)
Start importing Assets/main_scene/CalamariTape/Assets/Scenes using Guid(86020f0da3e54754099044253cc6241f) Importer(815301076,1909f56bfc062723c751e8b465ee728b)  -> (artifact id: '60fc4ac261ec5623811ae6f4d1647364') in 0.001530 seconds
  Import took 0.003361 seconds .

========================================================================
Received Prepare
Refreshing native plugins compatible for Editor in 0.80 ms, found 0 plugins.
Preloading 0 native plugins for Editor in 0.00 ms.
Unloading 24 Unused Serialized files (Serialized files now loaded: 0)
System memory in use before: 45.2 MB.
System memory in use after: 40.9 MB.

Unloading 24 unused Assets to reduce memory usage. Loaded Objects now: 1726.
Total: 3.984100 ms (FindLiveObjects: 0.141100 ms CreateObjectMapping: 0.033900 ms MarkObjects: 1.600300 ms  DeleteObjects: 2.208000 ms)

========================================================================
Received Import Request.
  Time since last request: 374.404733 seconds.
  path: Assets/Morumotto_ Wheerun_Title/Assets/Scenes/Title_Scene.unity
  artifactKey: Guid(195bce6ee72c8f943be7c33e3bc6e4e0) Importer(815301076,1909f56bfc062723c751e8b465ee728b)
Start importing Assets/Morumotto_ Wheerun_Title/Assets/Scenes/Title_Scene.unity using Guid(195bce6ee72c8f943be7c33e3bc6e4e0) Importer(815301076,1909f56bfc062723c751e8b465ee728b)  -> (artifact id: 'e0509997f7ba2565a3391a7a019016d1') in 0.008554 seconds
  Import took 0.010685 seconds .

========================================================================
Received Import Request.
  Time since last request: 9.060034 seconds.
  path: Assets/Morumotto_ Wheerun_Select/Assets/Scenes/Select_Sence.unity
  artifactKey: Guid(6f5d7186cf3244f48b125147e3ef53d2) Importer(815301076,1909f56bfc062723c751e8b465ee728b)
Start importing Assets/Morumotto_ Wheerun_Select/Assets/Scenes/Select_Sence.unity using Guid(6f5d7186cf3244f48b125147e3ef53d2) Importer(815301076,1909f56bfc062723c751e8b465ee728b)  -> (artifact id: '13b27d0e1e37d0803a8c523b8f6670b5') in 0.001759 seconds
  Import took 0.003468 seconds .

========================================================================
Received Import Request.
  Time since last request: 0.001254 seconds.
  path: Assets/Morumotto_ Wheerun_Select/Assets/Scenes/Select_Sence.unity
  artifactKey: Guid(6f5d7186cf3244f48b125147e3ef53d2) Importer(815301076,1909f56bfc062723c751e8b465ee728b)
Start importing Assets/Morumotto_ Wheerun_Select/Assets/Scenes/Select_Sence.unity using Guid(6f5d7186cf3244f48b125147e3ef53d2) Importer(815301076,1909f56bfc062723c751e8b465ee728b)  -> (artifact id: '13b27d0e1e37d0803a8c523b8f6670b5') in 0.001684 seconds
  Import took 0.003417 seconds .

AssetImportWorkerClient::OnTransportError - code=2 error=End of file
