Using pre-set license
Built from '2020.3/release' branch; Version is '2020.3.2f1 (8fd9074bf66c) revision 9427207'; Using compiler version '192528614'; Build Type 'Release'
OS: 'Windows 10 Home; OS build 19042.867; Version 2009; 64bit' Language: 'ja' Physical Memory: 16207 MB
BatchMode: 1, IsHumanControllingUs: 0, StartBugReporterOnCrash: 0, Is64bit: 1, IsPro: 0

 COMMAND LINE ARGUMENTS:
C:\Program Files\Unity\Hub\Editor\2019.4.16f1\Editor\Unity.exe
-adb2
-batchMode
-noUpm
-name
AssetImportWorker0
-projectPath
C:/ゲーム制作サークル/2021年度/日本ゲーム大賞アマチュア部門/JGA_2021_バージョン管理/Morumotto_ Wheerun_Title
-logFile
Logs/AssetImportWorker0.log
-srvPort
50139
Successfully changed project path to: C:/ゲーム制作サークル/2021年度/日本ゲーム大賞アマチュア部門/JGA_2021_バージョン管理/Morumotto_ Wheerun_Title
C:/ゲーム制作サークル/2021年度/日本ゲーム大賞アマチュア部門/JGA_2021_バージョン管理/Morumotto_ Wheerun_Title
Using Asset Import Pipeline V2.
Refreshing native plugins compatible for Editor in 18.81 ms, found 0 plugins.
Preloading 0 native plugins for Editor in 0.00 ms.
Initialize engine version: 2020.3.2f1 (8fd9074bf66c)
[Subsystems] Discovering subsystems at path C:/Program Files/Unity/Hub/Editor/2019.4.16f1/Editor/Data/Resources/UnitySubsystems
[Subsystems] Discovering subsystems at path C:/ゲーム制作サークル/2021年度/日本ゲーム大賞アマチュア部門/JGA_2021_バージョン管理/Morumotto_ Wheerun_Title/Assets
GfxDevice: creating device client; threaded=0
Direct3D:
    Version:  Direct3D 11.0 [level 11.1]
    Renderer: NVIDIA GeForce GTX 1660 Ti (ID=0x2191)
    Vendor:   
    VRAM:     5991 MB
    Driver:   27.21.14.5774
Initialize mono
Mono path[0] = 'C:/Program Files/Unity/Hub/Editor/2019.4.16f1/Editor/Data/Managed'
Mono path[1] = 'C:/Program Files/Unity/Hub/Editor/2019.4.16f1/Editor/Data/MonoBleedingEdge/lib/mono/unityjit'
Mono config path = 'C:/Program Files/Unity/Hub/Editor/2019.4.16f1/Editor/Data/MonoBleedingEdge/etc'
Using monoOptions --debugger-agent=transport=dt_socket,embedding=1,server=y,suspend=n,address=127.0.0.1:56764
Begin MonoManager ReloadAssembly
Registering precompiled unity dll's ...
Register platform support module: C:/Program Files/Unity/Hub/Editor/2019.4.16f1/Editor/Data/PlaybackEngines/WindowsStandaloneSupport/UnityEditor.WindowsStandalone.Extensions.dll
Registered in 0.001612 seconds.
Native extension for WindowsStandalone target not found
Refreshing native plugins compatible for Editor in 19.03 ms, found 0 plugins.
Preloading 0 native plugins for Editor in 0.00 ms.
Invoked RoslynAnalysisRunner static constructor.
RoslynAnalysisRunner will not be running.
RoslynAnalysisRunner has terminated.
Mono: successfully reloaded assembly
- Completed reload, in  0.792 seconds
Platform modules already initialized, skipping
Registering precompiled user dll's ...
Registered in 0.000491 seconds.
Begin MonoManager ReloadAssembly
Native extension for WindowsStandalone target not found
Refreshing native plugins compatible for Editor in 0.33 ms, found 0 plugins.
Preloading 0 native plugins for Editor in 0.00 ms.
Invoked RoslynAnalysisRunner static constructor.
RoslynAnalysisRunner will not be running.
RoslynAnalysisRunner has terminated.
Mono: successfully reloaded assembly
- Completed reload, in  0.653 seconds
Platform modules already initialized, skipping
========================================================================
Worker process is ready to serve import requests
Launched and connected shader compiler UnityShaderCompiler.exe after 0.03 seconds
Refreshing native plugins compatible for Editor in 0.28 ms, found 0 plugins.
Preloading 0 native plugins for Editor in 0.00 ms.
Unloading 1115 Unused Serialized files (Serialized files now loaded: 0)
System memory in use before: 57.6 MB.
System memory in use after: 57.6 MB.

Unloading 10 unused Assets to reduce memory usage. Loaded Objects now: 1557.
Total: 2.781400 ms (FindLiveObjects: 0.345700 ms CreateObjectMapping: 0.129800 ms MarkObjects: 2.220400 ms  DeleteObjects: 0.084300 ms)

========================================================================
Received Import Request.
  path: Assets/Scenes
  artifactKey: Guid(edd6381ce12c2a64791c09e69e296038) Importer(815301076,1909f56bfc062723c751e8b465ee728b)
Start importing Assets/Scenes using Guid(edd6381ce12c2a64791c09e69e296038) Importer(815301076,1909f56bfc062723c751e8b465ee728b)  -> (artifact id: '8b04e8319cc2fec061796764977703c6') in 0.006268 seconds
  Import took 0.007787 seconds .

========================================================================
Received Prepare
Refreshing native plugins compatible for Editor in 0.67 ms, found 0 plugins.
Preloading 0 native plugins for Editor in 0.00 ms.
Unloading 3 Unused Serialized files (Serialized files now loaded: 0)
System memory in use before: 34.9 MB.
System memory in use after: 34.9 MB.

Unloading 3 unused Assets to reduce memory usage. Loaded Objects now: 1557.
Total: 1.403100 ms (FindLiveObjects: 0.145800 ms CreateObjectMapping: 0.042400 ms MarkObjects: 1.179100 ms  DeleteObjects: 0.035000 ms)

========================================================================
Received Import Request.
  Time since last request: 16.891495 seconds.
  path: Assets/Scenes/Title_Scene.unity
  artifactKey: Guid(195bce6ee72c8f943be7c33e3bc6e4e0) Importer(815301076,1909f56bfc062723c751e8b465ee728b)
Start importing Assets/Scenes/Title_Scene.unity using Guid(195bce6ee72c8f943be7c33e3bc6e4e0) Importer(815301076,1909f56bfc062723c751e8b465ee728b)  -> (artifact id: 'a8aa7851444c3ed27e3c39d2bdc64db6') in 0.011910 seconds
  Import took 0.013463 seconds .

========================================================================
Received Import Request.
  Time since last request: 1.276104 seconds.
  path: Assets/Scenes/SampleScene.unity
  artifactKey: Guid(9fc0d4010bbf28b4594072e72b8655ab) Importer(815301076,1909f56bfc062723c751e8b465ee728b)
Start importing Assets/Scenes/SampleScene.unity using Guid(9fc0d4010bbf28b4594072e72b8655ab) Importer(815301076,1909f56bfc062723c751e8b465ee728b)  -> (artifact id: '75076e30b8b84ebf5e20060e44b32f1e') in 0.005890 seconds
  Import took 0.007669 seconds .

========================================================================
Received Import Request.
  Time since last request: 6.694163 seconds.
  path: Assets/Scenes/SampleScene.unity
  artifactKey: Guid(9fc0d4010bbf28b4594072e72b8655ab) Importer(815301076,1909f56bfc062723c751e8b465ee728b)
Start importing Assets/Scenes/SampleScene.unity using Guid(9fc0d4010bbf28b4594072e72b8655ab) Importer(815301076,1909f56bfc062723c751e8b465ee728b)  -> (artifact id: '0455ff04fb3923d1d0a635d0ba3776be') in 0.002858 seconds
  Import took 0.004329 seconds .

========================================================================
Received Prepare
Registering precompiled user dll's ...
Registered in 0.000420 seconds.
Begin MonoManager ReloadAssembly
Native extension for WindowsStandalone target not found
Refreshing native plugins compatible for Editor in 0.18 ms, found 0 plugins.
Preloading 0 native plugins for Editor in 0.00 ms.
Invoked RoslynAnalysisRunner static constructor.
RoslynAnalysisRunner will not be running.
RoslynAnalysisRunner has terminated.
Mono: successfully reloaded assembly
- Completed reload, in  0.608 seconds
Platform modules already initialized, skipping
Refreshing native plugins compatible for Editor in 0.17 ms, found 0 plugins.
Preloading 0 native plugins for Editor in 0.00 ms.
Unloading 1110 Unused Serialized files (Serialized files now loaded: 0)
System memory in use before: 57.5 MB.
System memory in use after: 57.6 MB.

Unloading 5 unused Assets to reduce memory usage. Loaded Objects now: 1560.
Total: 1.732500 ms (FindLiveObjects: 0.152700 ms CreateObjectMapping: 0.034200 ms MarkObjects: 1.454700 ms  DeleteObjects: 0.076200 ms)

========================================================================
Received Import Request.
  Time since last request: 32.561571 seconds.
  path: Assets
  artifactKey: Guid(00000000000000001000000000000000) Importer(815301076,1909f56bfc062723c751e8b465ee728b)
Start importing Assets using Guid(00000000000000001000000000000000) Importer(815301076,1909f56bfc062723c751e8b465ee728b)  -> (artifact id: '819a33a9bd799f71faca6db75e8a216c') in 0.006393 seconds
  Import took 0.007896 seconds .

========================================================================
Received Import Request.
  Time since last request: 0.003914 seconds.
  path: Assets
  artifactKey: Guid(00000000000000001000000000000000) Importer(815301076,1909f56bfc062723c751e8b465ee728b)
Start importing Assets using Guid(00000000000000001000000000000000) Importer(815301076,1909f56bfc062723c751e8b465ee728b)  -> (artifact id: '819a33a9bd799f71faca6db75e8a216c') in 0.002057 seconds
  Import took 0.003669 seconds .

========================================================================
Received Import Request.
  Time since last request: 7.374699 seconds.
  path: Assets/Texture
  artifactKey: Guid(3ed54fcdc495eed42acddc82dac5ac60) Importer(815301076,1909f56bfc062723c751e8b465ee728b)
Start importing Assets/Texture using Guid(3ed54fcdc495eed42acddc82dac5ac60) Importer(815301076,1909f56bfc062723c751e8b465ee728b)  -> (artifact id: 'c8ae605027c4ed9ff21b222006191d0c') in 0.006773 seconds
  Import took 0.008830 seconds .

========================================================================
Received Import Request.
  Time since last request: 32.714082 seconds.
  path: Assets/Scripts
  artifactKey: Guid(7ae9dd699ee68d944a72670f2c314f55) Importer(815301076,1909f56bfc062723c751e8b465ee728b)
Start importing Assets/Scripts using Guid(7ae9dd699ee68d944a72670f2c314f55) Importer(815301076,1909f56bfc062723c751e8b465ee728b)  -> (artifact id: 'aba4dc002fbd5933a1972af71fcf22b0') in 0.007242 seconds
  Import took 0.008945 seconds .

========================================================================
Received Import Request.
  Time since last request: 5.025813 seconds.
  path: Assets/Textures
  artifactKey: Guid(3ed54fcdc495eed42acddc82dac5ac60) Importer(815301076,1909f56bfc062723c751e8b465ee728b)
Start importing Assets/Textures using Guid(3ed54fcdc495eed42acddc82dac5ac60) Importer(815301076,1909f56bfc062723c751e8b465ee728b)  -> (artifact id: '934e9a1a73ddd8ecdb408520593f18c9') in 0.005943 seconds
  Import took 0.008346 seconds .

========================================================================
Received Import Request.
  Time since last request: 134.098467 seconds.
  path: Assets/Textures/data_delete_check_logo.png
  artifactKey: Guid(70cd66327ce26344ebb747e63003bfe6) Importer(815301076,1909f56bfc062723c751e8b465ee728b)
Start importing Assets/Textures/data_delete_check_logo.png using Guid(70cd66327ce26344ebb747e63003bfe6) Importer(815301076,1909f56bfc062723c751e8b465ee728b)  -> (artifact id: 'a28e12ab1c0c2bb8f63bc78e8fae54f8') in 0.062984 seconds
  Import took 0.064900 seconds .

========================================================================
Received Import Request.
  Time since last request: 0.000169 seconds.
  path: Assets/Textures/no_logo.png
  artifactKey: Guid(9b9763b8c84e9c841b2339690e823fe0) Importer(815301076,1909f56bfc062723c751e8b465ee728b)
Start importing Assets/Textures/no_logo.png using Guid(9b9763b8c84e9c841b2339690e823fe0) Importer(815301076,1909f56bfc062723c751e8b465ee728b)  -> (artifact id: '569e6d72575035216ca75ee7edcf8222') in 0.008036 seconds
  Import took 0.009448 seconds .

========================================================================
Received Import Request.
  Time since last request: 0.000126 seconds.
  path: Assets/Textures/eye_chaching.png
  artifactKey: Guid(15c57e4c5fbd0ba459fc9cc183424134) Importer(815301076,1909f56bfc062723c751e8b465ee728b)
Start importing Assets/Textures/eye_chaching.png using Guid(15c57e4c5fbd0ba459fc9cc183424134) Importer(815301076,1909f56bfc062723c751e8b465ee728b)  -> (artifact id: '64b3030ebf94d003d953422c5279a8a9') in 0.008597 seconds
  Import took 0.010119 seconds .

========================================================================
Received Import Request.
  Time since last request: 0.000132 seconds.
  path: Assets/Textures/game_start_logo.png
  artifactKey: Guid(5a633cb73e0e8ce49ac36c14165681d9) Importer(815301076,1909f56bfc062723c751e8b465ee728b)
Start importing Assets/Textures/game_start_logo.png using Guid(5a633cb73e0e8ce49ac36c14165681d9) Importer(815301076,1909f56bfc062723c751e8b465ee728b)  -> (artifact id: '0a5aae4f3596cc73c773aecfa4db96ce') in 0.011180 seconds
  Import took 0.012744 seconds .

========================================================================
Received Import Request.
  Time since last request: 0.000140 seconds.
  path: Assets/Textures/data_delete_complete_logo.png
  artifactKey: Guid(66cea134681133a47ac5449385a78dfb) Importer(815301076,1909f56bfc062723c751e8b465ee728b)
Start importing Assets/Textures/data_delete_complete_logo.png using Guid(66cea134681133a47ac5449385a78dfb) Importer(815301076,1909f56bfc062723c751e8b465ee728b)  -> (artifact id: '91148655f7e99b606304c55de2ba3dce') in 0.008893 seconds
  Import took 0.010483 seconds .

========================================================================
Received Import Request.
  Time since last request: 0.000199 seconds.
  path: Assets/Textures/push_game_start_logo.png
  artifactKey: Guid(089aef99fdac49748a7ca96add20aa96) Importer(815301076,1909f56bfc062723c751e8b465ee728b)
Start importing Assets/Textures/push_game_start_logo.png using Guid(089aef99fdac49748a7ca96add20aa96) Importer(815301076,1909f56bfc062723c751e8b465ee728b)  -> (artifact id: '9f1cdfdd0d5b528a889f263529526b4c') in 0.009302 seconds
  Import took 0.011252 seconds .

========================================================================
Received Import Request.
  Time since last request: 0.000167 seconds.
  path: Assets/Textures/game_end_logo.png
  artifactKey: Guid(1ac75b4917918cd4585be8b726a53558) Importer(815301076,1909f56bfc062723c751e8b465ee728b)
Start importing Assets/Textures/game_end_logo.png using Guid(1ac75b4917918cd4585be8b726a53558) Importer(815301076,1909f56bfc062723c751e8b465ee728b)  -> (artifact id: 'c68e806cc65a74c452e70ce20b02b1d1') in 0.011112 seconds
  Import took 0.012607 seconds .

========================================================================
Received Import Request.
  Time since last request: 0.000127 seconds.
  path: Assets/Textures/fade_in.png
  artifactKey: Guid(13fde95046a7c1f469922d2394724414) Importer(815301076,1909f56bfc062723c751e8b465ee728b)
Start importing Assets/Textures/fade_in.png using Guid(13fde95046a7c1f469922d2394724414) Importer(815301076,1909f56bfc062723c751e8b465ee728b)  -> (artifact id: 'e850534c3e14d47a98be2e7496f1c4b6') in 0.008934 seconds
  Import took 0.011098 seconds .

========================================================================
Received Import Request.
  Time since last request: 0.000184 seconds.
  path: Assets/Textures/title_logo.png
  artifactKey: Guid(fd7f9a2a2f1cf2740802184b1d402ddf) Importer(815301076,1909f56bfc062723c751e8b465ee728b)
Start importing Assets/Textures/title_logo.png using Guid(fd7f9a2a2f1cf2740802184b1d402ddf) Importer(815301076,1909f56bfc062723c751e8b465ee728b)  -> (artifact id: '0f3b353f9f0df0bb5b5799b08db5ae2b') in 0.008434 seconds
  Import took 0.010135 seconds .

========================================================================
Received Import Request.
  Time since last request: 0.000208 seconds.
  path: Assets/Textures/title_background.png
  artifactKey: Guid(292c8651dc2904040843a50bc8e7fd4c) Importer(815301076,1909f56bfc062723c751e8b465ee728b)
Start importing Assets/Textures/title_background.png using Guid(292c8651dc2904040843a50bc8e7fd4c) Importer(815301076,1909f56bfc062723c751e8b465ee728b)  -> (artifact id: '48d9b264d18a14af5681dfe45ba6336a') in 0.015185 seconds
  Import took 0.016690 seconds .

========================================================================
Received Import Request.
  Time since last request: 0.000120 seconds.
  path: Assets/Textures/game_end_check_logo.png
  artifactKey: Guid(6a602cff0a7bc444a9e202c5c750f967) Importer(815301076,1909f56bfc062723c751e8b465ee728b)
Start importing Assets/Textures/game_end_check_logo.png using Guid(6a602cff0a7bc444a9e202c5c750f967) Importer(815301076,1909f56bfc062723c751e8b465ee728b)  -> (artifact id: '583fa539003ad375b8286f277968fa99') in 0.009074 seconds
  Import took 0.010537 seconds .

========================================================================
Received Import Request.
  Time since last request: 0.000127 seconds.
  path: Assets/Textures/data_delete_logo.png
  artifactKey: Guid(ca2294ee7f340424d8bf37378f66527e) Importer(815301076,1909f56bfc062723c751e8b465ee728b)
Start importing Assets/Textures/data_delete_logo.png using Guid(ca2294ee7f340424d8bf37378f66527e) Importer(815301076,1909f56bfc062723c751e8b465ee728b)  -> (artifact id: 'c3efe81ff0728283634672bf0cb7f555') in 0.007309 seconds
  Import took 0.008779 seconds .

========================================================================
Received Import Request.
  Time since last request: 0.000141 seconds.
  path: Assets/Textures/yes_logo.png
  artifactKey: Guid(2a262e4bd0ee3604884753df280761d1) Importer(815301076,1909f56bfc062723c751e8b465ee728b)
Start importing Assets/Textures/yes_logo.png using Guid(2a262e4bd0ee3604884753df280761d1) Importer(815301076,1909f56bfc062723c751e8b465ee728b)  -> (artifact id: 'eeb582f4b120490ced8fb3604c804401') in 0.008004 seconds
  Import took 0.009837 seconds .

========================================================================
Received Import Request.
  Time since last request: 0.000263 seconds.
  path: Assets/Textures/game_end_check_logo.png
  artifactKey: Guid(6a602cff0a7bc444a9e202c5c750f967) Importer(815301076,1909f56bfc062723c751e8b465ee728b)
Start importing Assets/Textures/game_end_check_logo.png using Guid(6a602cff0a7bc444a9e202c5c750f967) Importer(815301076,1909f56bfc062723c751e8b465ee728b)  -> (artifact id: '583fa539003ad375b8286f277968fa99') in 0.003967 seconds
  Import took 0.005439 seconds .

========================================================================
Received Import Request.
  Time since last request: 0.001425 seconds.
  path: Assets/Textures/yes_logo.png
  artifactKey: Guid(2a262e4bd0ee3604884753df280761d1) Importer(815301076,1909f56bfc062723c751e8b465ee728b)
Start importing Assets/Textures/yes_logo.png using Guid(2a262e4bd0ee3604884753df280761d1) Importer(815301076,1909f56bfc062723c751e8b465ee728b)  -> (artifact id: 'eeb582f4b120490ced8fb3604c804401') in 0.004977 seconds
  Import took 0.007142 seconds .

========================================================================
Received Import Request.
  Time since last request: 56.079538 seconds.
  path: Assets/Textures/title_background.png
  artifactKey: Guid(292c8651dc2904040843a50bc8e7fd4c) Importer(815301076,1909f56bfc062723c751e8b465ee728b)
Start importing Assets/Textures/title_background.png using Guid(292c8651dc2904040843a50bc8e7fd4c) Importer(815301076,1909f56bfc062723c751e8b465ee728b)  -> (artifact id: 'ca496e3bc902a959d38238059c1770d1') in 0.067578 seconds
  Import took 0.069255 seconds .

========================================================================
Received Prepare
Registering precompiled user dll's ...
Registered in 0.000396 seconds.
Begin MonoManager ReloadAssembly
Native extension for WindowsStandalone target not found
Refreshing native plugins compatible for Editor in 0.17 ms, found 0 plugins.
Preloading 0 native plugins for Editor in 0.00 ms.
Invoked RoslynAnalysisRunner static constructor.
RoslynAnalysisRunner will not be running.
RoslynAnalysisRunner has terminated.
Mono: successfully reloaded assembly
- Completed reload, in  0.600 seconds
Platform modules already initialized, skipping
Refreshing native plugins compatible for Editor in 0.17 ms, found 0 plugins.
Preloading 0 native plugins for Editor in 0.00 ms.
Unloading 1110 Unused Serialized files (Serialized files now loaded: 0)
System memory in use before: 60.6 MB.
System memory in use after: 60.7 MB.

Unloading 5 unused Assets to reduce memory usage. Loaded Objects now: 1573.
Total: 1.516000 ms (FindLiveObjects: 0.188200 ms CreateObjectMapping: 0.027200 ms MarkObjects: 1.264900 ms  DeleteObjects: 0.035000 ms)

AssetImportWorkerClient::OnTransportError - code=2 error=End of file
