Using pre-set license
Built from '2020.3/release' branch; Version is '2020.3.2f1 (8fd9074bf66c) revision 9427207'; Using compiler version '192528614'; Build Type 'Release'
OS: 'Windows 10 Home; OS build 19043.1110; Version 2009; 64bit' Language: 'ja' Physical Memory: 16306 MB
BatchMode: 1, IsHumanControllingUs: 0, StartBugReporterOnCrash: 0, Is64bit: 1, IsPro: 0

 COMMAND LINE ARGUMENTS:
C:\Program Files\Unity\Hub\Editor\2020.3.2f1\Editor\Unity.exe
-adb2
-batchMode
-noUpm
-name
AssetImportWorker0
-projectPath
C:/Users/kzpaqu/Documents/Japan_Game_Award_2021/main_scene/CalamariTape
-logFile
Logs/AssetImportWorker0.log
-srvPort
51214
Successfully changed project path to: C:/Users/kzpaqu/Documents/Japan_Game_Award_2021/main_scene/CalamariTape
C:/Users/kzpaqu/Documents/Japan_Game_Award_2021/main_scene/CalamariTape
Using Asset Import Pipeline V2.
Refreshing native plugins compatible for Editor in 30.59 ms, found 0 plugins.
Preloading 0 native plugins for Editor in 0.00 ms.
Initialize engine version: 2020.3.2f1 (8fd9074bf66c)
[Subsystems] Discovering subsystems at path C:/Program Files/Unity/Hub/Editor/2020.3.2f1/Editor/Data/Resources/UnitySubsystems
[Subsystems] Discovering subsystems at path C:/Users/kzpaqu/Documents/Japan_Game_Award_2021/main_scene/CalamariTape/Assets
GfxDevice: creating device client; threaded=0
Direct3D:
    Version:  Direct3D 11.0 [level 11.1]
    Renderer: NVIDIA GeForce GTX 1080 (ID=0x1b80)
    Vendor:   
    VRAM:     8079 MB
    Driver:   30.0.14.7111
Initialize mono
Mono path[0] = 'C:/Program Files/Unity/Hub/Editor/2020.3.2f1/Editor/Data/Managed'
Mono path[1] = 'C:/Program Files/Unity/Hub/Editor/2020.3.2f1/Editor/Data/MonoBleedingEdge/lib/mono/unityjit'
Mono config path = 'C:/Program Files/Unity/Hub/Editor/2020.3.2f1/Editor/Data/MonoBleedingEdge/etc'
Using monoOptions --debugger-agent=transport=dt_socket,embedding=1,server=y,suspend=n,address=127.0.0.1:56244
Begin MonoManager ReloadAssembly
Registering precompiled unity dll's ...
Register platform support module: C:/Program Files/Unity/Hub/Editor/2020.3.2f1/Editor/Data/PlaybackEngines/WindowsStandaloneSupport/UnityEditor.WindowsStandalone.Extensions.dll
Registered in 0.001855 seconds.
Native extension for WindowsStandalone target not found
Refreshing native plugins compatible for Editor in 30.85 ms, found 0 plugins.
Preloading 0 native plugins for Editor in 0.00 ms.
Invoked RoslynAnalysisRunner static constructor.
RoslynAnalysisRunner will not be running.
RoslynAnalysisRunner has terminated.
Mono: successfully reloaded assembly
- Completed reload, in  1.056 seconds
Platform modules already initialized, skipping
Registering precompiled user dll's ...
Registered in 0.000779 seconds.
Begin MonoManager ReloadAssembly
Native extension for WindowsStandalone target not found
Refreshing native plugins compatible for Editor in 0.31 ms, found 0 plugins.
Preloading 0 native plugins for Editor in 0.00 ms.
Invoked RoslynAnalysisRunner static constructor.
RoslynAnalysisRunner will not be running.
RoslynAnalysisRunner has terminated.
Mono: successfully reloaded assembly
- Completed reload, in  0.771 seconds
Platform modules already initialized, skipping
========================================================================
Worker process is ready to serve import requests
Launched and connected shader compiler UnityShaderCompiler.exe after 0.05 seconds
Refreshing native plugins compatible for Editor in 0.33 ms, found 0 plugins.
Preloading 0 native plugins for Editor in 0.00 ms.
Unloading 1462 Unused Serialized files (Serialized files now loaded: 0)
System memory in use before: 77.3 MB.
System memory in use after: 77.0 MB.

Unloading 12 unused Assets to reduce memory usage. Loaded Objects now: 1912.
Total: 1.877100 ms (FindLiveObjects: 0.141100 ms CreateObjectMapping: 0.042400 ms MarkObjects: 1.412100 ms  DeleteObjects: 0.280700 ms)

========================================================================
Received Import Request.
  path: Assets/Scripts/VisualizeDebugMode.cs
  artifactKey: Guid(786988e2f719af54e99e64eb7519ef9c) Importer(815301076,1909f56bfc062723c751e8b465ee728b)
Start importing Assets/Scripts/VisualizeDebugMode.cs using Guid(786988e2f719af54e99e64eb7519ef9c) Importer(815301076,1909f56bfc062723c751e8b465ee728b)  -> (artifact id: 'a2ed59a4706ce35dfd4c6ab1f07c8060') in 0.029689 seconds
  Import took 0.032799 seconds .

========================================================================
Received Prepare
Registering precompiled user dll's ...
Registered in 0.000757 seconds.
Begin MonoManager ReloadAssembly
Native extension for WindowsStandalone target not found
Refreshing native plugins compatible for Editor in 0.32 ms, found 0 plugins.
Preloading 0 native plugins for Editor in 0.00 ms.
Invoked RoslynAnalysisRunner static constructor.
RoslynAnalysisRunner will not be running.
RoslynAnalysisRunner has terminated.
Mono: successfully reloaded assembly
- Completed reload, in  0.718 seconds
Platform modules already initialized, skipping
Refreshing native plugins compatible for Editor in 0.32 ms, found 0 plugins.
Preloading 0 native plugins for Editor in 0.00 ms.
Unloading 1435 Unused Serialized files (Serialized files now loaded: 0)
System memory in use before: 75.1 MB.
System memory in use after: 74.9 MB.

Unloading 7 unused Assets to reduce memory usage. Loaded Objects now: 1915.
Total: 2.065700 ms (FindLiveObjects: 0.154500 ms CreateObjectMapping: 0.045500 ms MarkObjects: 1.567200 ms  DeleteObjects: 0.297300 ms)

========================================================================
Received Import Request.
  Time since last request: 280.111160 seconds.
  path: Assets/Scripts/VisualizeDebugMode.cs
  artifactKey: Guid(786988e2f719af54e99e64eb7519ef9c) Importer(815301076,1909f56bfc062723c751e8b465ee728b)
Start importing Assets/Scripts/VisualizeDebugMode.cs using Guid(786988e2f719af54e99e64eb7519ef9c) Importer(815301076,1909f56bfc062723c751e8b465ee728b)  -> (artifact id: '4d63cfcf201941f7409c68e5aad983d4') in 0.003242 seconds
  Import took 0.005705 seconds .

========================================================================
Received Prepare
Registering precompiled user dll's ...
Registered in 0.000915 seconds.
Begin MonoManager ReloadAssembly
Native extension for WindowsStandalone target not found
Refreshing native plugins compatible for Editor in 0.32 ms, found 0 plugins.
Preloading 0 native plugins for Editor in 0.00 ms.
Invoked RoslynAnalysisRunner static constructor.
RoslynAnalysisRunner will not be running.
RoslynAnalysisRunner has terminated.
Mono: successfully reloaded assembly
- Completed reload, in  0.683 seconds
Platform modules already initialized, skipping
Refreshing native plugins compatible for Editor in 0.31 ms, found 0 plugins.
Preloading 0 native plugins for Editor in 0.00 ms.
Unloading 1435 Unused Serialized files (Serialized files now loaded: 0)
System memory in use before: 75.1 MB.
System memory in use after: 74.9 MB.

Unloading 7 unused Assets to reduce memory usage. Loaded Objects now: 1918.
Total: 1.968900 ms (FindLiveObjects: 0.150500 ms CreateObjectMapping: 0.039100 ms MarkObjects: 1.497600 ms  DeleteObjects: 0.280900 ms)

========================================================================
Received Import Request.
  Time since last request: 39.615407 seconds.
  path: Assets/Scripts/VisualizeDebugMode.cs
  artifactKey: Guid(786988e2f719af54e99e64eb7519ef9c) Importer(815301076,1909f56bfc062723c751e8b465ee728b)
Start importing Assets/Scripts/VisualizeDebugMode.cs using Guid(786988e2f719af54e99e64eb7519ef9c) Importer(815301076,1909f56bfc062723c751e8b465ee728b)  -> (artifact id: '0b563068f6645a2eb81c5b1f32776982') in 0.003203 seconds
  Import took 0.006210 seconds .

========================================================================
Received Prepare
Registering precompiled user dll's ...
Registered in 0.000805 seconds.
Begin MonoManager ReloadAssembly
Native extension for WindowsStandalone target not found
Refreshing native plugins compatible for Editor in 0.30 ms, found 0 plugins.
Preloading 0 native plugins for Editor in 0.00 ms.
Invoked RoslynAnalysisRunner static constructor.
RoslynAnalysisRunner will not be running.
RoslynAnalysisRunner has terminated.
Mono: successfully reloaded assembly
- Completed reload, in  0.679 seconds
Platform modules already initialized, skipping
Refreshing native plugins compatible for Editor in 0.31 ms, found 0 plugins.
Preloading 0 native plugins for Editor in 0.00 ms.
Unloading 1435 Unused Serialized files (Serialized files now loaded: 0)
System memory in use before: 75.2 MB.
System memory in use after: 74.9 MB.

Unloading 7 unused Assets to reduce memory usage. Loaded Objects now: 1921.
Total: 2.997600 ms (FindLiveObjects: 0.202900 ms CreateObjectMapping: 0.067700 ms MarkObjects: 2.411300 ms  DeleteObjects: 0.314800 ms)

========================================================================
Received Import Request.
  Time since last request: 160.594132 seconds.
  path: Assets/Scripts/VisualizeDebugMode.cs
  artifactKey: Guid(786988e2f719af54e99e64eb7519ef9c) Importer(815301076,1909f56bfc062723c751e8b465ee728b)
Start importing Assets/Scripts/VisualizeDebugMode.cs using Guid(786988e2f719af54e99e64eb7519ef9c) Importer(815301076,1909f56bfc062723c751e8b465ee728b)  -> (artifact id: 'e112644b8e7246ec5768fa8d42c098e1') in 0.003552 seconds
  Import took 0.006242 seconds .

========================================================================
Received Prepare
Registering precompiled user dll's ...
Registered in 0.000819 seconds.
Begin MonoManager ReloadAssembly
Native extension for WindowsStandalone target not found
Refreshing native plugins compatible for Editor in 0.30 ms, found 0 plugins.
Preloading 0 native plugins for Editor in 0.00 ms.
Invoked RoslynAnalysisRunner static constructor.
RoslynAnalysisRunner will not be running.
RoslynAnalysisRunner has terminated.
Mono: successfully reloaded assembly
- Completed reload, in  0.685 seconds
Platform modules already initialized, skipping
Refreshing native plugins compatible for Editor in 0.30 ms, found 0 plugins.
Preloading 0 native plugins for Editor in 0.00 ms.
Unloading 1435 Unused Serialized files (Serialized files now loaded: 0)
System memory in use before: 75.2 MB.
System memory in use after: 74.9 MB.

Unloading 7 unused Assets to reduce memory usage. Loaded Objects now: 1924.
Total: 1.895600 ms (FindLiveObjects: 0.124600 ms CreateObjectMapping: 0.033800 ms MarkObjects: 1.462300 ms  DeleteObjects: 0.274100 ms)

========================================================================
Received Prepare
Registering precompiled user dll's ...
Registered in 0.000804 seconds.
Begin MonoManager ReloadAssembly
Native extension for WindowsStandalone target not found
Refreshing native plugins compatible for Editor in 0.31 ms, found 0 plugins.
Preloading 0 native plugins for Editor in 0.00 ms.
Invoked RoslynAnalysisRunner static constructor.
RoslynAnalysisRunner will not be running.
RoslynAnalysisRunner has terminated.
Mono: successfully reloaded assembly
- Completed reload, in  0.678 seconds
Platform modules already initialized, skipping
Refreshing native plugins compatible for Editor in 0.31 ms, found 0 plugins.
Preloading 0 native plugins for Editor in 0.00 ms.
Unloading 1435 Unused Serialized files (Serialized files now loaded: 0)
System memory in use before: 75.2 MB.
System memory in use after: 74.9 MB.

Unloading 7 unused Assets to reduce memory usage. Loaded Objects now: 1927.
Total: 2.067600 ms (FindLiveObjects: 0.134000 ms CreateObjectMapping: 0.041100 ms MarkObjects: 1.532100 ms  DeleteObjects: 0.359500 ms)

========================================================================
Received Prepare
Refreshing native plugins compatible for Editor in 0.79 ms, found 0 plugins.
Preloading 0 native plugins for Editor in 0.00 ms.
Unloading 4 Unused Serialized files (Serialized files now loaded: 0)
System memory in use before: 46.8 MB.
System memory in use after: 46.5 MB.

Unloading 4 unused Assets to reduce memory usage. Loaded Objects now: 1927.
Total: 1.979500 ms (FindLiveObjects: 0.160000 ms CreateObjectMapping: 0.042900 ms MarkObjects: 1.470300 ms  DeleteObjects: 0.305700 ms)

========================================================================
Received Prepare
Registering precompiled user dll's ...
Registered in 0.000774 seconds.
Begin MonoManager ReloadAssembly
Native extension for WindowsStandalone target not found
Refreshing native plugins compatible for Editor in 0.32 ms, found 0 plugins.
Preloading 0 native plugins for Editor in 0.00 ms.
Invoked RoslynAnalysisRunner static constructor.
RoslynAnalysisRunner will not be running.
RoslynAnalysisRunner has terminated.
Mono: successfully reloaded assembly
- Completed reload, in  0.692 seconds
Platform modules already initialized, skipping
Refreshing native plugins compatible for Editor in 0.30 ms, found 0 plugins.
Preloading 0 native plugins for Editor in 0.00 ms.
Unloading 1435 Unused Serialized files (Serialized files now loaded: 0)
System memory in use before: 75.2 MB.
System memory in use after: 74.9 MB.

Unloading 7 unused Assets to reduce memory usage. Loaded Objects now: 1930.
Total: 2.202400 ms (FindLiveObjects: 0.196100 ms CreateObjectMapping: 0.062200 ms MarkObjects: 1.636400 ms  DeleteObjects: 0.306900 ms)

========================================================================
Received Prepare
Registering precompiled user dll's ...
Registered in 0.001177 seconds.
Begin MonoManager ReloadAssembly
Native extension for WindowsStandalone target not found
Refreshing native plugins compatible for Editor in 0.32 ms, found 0 plugins.
Preloading 0 native plugins for Editor in 0.00 ms.
Invoked RoslynAnalysisRunner static constructor.
RoslynAnalysisRunner will not be running.
RoslynAnalysisRunner has terminated.
Mono: successfully reloaded assembly
- Completed reload, in  0.692 seconds
Platform modules already initialized, skipping
Refreshing native plugins compatible for Editor in 0.32 ms, found 0 plugins.
Preloading 0 native plugins for Editor in 0.00 ms.
Unloading 1435 Unused Serialized files (Serialized files now loaded: 0)
System memory in use before: 75.2 MB.
System memory in use after: 75.0 MB.

Unloading 7 unused Assets to reduce memory usage. Loaded Objects now: 1933.
Total: 1.980200 ms (FindLiveObjects: 0.183500 ms CreateObjectMapping: 0.053500 ms MarkObjects: 1.403800 ms  DeleteObjects: 0.338600 ms)

========================================================================
Received Prepare
Registering precompiled user dll's ...
Registered in 0.000788 seconds.
Begin MonoManager ReloadAssembly
Native extension for WindowsStandalone target not found
Refreshing native plugins compatible for Editor in 0.30 ms, found 0 plugins.
Preloading 0 native plugins for Editor in 0.00 ms.
Invoked RoslynAnalysisRunner static constructor.
RoslynAnalysisRunner will not be running.
RoslynAnalysisRunner has terminated.
Mono: successfully reloaded assembly
- Completed reload, in  0.690 seconds
Platform modules already initialized, skipping
Refreshing native plugins compatible for Editor in 0.32 ms, found 0 plugins.
Preloading 0 native plugins for Editor in 0.00 ms.
Unloading 1435 Unused Serialized files (Serialized files now loaded: 0)
System memory in use before: 75.2 MB.
System memory in use after: 75.0 MB.

Unloading 7 unused Assets to reduce memory usage. Loaded Objects now: 1936.
Total: 1.891600 ms (FindLiveObjects: 0.130600 ms CreateObjectMapping: 0.038900 ms MarkObjects: 1.388000 ms  DeleteObjects: 0.333200 ms)

========================================================================
Received Prepare
Registering precompiled user dll's ...
Registered in 0.000831 seconds.
Begin MonoManager ReloadAssembly
Native extension for WindowsStandalone target not found
Refreshing native plugins compatible for Editor in 0.31 ms, found 0 plugins.
Preloading 0 native plugins for Editor in 0.00 ms.
Invoked RoslynAnalysisRunner static constructor.
RoslynAnalysisRunner will not be running.
RoslynAnalysisRunner has terminated.
Mono: successfully reloaded assembly
- Completed reload, in  0.676 seconds
Platform modules already initialized, skipping
Refreshing native plugins compatible for Editor in 0.32 ms, found 0 plugins.
Preloading 0 native plugins for Editor in 0.00 ms.
Unloading 1435 Unused Serialized files (Serialized files now loaded: 0)
System memory in use before: 75.2 MB.
System memory in use after: 75.0 MB.

Unloading 7 unused Assets to reduce memory usage. Loaded Objects now: 1939.
Total: 1.800800 ms (FindLiveObjects: 0.131600 ms CreateObjectMapping: 0.037400 ms MarkObjects: 1.339800 ms  DeleteObjects: 0.291100 ms)

========================================================================
Received Prepare
Registering precompiled user dll's ...
Registered in 0.000736 seconds.
Begin MonoManager ReloadAssembly
Native extension for WindowsStandalone target not found
Refreshing native plugins compatible for Editor in 0.31 ms, found 0 plugins.
Preloading 0 native plugins for Editor in 0.00 ms.
Invoked RoslynAnalysisRunner static constructor.
RoslynAnalysisRunner will not be running.
RoslynAnalysisRunner has terminated.
Mono: successfully reloaded assembly
- Completed reload, in  0.693 seconds
Platform modules already initialized, skipping
Refreshing native plugins compatible for Editor in 0.31 ms, found 0 plugins.
Preloading 0 native plugins for Editor in 0.00 ms.
Unloading 1435 Unused Serialized files (Serialized files now loaded: 0)
System memory in use before: 75.2 MB.
System memory in use after: 75.0 MB.

Unloading 7 unused Assets to reduce memory usage. Loaded Objects now: 1942.
Total: 2.268900 ms (FindLiveObjects: 0.155900 ms CreateObjectMapping: 0.041600 ms MarkObjects: 1.714200 ms  DeleteObjects: 0.356300 ms)

========================================================================
Received Prepare
Registering precompiled user dll's ...
Registered in 0.000869 seconds.
Begin MonoManager ReloadAssembly
Native extension for WindowsStandalone target not found
Refreshing native plugins compatible for Editor in 0.32 ms, found 0 plugins.
Preloading 0 native plugins for Editor in 0.00 ms.
Invoked RoslynAnalysisRunner static constructor.
RoslynAnalysisRunner will not be running.
RoslynAnalysisRunner has terminated.
Mono: successfully reloaded assembly
- Completed reload, in  0.700 seconds
Platform modules already initialized, skipping
Refreshing native plugins compatible for Editor in 0.34 ms, found 0 plugins.
Preloading 0 native plugins for Editor in 0.00 ms.
Unloading 1435 Unused Serialized files (Serialized files now loaded: 0)
System memory in use before: 75.2 MB.
System memory in use after: 75.0 MB.

Unloading 7 unused Assets to reduce memory usage. Loaded Objects now: 1945.
Total: 1.827000 ms (FindLiveObjects: 0.122200 ms CreateObjectMapping: 0.038100 ms MarkObjects: 1.373300 ms  DeleteObjects: 0.292600 ms)

========================================================================
Received Prepare
Registering precompiled user dll's ...
Registered in 0.000873 seconds.
Begin MonoManager ReloadAssembly
Native extension for WindowsStandalone target not found
Refreshing native plugins compatible for Editor in 0.32 ms, found 0 plugins.
Preloading 0 native plugins for Editor in 0.00 ms.
Invoked RoslynAnalysisRunner static constructor.
RoslynAnalysisRunner will not be running.
RoslynAnalysisRunner has terminated.
Mono: successfully reloaded assembly
- Completed reload, in  0.756 seconds
Platform modules already initialized, skipping
Refreshing native plugins compatible for Editor in 0.45 ms, found 0 plugins.
Preloading 0 native plugins for Editor in 0.00 ms.
Unloading 1435 Unused Serialized files (Serialized files now loaded: 0)
System memory in use before: 75.2 MB.
System memory in use after: 75.0 MB.

Unloading 7 unused Assets to reduce memory usage. Loaded Objects now: 1948.
Total: 2.479200 ms (FindLiveObjects: 0.402000 ms CreateObjectMapping: 0.147800 ms MarkObjects: 1.529100 ms  DeleteObjects: 0.399300 ms)

========================================================================
Received Prepare
Registering precompiled user dll's ...
Registered in 0.000814 seconds.
Begin MonoManager ReloadAssembly
Native extension for WindowsStandalone target not found
Refreshing native plugins compatible for Editor in 0.31 ms, found 0 plugins.
Preloading 0 native plugins for Editor in 0.00 ms.
Invoked RoslynAnalysisRunner static constructor.
RoslynAnalysisRunner will not be running.
RoslynAnalysisRunner has terminated.
Mono: successfully reloaded assembly
- Completed reload, in  0.703 seconds
Platform modules already initialized, skipping
Refreshing native plugins compatible for Editor in 0.35 ms, found 0 plugins.
Preloading 0 native plugins for Editor in 0.00 ms.
Unloading 1435 Unused Serialized files (Serialized files now loaded: 0)
System memory in use before: 75.2 MB.
System memory in use after: 75.0 MB.

Unloading 7 unused Assets to reduce memory usage. Loaded Objects now: 1951.
Total: 1.887300 ms (FindLiveObjects: 0.150200 ms CreateObjectMapping: 0.041800 ms MarkObjects: 1.387800 ms  DeleteObjects: 0.306700 ms)

========================================================================
Received Prepare
Registering precompiled user dll's ...
Registered in 0.000725 seconds.
Begin MonoManager ReloadAssembly
Native extension for WindowsStandalone target not found
Refreshing native plugins compatible for Editor in 0.31 ms, found 0 plugins.
Preloading 0 native plugins for Editor in 0.00 ms.
Invoked RoslynAnalysisRunner static constructor.
RoslynAnalysisRunner will not be running.
RoslynAnalysisRunner has terminated.
Mono: successfully reloaded assembly
- Completed reload, in  0.704 seconds
Platform modules already initialized, skipping
Refreshing native plugins compatible for Editor in 0.36 ms, found 0 plugins.
Preloading 0 native plugins for Editor in 0.00 ms.
Unloading 1435 Unused Serialized files (Serialized files now loaded: 0)
System memory in use before: 75.2 MB.
System memory in use after: 75.0 MB.

Unloading 7 unused Assets to reduce memory usage. Loaded Objects now: 1954.
Total: 2.061300 ms (FindLiveObjects: 0.167500 ms CreateObjectMapping: 0.041100 ms MarkObjects: 1.503200 ms  DeleteObjects: 0.347900 ms)

========================================================================
Received Prepare
Registering precompiled user dll's ...
Registered in 0.000808 seconds.
Begin MonoManager ReloadAssembly
Native extension for WindowsStandalone target not found
Refreshing native plugins compatible for Editor in 0.30 ms, found 0 plugins.
Preloading 0 native plugins for Editor in 0.00 ms.
Invoked RoslynAnalysisRunner static constructor.
RoslynAnalysisRunner will not be running.
RoslynAnalysisRunner has terminated.
Mono: successfully reloaded assembly
- Completed reload, in  0.689 seconds
Platform modules already initialized, skipping
Refreshing native plugins compatible for Editor in 0.34 ms, found 0 plugins.
Preloading 0 native plugins for Editor in 0.00 ms.
Unloading 1435 Unused Serialized files (Serialized files now loaded: 0)
System memory in use before: 75.2 MB.
System memory in use after: 75.0 MB.

Unloading 7 unused Assets to reduce memory usage. Loaded Objects now: 1957.
Total: 1.997700 ms (FindLiveObjects: 0.202400 ms CreateObjectMapping: 0.045400 ms MarkObjects: 1.430600 ms  DeleteObjects: 0.318300 ms)

========================================================================
Received Prepare
Registering precompiled user dll's ...
Registered in 0.000829 seconds.
Begin MonoManager ReloadAssembly
Native extension for WindowsStandalone target not found
Refreshing native plugins compatible for Editor in 0.31 ms, found 0 plugins.
Preloading 0 native plugins for Editor in 0.00 ms.
Invoked RoslynAnalysisRunner static constructor.
RoslynAnalysisRunner will not be running.
RoslynAnalysisRunner has terminated.
Mono: successfully reloaded assembly
- Completed reload, in  0.690 seconds
Platform modules already initialized, skipping
Refreshing native plugins compatible for Editor in 0.31 ms, found 0 plugins.
Preloading 0 native plugins for Editor in 0.00 ms.
Unloading 1435 Unused Serialized files (Serialized files now loaded: 0)
System memory in use before: 75.2 MB.
System memory in use after: 75.0 MB.

Unloading 7 unused Assets to reduce memory usage. Loaded Objects now: 1960.
Total: 1.877300 ms (FindLiveObjects: 0.150000 ms CreateObjectMapping: 0.036600 ms MarkObjects: 1.376700 ms  DeleteObjects: 0.313200 ms)

========================================================================
Received Prepare
Registering precompiled user dll's ...
Registered in 0.000755 seconds.
Begin MonoManager ReloadAssembly
Native extension for WindowsStandalone target not found
Refreshing native plugins compatible for Editor in 0.30 ms, found 0 plugins.
Preloading 0 native plugins for Editor in 0.00 ms.
Invoked RoslynAnalysisRunner static constructor.
RoslynAnalysisRunner will not be running.
RoslynAnalysisRunner has terminated.
Mono: successfully reloaded assembly
- Completed reload, in  0.692 seconds
Platform modules already initialized, skipping
Refreshing native plugins compatible for Editor in 0.31 ms, found 0 plugins.
Preloading 0 native plugins for Editor in 0.00 ms.
Unloading 1435 Unused Serialized files (Serialized files now loaded: 0)
System memory in use before: 75.3 MB.
System memory in use after: 75.0 MB.

Unloading 7 unused Assets to reduce memory usage. Loaded Objects now: 1963.
Total: 2.007800 ms (FindLiveObjects: 0.171600 ms CreateObjectMapping: 0.043100 ms MarkObjects: 1.474600 ms  DeleteObjects: 0.317800 ms)

========================================================================
Received Prepare
Registering precompiled user dll's ...
Registered in 0.001139 seconds.
Begin MonoManager ReloadAssembly
Native extension for WindowsStandalone target not found
Refreshing native plugins compatible for Editor in 0.35 ms, found 0 plugins.
Preloading 0 native plugins for Editor in 0.00 ms.
Invoked RoslynAnalysisRunner static constructor.
RoslynAnalysisRunner will not be running.
RoslynAnalysisRunner has terminated.
Mono: successfully reloaded assembly
- Completed reload, in  0.689 seconds
Platform modules already initialized, skipping
Refreshing native plugins compatible for Editor in 0.32 ms, found 0 plugins.
Preloading 0 native plugins for Editor in 0.00 ms.
Unloading 1435 Unused Serialized files (Serialized files now loaded: 0)
System memory in use before: 75.3 MB.
System memory in use after: 75.0 MB.

Unloading 7 unused Assets to reduce memory usage. Loaded Objects now: 1966.
Total: 1.826300 ms (FindLiveObjects: 0.149800 ms CreateObjectMapping: 0.042600 ms MarkObjects: 1.323200 ms  DeleteObjects: 0.309900 ms)

========================================================================
Received Prepare
Registering precompiled user dll's ...
Registered in 0.000773 seconds.
Begin MonoManager ReloadAssembly
Native extension for WindowsStandalone target not found
Refreshing native plugins compatible for Editor in 0.31 ms, found 0 plugins.
Preloading 0 native plugins for Editor in 0.00 ms.
Invoked RoslynAnalysisRunner static constructor.
RoslynAnalysisRunner will not be running.
RoslynAnalysisRunner has terminated.
Mono: successfully reloaded assembly
- Completed reload, in  0.692 seconds
Platform modules already initialized, skipping
Refreshing native plugins compatible for Editor in 0.31 ms, found 0 plugins.
Preloading 0 native plugins for Editor in 0.00 ms.
Unloading 1435 Unused Serialized files (Serialized files now loaded: 0)
System memory in use before: 75.4 MB.
System memory in use after: 75.1 MB.

Unloading 7 unused Assets to reduce memory usage. Loaded Objects now: 1969.
Total: 2.071100 ms (FindLiveObjects: 0.222400 ms CreateObjectMapping: 0.047900 ms MarkObjects: 1.455600 ms  DeleteObjects: 0.339900 ms)

========================================================================
Received Prepare
Registering precompiled user dll's ...
Registered in 0.000763 seconds.
Begin MonoManager ReloadAssembly
Native extension for WindowsStandalone target not found
Refreshing native plugins compatible for Editor in 0.37 ms, found 0 plugins.
Preloading 0 native plugins for Editor in 0.00 ms.
Invoked RoslynAnalysisRunner static constructor.
RoslynAnalysisRunner will not be running.
RoslynAnalysisRunner has terminated.
Mono: successfully reloaded assembly
- Completed reload, in  0.704 seconds
Platform modules already initialized, skipping
Refreshing native plugins compatible for Editor in 0.34 ms, found 0 plugins.
Preloading 0 native plugins for Editor in 0.00 ms.
Unloading 1435 Unused Serialized files (Serialized files now loaded: 0)
System memory in use before: 75.3 MB.
System memory in use after: 75.1 MB.

Unloading 7 unused Assets to reduce memory usage. Loaded Objects now: 1972.
Total: 2.007100 ms (FindLiveObjects: 0.250100 ms CreateObjectMapping: 0.080300 ms MarkObjects: 1.352800 ms  DeleteObjects: 0.322900 ms)

========================================================================
Received Prepare
Registering precompiled user dll's ...
Registered in 0.001021 seconds.
Begin MonoManager ReloadAssembly
Native extension for WindowsStandalone target not found
Refreshing native plugins compatible for Editor in 0.32 ms, found 0 plugins.
Preloading 0 native plugins for Editor in 0.00 ms.
Invoked RoslynAnalysisRunner static constructor.
RoslynAnalysisRunner will not be running.
RoslynAnalysisRunner has terminated.
Mono: successfully reloaded assembly
- Completed reload, in  0.845 seconds
Platform modules already initialized, skipping
Refreshing native plugins compatible for Editor in 0.32 ms, found 0 plugins.
Preloading 0 native plugins for Editor in 0.00 ms.
Unloading 1435 Unused Serialized files (Serialized files now loaded: 0)
System memory in use before: 75.3 MB.
System memory in use after: 75.1 MB.

Unloading 7 unused Assets to reduce memory usage. Loaded Objects now: 1975.
Total: 1.891100 ms (FindLiveObjects: 0.171500 ms CreateObjectMapping: 0.045300 ms MarkObjects: 1.355600 ms  DeleteObjects: 0.317600 ms)

========================================================================
Received Prepare
Registering precompiled user dll's ...
Registered in 0.001143 seconds.
Begin MonoManager ReloadAssembly
Native extension for WindowsStandalone target not found
Refreshing native plugins compatible for Editor in 0.32 ms, found 0 plugins.
Preloading 0 native plugins for Editor in 0.00 ms.
Invoked RoslynAnalysisRunner static constructor.
RoslynAnalysisRunner will not be running.
RoslynAnalysisRunner has terminated.
Mono: successfully reloaded assembly
- Completed reload, in  0.696 seconds
Platform modules already initialized, skipping
Refreshing native plugins compatible for Editor in 0.33 ms, found 0 plugins.
Preloading 0 native plugins for Editor in 0.00 ms.
Unloading 1435 Unused Serialized files (Serialized files now loaded: 0)
System memory in use before: 75.3 MB.
System memory in use after: 75.1 MB.

Unloading 7 unused Assets to reduce memory usage. Loaded Objects now: 1978.
Total: 2.330800 ms (FindLiveObjects: 0.189300 ms CreateObjectMapping: 0.055300 ms MarkObjects: 1.750700 ms  DeleteObjects: 0.334400 ms)

========================================================================
Received Prepare
Registering precompiled user dll's ...
Registered in 0.000764 seconds.
Begin MonoManager ReloadAssembly
Native extension for WindowsStandalone target not found
Refreshing native plugins compatible for Editor in 0.31 ms, found 0 plugins.
Preloading 0 native plugins for Editor in 0.00 ms.
Invoked RoslynAnalysisRunner static constructor.
RoslynAnalysisRunner will not be running.
RoslynAnalysisRunner has terminated.
Mono: successfully reloaded assembly
- Completed reload, in  0.665 seconds
Platform modules already initialized, skipping
Refreshing native plugins compatible for Editor in 0.34 ms, found 0 plugins.
Preloading 0 native plugins for Editor in 0.00 ms.
Unloading 1435 Unused Serialized files (Serialized files now loaded: 0)
System memory in use before: 75.3 MB.
System memory in use after: 75.1 MB.

Unloading 7 unused Assets to reduce memory usage. Loaded Objects now: 1981.
Total: 2.163700 ms (FindLiveObjects: 0.225300 ms CreateObjectMapping: 0.053600 ms MarkObjects: 1.572600 ms  DeleteObjects: 0.311100 ms)

========================================================================
Received Prepare
Registering precompiled user dll's ...
Registered in 0.000879 seconds.
Begin MonoManager ReloadAssembly
Native extension for WindowsStandalone target not found
Refreshing native plugins compatible for Editor in 0.34 ms, found 0 plugins.
Preloading 0 native plugins for Editor in 0.00 ms.
Invoked RoslynAnalysisRunner static constructor.
RoslynAnalysisRunner will not be running.
RoslynAnalysisRunner has terminated.
Mono: successfully reloaded assembly
- Completed reload, in  0.781 seconds
Platform modules already initialized, skipping
Refreshing native plugins compatible for Editor in 0.31 ms, found 0 plugins.
Preloading 0 native plugins for Editor in 0.00 ms.
Unloading 1435 Unused Serialized files (Serialized files now loaded: 0)
System memory in use before: 75.4 MB.
System memory in use after: 75.1 MB.

Unloading 7 unused Assets to reduce memory usage. Loaded Objects now: 1984.
Total: 2.479000 ms (FindLiveObjects: 0.307400 ms CreateObjectMapping: 0.085300 ms MarkObjects: 1.746300 ms  DeleteObjects: 0.338400 ms)

========================================================================
Received Prepare
Refreshing native plugins compatible for Editor in 0.78 ms, found 0 plugins.
Preloading 0 native plugins for Editor in 0.00 ms.
Unloading 4 Unused Serialized files (Serialized files now loaded: 0)
System memory in use before: 46.9 MB.
System memory in use after: 46.7 MB.

Unloading 4 unused Assets to reduce memory usage. Loaded Objects now: 1984.
Total: 1.889500 ms (FindLiveObjects: 0.157100 ms CreateObjectMapping: 0.040400 ms MarkObjects: 1.382200 ms  DeleteObjects: 0.308900 ms)

========================================================================
Received Prepare
Registering precompiled user dll's ...
Registered in 0.000764 seconds.
Begin MonoManager ReloadAssembly
Native extension for WindowsStandalone target not found
Refreshing native plugins compatible for Editor in 0.31 ms, found 0 plugins.
Preloading 0 native plugins for Editor in 0.00 ms.
Invoked RoslynAnalysisRunner static constructor.
RoslynAnalysisRunner will not be running.
RoslynAnalysisRunner has terminated.
Mono: successfully reloaded assembly
- Completed reload, in  0.686 seconds
Platform modules already initialized, skipping
Refreshing native plugins compatible for Editor in 0.30 ms, found 0 plugins.
Preloading 0 native plugins for Editor in 0.00 ms.
Unloading 1435 Unused Serialized files (Serialized files now loaded: 0)
System memory in use before: 75.4 MB.
System memory in use after: 75.1 MB.

Unloading 7 unused Assets to reduce memory usage. Loaded Objects now: 1987.
Total: 2.033400 ms (FindLiveObjects: 0.180200 ms CreateObjectMapping: 0.044300 ms MarkObjects: 1.486400 ms  DeleteObjects: 0.321800 ms)

========================================================================
Received Prepare
Refreshing native plugins compatible for Editor in 0.80 ms, found 0 plugins.
Preloading 0 native plugins for Editor in 0.00 ms.
Unloading 4 Unused Serialized files (Serialized files now loaded: 0)
System memory in use before: 46.9 MB.
System memory in use after: 46.7 MB.

Unloading 4 unused Assets to reduce memory usage. Loaded Objects now: 1987.
Total: 2.051100 ms (FindLiveObjects: 0.155000 ms CreateObjectMapping: 0.040700 ms MarkObjects: 1.497900 ms  DeleteObjects: 0.356500 ms)

========================================================================
Received Prepare
Registering precompiled user dll's ...
Registered in 0.000755 seconds.
Begin MonoManager ReloadAssembly
Native extension for WindowsStandalone target not found
Refreshing native plugins compatible for Editor in 0.32 ms, found 0 plugins.
Preloading 0 native plugins for Editor in 0.00 ms.
Invoked RoslynAnalysisRunner static constructor.
RoslynAnalysisRunner will not be running.
RoslynAnalysisRunner has terminated.
Mono: successfully reloaded assembly
- Completed reload, in  0.703 seconds
Platform modules already initialized, skipping
Refreshing native plugins compatible for Editor in 0.32 ms, found 0 plugins.
Preloading 0 native plugins for Editor in 0.00 ms.
Unloading 1435 Unused Serialized files (Serialized files now loaded: 0)
System memory in use before: 75.4 MB.
System memory in use after: 75.1 MB.

Unloading 7 unused Assets to reduce memory usage. Loaded Objects now: 1990.
Total: 2.369000 ms (FindLiveObjects: 0.152600 ms CreateObjectMapping: 0.043000 ms MarkObjects: 1.839900 ms  DeleteObjects: 0.332400 ms)

========================================================================
Received Prepare
Refreshing native plugins compatible for Editor in 0.84 ms, found 0 plugins.
Preloading 0 native plugins for Editor in 0.00 ms.
Unloading 4 Unused Serialized files (Serialized files now loaded: 0)
System memory in use before: 46.9 MB.
System memory in use after: 46.7 MB.

Unloading 4 unused Assets to reduce memory usage. Loaded Objects now: 1990.
Total: 1.988600 ms (FindLiveObjects: 0.148500 ms CreateObjectMapping: 0.048200 ms MarkObjects: 1.481200 ms  DeleteObjects: 0.309500 ms)

========================================================================
Received Prepare
Registering precompiled user dll's ...
Registered in 0.000745 seconds.
Begin MonoManager ReloadAssembly
Native extension for WindowsStandalone target not found
Refreshing native plugins compatible for Editor in 0.32 ms, found 0 plugins.
Preloading 0 native plugins for Editor in 0.00 ms.
Invoked RoslynAnalysisRunner static constructor.
RoslynAnalysisRunner will not be running.
RoslynAnalysisRunner has terminated.
Mono: successfully reloaded assembly
- Completed reload, in  0.709 seconds
Platform modules already initialized, skipping
Refreshing native plugins compatible for Editor in 0.34 ms, found 0 plugins.
Preloading 0 native plugins for Editor in 0.00 ms.
Unloading 1435 Unused Serialized files (Serialized files now loaded: 0)
System memory in use before: 75.4 MB.
System memory in use after: 75.1 MB.

Unloading 7 unused Assets to reduce memory usage. Loaded Objects now: 1993.
Total: 2.504100 ms (FindLiveObjects: 0.312800 ms CreateObjectMapping: 0.095200 ms MarkObjects: 1.733500 ms  DeleteObjects: 0.361600 ms)

========================================================================
Received Prepare
Refreshing native plugins compatible for Editor in 0.82 ms, found 0 plugins.
Preloading 0 native plugins for Editor in 0.00 ms.
Unloading 4 Unused Serialized files (Serialized files now loaded: 0)
System memory in use before: 46.9 MB.
System memory in use after: 46.7 MB.

Unloading 4 unused Assets to reduce memory usage. Loaded Objects now: 1993.
Total: 2.171000 ms (FindLiveObjects: 0.160600 ms CreateObjectMapping: 0.047000 ms MarkObjects: 1.638600 ms  DeleteObjects: 0.323900 ms)

========================================================================
Received Prepare
Registering precompiled user dll's ...
Registered in 0.000739 seconds.
Begin MonoManager ReloadAssembly
Native extension for WindowsStandalone target not found
Refreshing native plugins compatible for Editor in 0.30 ms, found 0 plugins.
Preloading 0 native plugins for Editor in 0.00 ms.
Invoked RoslynAnalysisRunner static constructor.
RoslynAnalysisRunner will not be running.
RoslynAnalysisRunner has terminated.
Mono: successfully reloaded assembly
- Completed reload, in  0.718 seconds
Platform modules already initialized, skipping
Refreshing native plugins compatible for Editor in 0.31 ms, found 0 plugins.
Preloading 0 native plugins for Editor in 0.00 ms.
Unloading 1435 Unused Serialized files (Serialized files now loaded: 0)
System memory in use before: 75.4 MB.
System memory in use after: 75.1 MB.

Unloading 7 unused Assets to reduce memory usage. Loaded Objects now: 1996.
Total: 1.815800 ms (FindLiveObjects: 0.145700 ms CreateObjectMapping: 0.046300 ms MarkObjects: 1.317800 ms  DeleteObjects: 0.305500 ms)

========================================================================
Received Prepare
Registering precompiled user dll's ...
Registered in 0.000786 seconds.
Begin MonoManager ReloadAssembly
Native extension for WindowsStandalone target not found
Refreshing native plugins compatible for Editor in 0.30 ms, found 0 plugins.
Preloading 0 native plugins for Editor in 0.00 ms.
Invoked RoslynAnalysisRunner static constructor.
RoslynAnalysisRunner will not be running.
RoslynAnalysisRunner has terminated.
Mono: successfully reloaded assembly
- Completed reload, in  0.709 seconds
Platform modules already initialized, skipping
Refreshing native plugins compatible for Editor in 0.32 ms, found 0 plugins.
Preloading 0 native plugins for Editor in 0.00 ms.
Unloading 1435 Unused Serialized files (Serialized files now loaded: 0)
System memory in use before: 75.4 MB.
System memory in use after: 75.1 MB.

Unloading 7 unused Assets to reduce memory usage. Loaded Objects now: 1999.
Total: 1.799800 ms (FindLiveObjects: 0.159900 ms CreateObjectMapping: 0.040900 ms MarkObjects: 1.278100 ms  DeleteObjects: 0.319700 ms)

========================================================================
Received Import Request.
  Time since last request: 9041.820371 seconds.
  path: Assets/Scripts/NenchakMoveController.cs
  artifactKey: Guid(17e6de3f3c4da264aadaaa6f761c44d9) Importer(815301076,1909f56bfc062723c751e8b465ee728b)
Start importing Assets/Scripts/NenchakMoveController.cs using Guid(17e6de3f3c4da264aadaaa6f761c44d9) Importer(815301076,1909f56bfc062723c751e8b465ee728b)  -> (artifact id: '1b219d8bd2415a0e3afe283cb873a577') in 0.004274 seconds
  Import took 0.007694 seconds .

========================================================================
Received Import Request.
  Time since last request: 0.005356 seconds.
  path: Assets/Scripts/NenchakMoveController.cs
  artifactKey: Guid(17e6de3f3c4da264aadaaa6f761c44d9) Importer(815301076,1909f56bfc062723c751e8b465ee728b)
Start importing Assets/Scripts/NenchakMoveController.cs using Guid(17e6de3f3c4da264aadaaa6f761c44d9) Importer(815301076,1909f56bfc062723c751e8b465ee728b)  -> (artifact id: '1b219d8bd2415a0e3afe283cb873a577') in 0.001893 seconds
  Import took 0.004170 seconds .

========================================================================
Received Import Request.
  Time since last request: 14.181401 seconds.
  path: Assets/Scripts/CameraPointMove.cs
  artifactKey: Guid(fb7ac4a2c2fda944a8267af12b08fd14) Importer(815301076,1909f56bfc062723c751e8b465ee728b)
Start importing Assets/Scripts/CameraPointMove.cs using Guid(fb7ac4a2c2fda944a8267af12b08fd14) Importer(815301076,1909f56bfc062723c751e8b465ee728b)  -> (artifact id: '751f4001b34a3a60436de857fe88ff1a') in 0.001826 seconds
  Import took 0.003946 seconds .

========================================================================
Received Import Request.
  Time since last request: 0.000523 seconds.
  path: Assets/Scripts/CameraPointMove.cs
  artifactKey: Guid(fb7ac4a2c2fda944a8267af12b08fd14) Importer(815301076,1909f56bfc062723c751e8b465ee728b)
Start importing Assets/Scripts/CameraPointMove.cs using Guid(fb7ac4a2c2fda944a8267af12b08fd14) Importer(815301076,1909f56bfc062723c751e8b465ee728b)  -> (artifact id: '751f4001b34a3a60436de857fe88ff1a') in 0.001937 seconds
  Import took 0.004045 seconds .

========================================================================
Received Import Request.
  Time since last request: 6.312446 seconds.
  path: Assets/Scripts/Interface
  artifactKey: Guid(b2480d6081ab366489539a27351c572f) Importer(815301076,1909f56bfc062723c751e8b465ee728b)
Start importing Assets/Scripts/Interface using Guid(b2480d6081ab366489539a27351c572f) Importer(815301076,1909f56bfc062723c751e8b465ee728b)  -> (artifact id: '591988864537f37e19450b14aa9af593') in 0.003426 seconds
  Import took 0.007661 seconds .

========================================================================
Received Import Request.
  Time since last request: 19.230048 seconds.
  path: Assets/Scripts/Interface/DebugDemo.cs
  artifactKey: Guid(f134b4aa0a49d65408740d43ecbc3c06) Importer(815301076,1909f56bfc062723c751e8b465ee728b)
Start importing Assets/Scripts/Interface/DebugDemo.cs using Guid(f134b4aa0a49d65408740d43ecbc3c06) Importer(815301076,1909f56bfc062723c751e8b465ee728b)  -> (artifact id: '0829da4549badbfc09256c30a9dd6af4') in 0.002094 seconds
  Import took 0.004553 seconds .

========================================================================
Received Prepare
Registering precompiled user dll's ...
Registered in 0.000845 seconds.
Begin MonoManager ReloadAssembly
Native extension for WindowsStandalone target not found
Refreshing native plugins compatible for Editor in 0.31 ms, found 0 plugins.
Preloading 0 native plugins for Editor in 0.00 ms.
Invoked RoslynAnalysisRunner static constructor.
RoslynAnalysisRunner will not be running.
RoslynAnalysisRunner has terminated.
Mono: successfully reloaded assembly
- Completed reload, in  0.687 seconds
Platform modules already initialized, skipping
Refreshing native plugins compatible for Editor in 0.31 ms, found 0 plugins.
Preloading 0 native plugins for Editor in 0.00 ms.
Unloading 1436 Unused Serialized files (Serialized files now loaded: 0)
System memory in use before: 75.4 MB.
System memory in use after: 75.2 MB.

Unloading 7 unused Assets to reduce memory usage. Loaded Objects now: 2003.
Total: 2.010600 ms (FindLiveObjects: 0.150300 ms CreateObjectMapping: 0.045900 ms MarkObjects: 1.487400 ms  DeleteObjects: 0.326200 ms)

========================================================================
Received Import Request.
  Time since last request: 163.223611 seconds.
  path: Assets/Scripts/Interface/DebugDemo.cs
  artifactKey: Guid(f134b4aa0a49d65408740d43ecbc3c06) Importer(815301076,1909f56bfc062723c751e8b465ee728b)
Start importing Assets/Scripts/Interface/DebugDemo.cs using Guid(f134b4aa0a49d65408740d43ecbc3c06) Importer(815301076,1909f56bfc062723c751e8b465ee728b)  -> (artifact id: '9cd19c7ad605e8592151f376aca39c40') in 0.003301 seconds
  Import took 0.010441 seconds .

========================================================================
Received Prepare
Registering precompiled user dll's ...
Registered in 0.000905 seconds.
Begin MonoManager ReloadAssembly
Native extension for WindowsStandalone target not found
Refreshing native plugins compatible for Editor in 0.31 ms, found 0 plugins.
Preloading 0 native plugins for Editor in 0.00 ms.
Invoked RoslynAnalysisRunner static constructor.
RoslynAnalysisRunner will not be running.
RoslynAnalysisRunner has terminated.
Mono: successfully reloaded assembly
- Completed reload, in  0.708 seconds
Platform modules already initialized, skipping
Refreshing native plugins compatible for Editor in 0.33 ms, found 0 plugins.
Preloading 0 native plugins for Editor in 0.00 ms.
Unloading 1436 Unused Serialized files (Serialized files now loaded: 0)
System memory in use before: 75.4 MB.
System memory in use after: 75.2 MB.

Unloading 7 unused Assets to reduce memory usage. Loaded Objects now: 2006.
Total: 2.333900 ms (FindLiveObjects: 0.266400 ms CreateObjectMapping: 0.072800 ms MarkObjects: 1.662400 ms  DeleteObjects: 0.331400 ms)

========================================================================
Received Import Request.
  Time since last request: 24.805667 seconds.
  path: Assets/Scripts/Interface/DebugDemo.cs
  artifactKey: Guid(f134b4aa0a49d65408740d43ecbc3c06) Importer(815301076,1909f56bfc062723c751e8b465ee728b)
Start importing Assets/Scripts/Interface/DebugDemo.cs using Guid(f134b4aa0a49d65408740d43ecbc3c06) Importer(815301076,1909f56bfc062723c751e8b465ee728b)  -> (artifact id: 'c8e216e48b2c2ad43c882b946358e968') in 0.003759 seconds
  Import took 0.011248 seconds .

========================================================================
Received Prepare
Registering precompiled user dll's ...
Registered in 0.000868 seconds.
Begin MonoManager ReloadAssembly
Native extension for WindowsStandalone target not found
Refreshing native plugins compatible for Editor in 0.31 ms, found 0 plugins.
Preloading 0 native plugins for Editor in 0.00 ms.
Invoked RoslynAnalysisRunner static constructor.
RoslynAnalysisRunner will not be running.
RoslynAnalysisRunner has terminated.
Mono: successfully reloaded assembly
- Completed reload, in  0.816 seconds
Platform modules already initialized, skipping
Refreshing native plugins compatible for Editor in 0.32 ms, found 0 plugins.
Preloading 0 native plugins for Editor in 0.00 ms.
Unloading 1436 Unused Serialized files (Serialized files now loaded: 0)
System memory in use before: 75.4 MB.
System memory in use after: 75.2 MB.

Unloading 7 unused Assets to reduce memory usage. Loaded Objects now: 2009.
Total: 2.022800 ms (FindLiveObjects: 0.156200 ms CreateObjectMapping: 0.044800 ms MarkObjects: 1.488000 ms  DeleteObjects: 0.332600 ms)

========================================================================
Received Prepare
Refreshing native plugins compatible for Editor in 0.77 ms, found 0 plugins.
Preloading 0 native plugins for Editor in 0.00 ms.
Unloading 4 Unused Serialized files (Serialized files now loaded: 0)
System memory in use before: 47.0 MB.
System memory in use after: 46.7 MB.

Unloading 4 unused Assets to reduce memory usage. Loaded Objects now: 2009.
Total: 2.193000 ms (FindLiveObjects: 0.173300 ms CreateObjectMapping: 0.049100 ms MarkObjects: 1.631400 ms  DeleteObjects: 0.338200 ms)

========================================================================
Received Import Request.
  Time since last request: 195.456740 seconds.
  path: Assets/Scenes/main.unity
  artifactKey: Guid(9fc0d4010bbf28b4594072e72b8655ab) Importer(815301076,1909f56bfc062723c751e8b465ee728b)
Start importing Assets/Scenes/main.unity using Guid(9fc0d4010bbf28b4594072e72b8655ab) Importer(815301076,1909f56bfc062723c751e8b465ee728b)  -> (artifact id: '9a75895aedce303a70c6c64c83568227') in 0.016682 seconds
  Import took 0.022689 seconds .

========================================================================
Received Import Request.
  Time since last request: 94.632841 seconds.
  path: Assets/Prefabs/DebugUI.prefab
  artifactKey: Guid(9306f7e924ae8bf4385552380e5991d3) Importer(815301076,1909f56bfc062723c751e8b465ee728b)
Start importing Assets/Prefabs/DebugUI.prefab using Guid(9306f7e924ae8bf4385552380e5991d3) Importer(815301076,1909f56bfc062723c751e8b465ee728b)  -> (artifact id: 'dd940618f16c426b80f208c847e13573') in 0.038224 seconds
  Import took 0.042166 seconds .

========================================================================
Received Import Request.
  Time since last request: 0.009508 seconds.
  path: Assets/Prefabs/DebugUI.prefab
  artifactKey: Guid(9306f7e924ae8bf4385552380e5991d3) Importer(815301076,1909f56bfc062723c751e8b465ee728b)
Start importing Assets/Prefabs/DebugUI.prefab using Guid(9306f7e924ae8bf4385552380e5991d3) Importer(815301076,1909f56bfc062723c751e8b465ee728b)  -> (artifact id: 'dd940618f16c426b80f208c847e13573') in 0.003583 seconds
  Import took 0.005702 seconds .

========================================================================
Received Import Request.
  Time since last request: 68.108820 seconds.
  path: Assets/Scripts/VisualizeDebugMode.cs
  artifactKey: Guid(786988e2f719af54e99e64eb7519ef9c) Importer(815301076,1909f56bfc062723c751e8b465ee728b)
Start importing Assets/Scripts/VisualizeDebugMode.cs using Guid(786988e2f719af54e99e64eb7519ef9c) Importer(815301076,1909f56bfc062723c751e8b465ee728b)  -> (artifact id: '1c42b4d59621839348199533972a9ad1') in 0.002198 seconds
  Import took 0.008966 seconds .

========================================================================
Received Import Request.
  Time since last request: 0.000634 seconds.
  path: Assets/Scripts/VisualizeDebugMode.cs
  artifactKey: Guid(786988e2f719af54e99e64eb7519ef9c) Importer(815301076,1909f56bfc062723c751e8b465ee728b)
Start importing Assets/Scripts/VisualizeDebugMode.cs using Guid(786988e2f719af54e99e64eb7519ef9c) Importer(815301076,1909f56bfc062723c751e8b465ee728b)  -> (artifact id: '1c42b4d59621839348199533972a9ad1') in 0.001563 seconds
  Import took 0.003364 seconds .

========================================================================
Received Prepare
Registering precompiled user dll's ...
Registered in 0.000814 seconds.
Begin MonoManager ReloadAssembly
Native extension for WindowsStandalone target not found
Refreshing native plugins compatible for Editor in 0.60 ms, found 0 plugins.
Preloading 0 native plugins for Editor in 0.00 ms.
Invoked RoslynAnalysisRunner static constructor.
RoslynAnalysisRunner will not be running.
RoslynAnalysisRunner has terminated.
Mono: successfully reloaded assembly
- Completed reload, in  0.762 seconds
Platform modules already initialized, skipping
Refreshing native plugins compatible for Editor in 0.51 ms, found 0 plugins.
Preloading 0 native plugins for Editor in 0.00 ms.
Unloading 1436 Unused Serialized files (Serialized files now loaded: 0)
System memory in use before: 75.5 MB.
System memory in use after: 75.3 MB.

Unloading 7 unused Assets to reduce memory usage. Loaded Objects now: 2014.
Total: 6.144900 ms (FindLiveObjects: 3.663700 ms CreateObjectMapping: 0.161900 ms MarkObjects: 1.966900 ms  DeleteObjects: 0.351400 ms)

========================================================================
Received Prepare
Refreshing native plugins compatible for Editor in 0.83 ms, found 0 plugins.
Preloading 0 native plugins for Editor in 0.00 ms.
Unloading 4 Unused Serialized files (Serialized files now loaded: 0)
System memory in use before: 47.1 MB.
System memory in use after: 46.8 MB.

Unloading 4 unused Assets to reduce memory usage. Loaded Objects now: 2014.
Total: 2.055000 ms (FindLiveObjects: 0.145300 ms CreateObjectMapping: 0.043200 ms MarkObjects: 1.550600 ms  DeleteObjects: 0.314700 ms)

========================================================================
Received Prepare
Refreshing native plugins compatible for Editor in 0.72 ms, found 0 plugins.
Preloading 0 native plugins for Editor in 0.00 ms.
Unloading 4 Unused Serialized files (Serialized files now loaded: 0)
System memory in use before: 47.1 MB.
System memory in use after: 46.8 MB.

Unloading 4 unused Assets to reduce memory usage. Loaded Objects now: 2014.
Total: 2.468000 ms (FindLiveObjects: 0.184400 ms CreateObjectMapping: 0.042100 ms MarkObjects: 1.929300 ms  DeleteObjects: 0.311600 ms)

========================================================================
Received Prepare
Refreshing native plugins compatible for Editor in 0.73 ms, found 0 plugins.
Preloading 0 native plugins for Editor in 0.00 ms.
Unloading 4 Unused Serialized files (Serialized files now loaded: 0)
System memory in use before: 47.1 MB.
System memory in use after: 46.8 MB.

Unloading 4 unused Assets to reduce memory usage. Loaded Objects now: 2014.
Total: 2.256800 ms (FindLiveObjects: 0.179300 ms CreateObjectMapping: 0.050600 ms MarkObjects: 1.700300 ms  DeleteObjects: 0.325600 ms)

AssetImportWorkerClient::OnTransportError - code=2 error=End of file
