Using pre-set license
Built from '2020.3/release' branch; Version is '2020.3.2f1 (8fd9074bf66c) revision 9427207'; Using compiler version '192528614'; Build Type 'Release'
OS: 'Windows 10 Home; OS build 19042.985; Version 2009; 64bit' Language: 'ja' Physical Memory: 16207 MB
BatchMode: 1, IsHumanControllingUs: 0, StartBugReporterOnCrash: 0, Is64bit: 1, IsPro: 0

 COMMAND LINE ARGUMENTS:
C:\Program Files\Unity\Hub\Editor\2019.4.16f1\Editor\Unity.exe
-adb2
-batchMode
-noUpm
-name
AssetImportWorker0
-projectPath
C:/ゲーム制作サークル/2021年度/日本ゲーム大賞アマチュア部門/JGA_2021_バージョン管理/Morumotto_ Wheerun_Movie
-logFile
Logs/AssetImportWorker0.log
-srvPort
58624
Successfully changed project path to: C:/ゲーム制作サークル/2021年度/日本ゲーム大賞アマチュア部門/JGA_2021_バージョン管理/Morumotto_ Wheerun_Movie
C:/ゲーム制作サークル/2021年度/日本ゲーム大賞アマチュア部門/JGA_2021_バージョン管理/Morumotto_ Wheerun_Movie
Using Asset Import Pipeline V2.
Refreshing native plugins compatible for Editor in 18.44 ms, found 0 plugins.
Preloading 0 native plugins for Editor in 0.00 ms.
Initialize engine version: 2020.3.2f1 (8fd9074bf66c)
[Subsystems] Discovering subsystems at path C:/Program Files/Unity/Hub/Editor/2019.4.16f1/Editor/Data/Resources/UnitySubsystems
[Subsystems] Discovering subsystems at path C:/ゲーム制作サークル/2021年度/日本ゲーム大賞アマチュア部門/JGA_2021_バージョン管理/Morumotto_ Wheerun_Movie/Assets
GfxDevice: creating device client; threaded=0
Direct3D:
    Version:  Direct3D 11.0 [level 11.1]
    Renderer: NVIDIA GeForce GTX 1660 Ti (ID=0x2191)
    Vendor:   
    VRAM:     5991 MB
    Driver:   27.21.14.6230
Initialize mono
Mono path[0] = 'C:/Program Files/Unity/Hub/Editor/2019.4.16f1/Editor/Data/Managed'
Mono path[1] = 'C:/Program Files/Unity/Hub/Editor/2019.4.16f1/Editor/Data/MonoBleedingEdge/lib/mono/unityjit'
Mono config path = 'C:/Program Files/Unity/Hub/Editor/2019.4.16f1/Editor/Data/MonoBleedingEdge/etc'
Using monoOptions --debugger-agent=transport=dt_socket,embedding=1,server=y,suspend=n,address=127.0.0.1:56092
Begin MonoManager ReloadAssembly
Registering precompiled unity dll's ...
Register platform support module: C:/Program Files/Unity/Hub/Editor/2019.4.16f1/Editor/Data/PlaybackEngines/WindowsStandaloneSupport/UnityEditor.WindowsStandalone.Extensions.dll
Registered in 0.001426 seconds.
Native extension for WindowsStandalone target not found
Refreshing native plugins compatible for Editor in 18.07 ms, found 0 plugins.
Preloading 0 native plugins for Editor in 0.00 ms.
Invoked RoslynAnalysisRunner static constructor.
RoslynAnalysisRunner will not be running.
RoslynAnalysisRunner has terminated.
Mono: successfully reloaded assembly
- Completed reload, in  0.781 seconds
Platform modules already initialized, skipping
Registering precompiled user dll's ...
Registered in 0.000489 seconds.
Begin MonoManager ReloadAssembly
Native extension for WindowsStandalone target not found
Refreshing native plugins compatible for Editor in 0.17 ms, found 0 plugins.
Preloading 0 native plugins for Editor in 0.00 ms.
Invoked RoslynAnalysisRunner static constructor.
RoslynAnalysisRunner will not be running.
RoslynAnalysisRunner has terminated.
Mono: successfully reloaded assembly
- Completed reload, in  0.638 seconds
Platform modules already initialized, skipping
========================================================================
Worker process is ready to serve import requests
Launched and connected shader compiler UnityShaderCompiler.exe after 0.03 seconds
Refreshing native plugins compatible for Editor in 0.17 ms, found 0 plugins.
Preloading 0 native plugins for Editor in 0.00 ms.
Unloading 1117 Unused Serialized files (Serialized files now loaded: 0)
System memory in use before: 57.5 MB.
System memory in use after: 57.6 MB.

Unloading 9 unused Assets to reduce memory usage. Loaded Objects now: 1560.
Total: 1.992100 ms (FindLiveObjects: 0.230100 ms CreateObjectMapping: 0.071600 ms MarkObjects: 1.587600 ms  DeleteObjects: 0.102000 ms)

========================================================================
Received Import Request.
  path: Assets/Sounds
  artifactKey: Guid(b40f8988007208744911955adca1e810) Importer(815301076,1909f56bfc062723c751e8b465ee728b)
Start importing Assets/Sounds using Guid(b40f8988007208744911955adca1e810) Importer(815301076,1909f56bfc062723c751e8b465ee728b)  -> (artifact id: 'a8505baa407672f15f2e8d9121cf0b96') in 0.007038 seconds
  Import took 0.008545 seconds .

========================================================================
Received Import Request.
  Time since last request: 0.000214 seconds.
  path: Assets/Sounds/movie_bgm.mp3
  artifactKey: Guid(f4048919904de6c4ba7a0ed5d4fc6bc3) Importer(815301076,1909f56bfc062723c751e8b465ee728b)
Start importing Assets/Sounds/movie_bgm.mp3 using Guid(f4048919904de6c4ba7a0ed5d4fc6bc3) Importer(815301076,1909f56bfc062723c751e8b465ee728b)  -> (artifact id: 'cf22b3d9dec518d5e81d4e3a3e27b52c') in 0.087915 seconds
  Import took 0.089494 seconds .

========================================================================
Received Prepare
Refreshing native plugins compatible for Editor in 0.65 ms, found 0 plugins.
Preloading 0 native plugins for Editor in 0.00 ms.
Unloading 2 Unused Serialized files (Serialized files now loaded: 0)
System memory in use before: 38.0 MB.
System memory in use after: 38.1 MB.

Unloading 2 unused Assets to reduce memory usage. Loaded Objects now: 1569.
Total: 1.860500 ms (FindLiveObjects: 0.098400 ms CreateObjectMapping: 0.031400 ms MarkObjects: 1.720100 ms  DeleteObjects: 0.009800 ms)

========================================================================
Received Import Request.
  Time since last request: 4.902576 seconds.
  path: Assets/Sounds/BGM
  artifactKey: Guid(15fbc06a4353fc64781d95fd9ad10f6f) Importer(815301076,1909f56bfc062723c751e8b465ee728b)
Start importing Assets/Sounds/BGM using Guid(15fbc06a4353fc64781d95fd9ad10f6f) Importer(815301076,1909f56bfc062723c751e8b465ee728b)  -> (artifact id: '17ba1b320ec566f13a7c6f2e727ee5cc') in 0.005559 seconds
  Import took 0.007075 seconds .

========================================================================
Received Import Request.
  Time since last request: 10.099794 seconds.
  path: Assets/Sounds/SE
  artifactKey: Guid(67c2ae9e5880c8e4e80aebc82827030a) Importer(815301076,1909f56bfc062723c751e8b465ee728b)
Start importing Assets/Sounds/SE using Guid(67c2ae9e5880c8e4e80aebc82827030a) Importer(815301076,1909f56bfc062723c751e8b465ee728b)  -> (artifact id: 'b37f22a85b658b07cb28730a8fb63cf5') in 0.006184 seconds
  Import took 0.007719 seconds .

========================================================================
Received Import Request.
  Time since last request: 0.010025 seconds.
  path: Assets/Sounds/SE
  artifactKey: Guid(67c2ae9e5880c8e4e80aebc82827030a) Importer(815301076,1909f56bfc062723c751e8b465ee728b)
Start importing Assets/Sounds/SE using Guid(67c2ae9e5880c8e4e80aebc82827030a) Importer(815301076,1909f56bfc062723c751e8b465ee728b)  -> (artifact id: 'b37f22a85b658b07cb28730a8fb63cf5') in 0.002251 seconds
  Import took 0.004201 seconds .

========================================================================
Received Import Request.
  Time since last request: 27.548962 seconds.
  path: Assets/Sounds/SE/morumotto_fall.wav
  artifactKey: Guid(595b24857c5639242a2910e0408a75c9) Importer(815301076,1909f56bfc062723c751e8b465ee728b)
Start importing Assets/Sounds/SE/morumotto_fall.wav using Guid(595b24857c5639242a2910e0408a75c9) Importer(815301076,1909f56bfc062723c751e8b465ee728b)  -> (artifact id: '428978f755acaa7c867d32529ff7177d') in 0.011961 seconds
  Import took 0.013866 seconds .

========================================================================
Received Import Request.
  Time since last request: 155.930373 seconds.
  path: Assets/Sounds/SE/morumotto_fall.wav
  artifactKey: Guid(595b24857c5639242a2910e0408a75c9) Importer(815301076,1909f56bfc062723c751e8b465ee728b)
Start importing Assets/Sounds/SE/morumotto_fall.wav using Guid(595b24857c5639242a2910e0408a75c9) Importer(815301076,1909f56bfc062723c751e8b465ee728b)  -> (artifact id: '454cd7d2834c27aca9ad459106d5a59f') in 0.013718 seconds
  Import took 0.016041 seconds .

========================================================================
Received Import Request.
  Time since last request: 62.147394 seconds.
  path: Assets/Sounds/SE/SE.prefab
  artifactKey: Guid(2c93f506e08d3674c93cc62bcddeb45f) Importer(815301076,1909f56bfc062723c751e8b465ee728b)
Start importing Assets/Sounds/SE/SE.prefab using Guid(2c93f506e08d3674c93cc62bcddeb45f) Importer(815301076,1909f56bfc062723c751e8b465ee728b)  -> (artifact id: '4502304f21b71165b86a7f6dd744171f') in 0.012667 seconds
  Import took 0.014787 seconds .

========================================================================
Received Prepare
Registering precompiled user dll's ...
Registered in 0.000537 seconds.
Begin MonoManager ReloadAssembly
Native extension for WindowsStandalone target not found
Refreshing native plugins compatible for Editor in 0.18 ms, found 0 plugins.
Preloading 0 native plugins for Editor in 0.00 ms.
Invoked RoslynAnalysisRunner static constructor.
RoslynAnalysisRunner will not be running.
RoslynAnalysisRunner has terminated.
Mono: successfully reloaded assembly
- Completed reload, in  0.603 seconds
Platform modules already initialized, skipping
Refreshing native plugins compatible for Editor in 0.18 ms, found 0 plugins.
Preloading 0 native plugins for Editor in 0.00 ms.
Unloading 1111 Unused Serialized files (Serialized files now loaded: 0)
System memory in use before: 60.5 MB.
System memory in use after: 60.6 MB.

Unloading 4 unused Assets to reduce memory usage. Loaded Objects now: 1572.
Total: 1.212100 ms (FindLiveObjects: 0.110300 ms CreateObjectMapping: 0.029900 ms MarkObjects: 1.062300 ms  DeleteObjects: 0.008800 ms)

========================================================================
Received Import Request.
  Time since last request: 292.749282 seconds.
  path: Assets/Sounds/SE/morumotto_fall_short.wav
  artifactKey: Guid(e9b1bd39d6b54df4ca309a960e303e74) Importer(815301076,1909f56bfc062723c751e8b465ee728b)
Start importing Assets/Sounds/SE/morumotto_fall_short.wav using Guid(e9b1bd39d6b54df4ca309a960e303e74) Importer(815301076,1909f56bfc062723c751e8b465ee728b)  -> (artifact id: 'fde00c574a0d33aa51e5603b2d07f821') in 0.042111 seconds
  Import took 0.044019 seconds .

========================================================================
Received Prepare
Registering precompiled user dll's ...
Registered in 0.000694 seconds.
Begin MonoManager ReloadAssembly
Native extension for WindowsStandalone target not found
Refreshing native plugins compatible for Editor in 0.17 ms, found 0 plugins.
Preloading 0 native plugins for Editor in 0.00 ms.
Invoked RoslynAnalysisRunner static constructor.
RoslynAnalysisRunner will not be running.
RoslynAnalysisRunner has terminated.
Mono: successfully reloaded assembly
- Completed reload, in  0.602 seconds
Platform modules already initialized, skipping
Refreshing native plugins compatible for Editor in 0.16 ms, found 0 plugins.
Preloading 0 native plugins for Editor in 0.00 ms.
Unloading 1111 Unused Serialized files (Serialized files now loaded: 0)
System memory in use before: 60.5 MB.
System memory in use after: 60.6 MB.

Unloading 4 unused Assets to reduce memory usage. Loaded Objects now: 1576.
Total: 1.250400 ms (FindLiveObjects: 0.111700 ms CreateObjectMapping: 0.028300 ms MarkObjects: 1.085000 ms  DeleteObjects: 0.008800 ms)

AssetImportWorkerClient::OnTransportError - code=2 error=End of file
