Using pre-set license
Built from '2020.3/release' branch; Version is '2020.3.2f1 (8fd9074bf66c) revision 9427207'; Using compiler version '192528614'; Build Type 'Release'
OS: 'Windows 10 Pro; OS build 19042.985; Version 2009; 64bit' Language: 'ja' Physical Memory: 8026 MB
BatchMode: 1, IsHumanControllingUs: 0, StartBugReporterOnCrash: 0, Is64bit: 1, IsPro: 0

 COMMAND LINE ARGUMENTS:
C:\Program Files\Unity\Hub\Editor\2020.3.2f1\Editor\Unity.exe
-adb2
-batchMode
-noUpm
-name
AssetImportWorker0
-projectPath
C:/Users/松田 優志/日本ゲーム大賞 アマチュア部門/JGA_2020_PROJECT/Morumotto_ Wheerun_Movie
-logFile
Logs/AssetImportWorker0.log
-srvPort
62873
Successfully changed project path to: C:/Users/松田 優志/日本ゲーム大賞 アマチュア部門/JGA_2020_PROJECT/Morumotto_ Wheerun_Movie
C:/Users/松田 優志/日本ゲーム大賞 アマチュア部門/JGA_2020_PROJECT/Morumotto_ Wheerun_Movie
Using Asset Import Pipeline V2.
Refreshing native plugins compatible for Editor in 25.38 ms, found 0 plugins.
Preloading 0 native plugins for Editor in 0.00 ms.
Initialize engine version: 2020.3.2f1 (8fd9074bf66c)
[Subsystems] Discovering subsystems at path C:/Program Files/Unity/Hub/Editor/2020.3.2f1/Editor/Data/Resources/UnitySubsystems
[Subsystems] Discovering subsystems at path C:/Users/松田 優志/日本ゲーム大賞 アマチュア部門/JGA_2020_PROJECT/Morumotto_ Wheerun_Movie/Assets
GfxDevice: creating device client; threaded=0
Direct3D:
    Version:  Direct3D 11.0 [level 11.1]
    Renderer: Intel(R) UHD Graphics 620 (ID=0x5917)
    Vendor:   
    VRAM:     4013 MB
    Driver:   26.20.100.7263
Initialize mono
Mono path[0] = 'C:/Program Files/Unity/Hub/Editor/2020.3.2f1/Editor/Data/Managed'
Mono path[1] = 'C:/Program Files/Unity/Hub/Editor/2020.3.2f1/Editor/Data/MonoBleedingEdge/lib/mono/unityjit'
Mono config path = 'C:/Program Files/Unity/Hub/Editor/2020.3.2f1/Editor/Data/MonoBleedingEdge/etc'
Using monoOptions --debugger-agent=transport=dt_socket,embedding=1,server=y,suspend=n,address=127.0.0.1:56856
Begin MonoManager ReloadAssembly
Registering precompiled unity dll's ...
Register platform support module: C:/Program Files/Unity/Hub/Editor/2020.3.2f1/Editor/Data/PlaybackEngines/WindowsStandaloneSupport/UnityEditor.WindowsStandalone.Extensions.dll
Registered in 0.005138 seconds.
Native extension for WindowsStandalone target not found
Refreshing native plugins compatible for Editor in 24.24 ms, found 0 plugins.
Preloading 0 native plugins for Editor in 0.00 ms.
Invoked RoslynAnalysisRunner static constructor.
RoslynAnalysisRunner will not be running.
RoslynAnalysisRunner has terminated.
Mono: successfully reloaded assembly
- Completed reload, in  2.684 seconds
Platform modules already initialized, skipping
Registering precompiled user dll's ...
Registered in 0.001091 seconds.
Begin MonoManager ReloadAssembly
Native extension for WindowsStandalone target not found
Refreshing native plugins compatible for Editor in 0.20 ms, found 0 plugins.
Preloading 0 native plugins for Editor in 0.00 ms.
Invoked RoslynAnalysisRunner static constructor.
RoslynAnalysisRunner will not be running.
RoslynAnalysisRunner has terminated.
Mono: successfully reloaded assembly
- Completed reload, in  0.906 seconds
Platform modules already initialized, skipping
========================================================================
Worker process is ready to serve import requests
Launched and connected shader compiler UnityShaderCompiler.exe after 0.07 seconds
Refreshing native plugins compatible for Editor in 0.20 ms, found 0 plugins.
Preloading 0 native plugins for Editor in 0.00 ms.
Unloading 1115 Unused Serialized files (Serialized files now loaded: 0)
System memory in use before: 60.3 MB.
System memory in use after: 60.3 MB.

Unloading 10 unused Assets to reduce memory usage. Loaded Objects now: 1557.
Total: 1.971700 ms (FindLiveObjects: 0.136700 ms CreateObjectMapping: 0.031800 ms MarkObjects: 1.723100 ms  DeleteObjects: 0.078700 ms)

========================================================================
Received Import Request.
  path: Assets/Models/morumotto_Timeline.playable
  artifactKey: Guid(88728fcce63199946bc810fe5905662e) Importer(815301076,1909f56bfc062723c751e8b465ee728b)
Start importing Assets/Models/morumotto_Timeline.playable using Guid(88728fcce63199946bc810fe5905662e) Importer(815301076,1909f56bfc062723c751e8b465ee728b)  -> (artifact id: '542a47d2536695c83dddae21b62fcb0e') in 0.060080 seconds
  Import took 0.062087 seconds .

========================================================================
Received Import Request.
  Time since last request: 0.000584 seconds.
  path: Assets/Models/CubeTimeline.playable
  artifactKey: Guid(e20549ce68b97a8418386848789ab089) Importer(815301076,1909f56bfc062723c751e8b465ee728b)
Start importing Assets/Models/CubeTimeline.playable using Guid(e20549ce68b97a8418386848789ab089) Importer(815301076,1909f56bfc062723c751e8b465ee728b)  -> (artifact id: '78fedd4d0bb711b3a6efea0d49c45a1c') in 0.005421 seconds
  Import took 0.008493 seconds .

========================================================================
Received Import Request.
  Time since last request: 0.000650 seconds.
  path: Assets/Models/morumotto.fbx
  artifactKey: Guid(d8e6b57e88b89574fbd017ef99a3b120) Importer(815301076,1909f56bfc062723c751e8b465ee728b)
Start importing Assets/Models/morumotto.fbx using Guid(d8e6b57e88b89574fbd017ef99a3b120) Importer(815301076,1909f56bfc062723c751e8b465ee728b)  -> (artifact id: '8132c5cfdeea3ae9747b7ca4095515b1') in 0.304692 seconds
  Import took 0.308631 seconds .

========================================================================
Received Import Request.
  Time since last request: 0.000633 seconds.
  path: Assets/Models/Main CameraTimeline.playable
  artifactKey: Guid(f083cde0c8433ef4fa9216054562cace) Importer(815301076,1909f56bfc062723c751e8b465ee728b)
Start importing Assets/Models/Main CameraTimeline.playable using Guid(f083cde0c8433ef4fa9216054562cace) Importer(815301076,1909f56bfc062723c751e8b465ee728b)  -> (artifact id: '86f96fdb5c27d4e3b78931d33e7630aa') in 0.008243 seconds
  Import took 0.010991 seconds .

========================================================================
Received Import Request.
  Time since last request: 0.000490 seconds.
  path: Assets/Models
  artifactKey: Guid(e26ab8beff8370d45a5c0d7ce5000857) Importer(815301076,1909f56bfc062723c751e8b465ee728b)
Start importing Assets/Models using Guid(e26ab8beff8370d45a5c0d7ce5000857) Importer(815301076,1909f56bfc062723c751e8b465ee728b)  -> (artifact id: '4bb0e4f025f07fedfbd894f13bb1b31f') in 0.005457 seconds
  Import took 0.007411 seconds .

========================================================================
Received Import Request.
  Time since last request: 3464.936799 seconds.
  path: Assets/Models/Scotch_tape.fbx
  artifactKey: Guid(c60e563081c30fa4f9d1074d6219ef33) Importer(815301076,1909f56bfc062723c751e8b465ee728b)
Start importing Assets/Models/Scotch_tape.fbx using Guid(c60e563081c30fa4f9d1074d6219ef33) Importer(815301076,1909f56bfc062723c751e8b465ee728b)  -> (artifact id: '9d51f66c2e6498c75e9fc6b9b6f892bb') in 0.346317 seconds
  Import took 0.352874 seconds .

========================================================================
Received Prepare
Registering precompiled user dll's ...
Registered in 0.001073 seconds.
Begin MonoManager ReloadAssembly
Native extension for WindowsStandalone target not found
Refreshing native plugins compatible for Editor in 0.21 ms, found 0 plugins.
Preloading 0 native plugins for Editor in 0.00 ms.
Invoked RoslynAnalysisRunner static constructor.
RoslynAnalysisRunner will not be running.
RoslynAnalysisRunner has terminated.
Mono: successfully reloaded assembly
- Completed reload, in  0.857 seconds
Platform modules already initialized, skipping
Refreshing native plugins compatible for Editor in 0.22 ms, found 0 plugins.
Preloading 0 native plugins for Editor in 0.00 ms.
Unloading 1110 Unused Serialized files (Serialized files now loaded: 0)
System memory in use before: 77.2 MB.
System memory in use after: 77.3 MB.

Unloading 5 unused Assets to reduce memory usage. Loaded Objects now: 1604.
Total: 2.424900 ms (FindLiveObjects: 0.134600 ms CreateObjectMapping: 0.033000 ms MarkObjects: 2.172000 ms  DeleteObjects: 0.083200 ms)

========================================================================
Received Import Request.
  Time since last request: 740.354613 seconds.
  path: Assets/Models/Main CameraTimeline.playable
  artifactKey: Guid(f083cde0c8433ef4fa9216054562cace) Importer(815301076,1909f56bfc062723c751e8b465ee728b)
Start importing Assets/Models/Main CameraTimeline.playable using Guid(f083cde0c8433ef4fa9216054562cace) Importer(815301076,1909f56bfc062723c751e8b465ee728b)  -> (artifact id: '479623343f28628ae12fa9de2a1f600a') in 0.028981 seconds
  Import took 0.035011 seconds .

========================================================================
Received Import Request.
  Time since last request: 0.000640 seconds.
  path: Assets/Models/morumotto_Timeline.playable
  artifactKey: Guid(88728fcce63199946bc810fe5905662e) Importer(815301076,1909f56bfc062723c751e8b465ee728b)
Start importing Assets/Models/morumotto_Timeline.playable using Guid(88728fcce63199946bc810fe5905662e) Importer(815301076,1909f56bfc062723c751e8b465ee728b)  -> (artifact id: 'b08da0291196fb9d2991046410f3c97d') in 0.007006 seconds
  Import took 0.009173 seconds .

========================================================================
Received Import Request.
  Time since last request: 150.092106 seconds.
  path: Assets/Models/Main CameraTimeline.playable
  artifactKey: Guid(f083cde0c8433ef4fa9216054562cace) Importer(815301076,1909f56bfc062723c751e8b465ee728b)
Start importing Assets/Models/Main CameraTimeline.playable using Guid(f083cde0c8433ef4fa9216054562cace) Importer(815301076,1909f56bfc062723c751e8b465ee728b)  -> (artifact id: 'fa9803c46bf82e84e7eeb12f5808b573') in 0.007489 seconds
  Import took 0.010602 seconds .

========================================================================
Received Prepare
Registering precompiled user dll's ...
Registered in 0.001559 seconds.
Begin MonoManager ReloadAssembly
Native extension for WindowsStandalone target not found
Refreshing native plugins compatible for Editor in 0.22 ms, found 0 plugins.
Preloading 0 native plugins for Editor in 0.00 ms.
Invoked RoslynAnalysisRunner static constructor.
RoslynAnalysisRunner will not be running.
RoslynAnalysisRunner has terminated.
Mono: successfully reloaded assembly
- Completed reload, in  0.841 seconds
Platform modules already initialized, skipping
Refreshing native plugins compatible for Editor in 0.25 ms, found 0 plugins.
Preloading 0 native plugins for Editor in 0.00 ms.
Unloading 1110 Unused Serialized files (Serialized files now loaded: 0)
System memory in use before: 77.3 MB.
System memory in use after: 77.3 MB.

Unloading 5 unused Assets to reduce memory usage. Loaded Objects now: 1607.
Total: 3.216600 ms (FindLiveObjects: 0.283000 ms CreateObjectMapping: 0.088300 ms MarkObjects: 2.782000 ms  DeleteObjects: 0.060100 ms)

========================================================================
Received Import Request.
  Time since last request: 122.130035 seconds.
  path: Assets/Models/Main CameraTimeline.playable
  artifactKey: Guid(f083cde0c8433ef4fa9216054562cace) Importer(815301076,1909f56bfc062723c751e8b465ee728b)
Start importing Assets/Models/Main CameraTimeline.playable using Guid(f083cde0c8433ef4fa9216054562cace) Importer(815301076,1909f56bfc062723c751e8b465ee728b)  -> (artifact id: '6c095762a073a4256c92c4ab2b23809e') in 0.024880 seconds
  Import took 0.031013 seconds .

========================================================================
Received Prepare
Registering precompiled user dll's ...
Registered in 0.001062 seconds.
Begin MonoManager ReloadAssembly
Native extension for WindowsStandalone target not found
Refreshing native plugins compatible for Editor in 0.22 ms, found 0 plugins.
Preloading 0 native plugins for Editor in 0.00 ms.
Invoked RoslynAnalysisRunner static constructor.
RoslynAnalysisRunner will not be running.
RoslynAnalysisRunner has terminated.
Mono: successfully reloaded assembly
- Completed reload, in  0.845 seconds
Platform modules already initialized, skipping
Refreshing native plugins compatible for Editor in 0.20 ms, found 0 plugins.
Preloading 0 native plugins for Editor in 0.00 ms.
Unloading 1110 Unused Serialized files (Serialized files now loaded: 0)
System memory in use before: 77.3 MB.
System memory in use after: 77.4 MB.

Unloading 5 unused Assets to reduce memory usage. Loaded Objects now: 1610.
Total: 2.117200 ms (FindLiveObjects: 0.133700 ms CreateObjectMapping: 0.034100 ms MarkObjects: 1.885300 ms  DeleteObjects: 0.062200 ms)

========================================================================
Received Import Request.
  Time since last request: 252.633288 seconds.
  path: Assets/Models/Main CameraTimeline.playable
  artifactKey: Guid(f083cde0c8433ef4fa9216054562cace) Importer(815301076,1909f56bfc062723c751e8b465ee728b)
Start importing Assets/Models/Main CameraTimeline.playable using Guid(f083cde0c8433ef4fa9216054562cace) Importer(815301076,1909f56bfc062723c751e8b465ee728b)  -> (artifact id: '1a4d6f0f953484098f4e4ef836aa23a6') in 0.026461 seconds
  Import took 0.032674 seconds .

========================================================================
Received Prepare
Registering precompiled user dll's ...
Registered in 0.003032 seconds.
Begin MonoManager ReloadAssembly
Native extension for WindowsStandalone target not found
Refreshing native plugins compatible for Editor in 0.28 ms, found 0 plugins.
Preloading 0 native plugins for Editor in 0.00 ms.
Invoked RoslynAnalysisRunner static constructor.
RoslynAnalysisRunner will not be running.
RoslynAnalysisRunner has terminated.
Mono: successfully reloaded assembly
- Completed reload, in  1.719 seconds
Platform modules already initialized, skipping
Refreshing native plugins compatible for Editor in 0.68 ms, found 0 plugins.
Preloading 0 native plugins for Editor in 0.00 ms.
Unloading 1110 Unused Serialized files (Serialized files now loaded: 0)
System memory in use before: 77.3 MB.
System memory in use after: 77.4 MB.

Unloading 5 unused Assets to reduce memory usage. Loaded Objects now: 1613.
Total: 3.532300 ms (FindLiveObjects: 0.183800 ms CreateObjectMapping: 0.054500 ms MarkObjects: 3.215200 ms  DeleteObjects: 0.076700 ms)

========================================================================
Received Prepare
Registering precompiled user dll's ...
Registered in 0.001032 seconds.
Begin MonoManager ReloadAssembly
Native extension for WindowsStandalone target not found
Refreshing native plugins compatible for Editor in 0.23 ms, found 0 plugins.
Preloading 0 native plugins for Editor in 0.00 ms.
Invoked RoslynAnalysisRunner static constructor.
RoslynAnalysisRunner will not be running.
RoslynAnalysisRunner has terminated.
Mono: successfully reloaded assembly
- Completed reload, in  0.958 seconds
Platform modules already initialized, skipping
Refreshing native plugins compatible for Editor in 0.21 ms, found 0 plugins.
Preloading 0 native plugins for Editor in 0.00 ms.
Unloading 1110 Unused Serialized files (Serialized files now loaded: 0)
System memory in use before: 77.4 MB.
System memory in use after: 77.4 MB.

Unloading 5 unused Assets to reduce memory usage. Loaded Objects now: 1616.
Total: 1.946900 ms (FindLiveObjects: 0.145500 ms CreateObjectMapping: 0.036800 ms MarkObjects: 1.704100 ms  DeleteObjects: 0.059500 ms)

========================================================================
Received Prepare
Registering precompiled user dll's ...
Registered in 0.001027 seconds.
Begin MonoManager ReloadAssembly
Native extension for WindowsStandalone target not found
Refreshing native plugins compatible for Editor in 0.20 ms, found 0 plugins.
Preloading 0 native plugins for Editor in 0.00 ms.
Invoked RoslynAnalysisRunner static constructor.
RoslynAnalysisRunner will not be running.
RoslynAnalysisRunner has terminated.
Mono: successfully reloaded assembly
- Completed reload, in  0.901 seconds
Platform modules already initialized, skipping
Refreshing native plugins compatible for Editor in 0.21 ms, found 0 plugins.
Preloading 0 native plugins for Editor in 0.00 ms.
Unloading 1110 Unused Serialized files (Serialized files now loaded: 0)
System memory in use before: 77.4 MB.
System memory in use after: 77.4 MB.

Unloading 5 unused Assets to reduce memory usage. Loaded Objects now: 1619.
Total: 2.054800 ms (FindLiveObjects: 0.134100 ms CreateObjectMapping: 0.036100 ms MarkObjects: 1.826900 ms  DeleteObjects: 0.055900 ms)

========================================================================
Received Prepare
Registering precompiled user dll's ...
Registered in 0.001183 seconds.
Begin MonoManager ReloadAssembly
Native extension for WindowsStandalone target not found
Refreshing native plugins compatible for Editor in 0.51 ms, found 0 plugins.
Preloading 0 native plugins for Editor in 0.00 ms.
Invoked RoslynAnalysisRunner static constructor.
RoslynAnalysisRunner will not be running.
RoslynAnalysisRunner has terminated.
Mono: successfully reloaded assembly
- Completed reload, in  1.502 seconds
Platform modules already initialized, skipping
Refreshing native plugins compatible for Editor in 0.21 ms, found 0 plugins.
Preloading 0 native plugins for Editor in 0.00 ms.
Unloading 1110 Unused Serialized files (Serialized files now loaded: 0)
System memory in use before: 77.4 MB.
System memory in use after: 77.4 MB.

Unloading 5 unused Assets to reduce memory usage. Loaded Objects now: 1622.
Total: 2.047400 ms (FindLiveObjects: 0.209800 ms CreateObjectMapping: 0.047800 ms MarkObjects: 1.728000 ms  DeleteObjects: 0.060200 ms)

========================================================================
Received Import Request.
  Time since last request: 1281.173044 seconds.
  path: Assets/Models/Main CameraTimeline.playable
  artifactKey: Guid(f083cde0c8433ef4fa9216054562cace) Importer(815301076,1909f56bfc062723c751e8b465ee728b)
Start importing Assets/Models/Main CameraTimeline.playable using Guid(f083cde0c8433ef4fa9216054562cace) Importer(815301076,1909f56bfc062723c751e8b465ee728b)  -> (artifact id: '51a1089cdc03d41658162bde04cb54a9') in 0.027466 seconds
  Import took 0.031370 seconds .

========================================================================
Received Import Request.
  Time since last request: 0.000406 seconds.
  path: Assets/Models/morumotto_Timeline.playable
  artifactKey: Guid(88728fcce63199946bc810fe5905662e) Importer(815301076,1909f56bfc062723c751e8b465ee728b)
Start importing Assets/Models/morumotto_Timeline.playable using Guid(88728fcce63199946bc810fe5905662e) Importer(815301076,1909f56bfc062723c751e8b465ee728b)  -> (artifact id: '1a85a57ee2f1052349435a3f6755f73c') in 0.007127 seconds
  Import took 0.009583 seconds .

========================================================================
Received Prepare
Registering precompiled user dll's ...
Registered in 0.001618 seconds.
Begin MonoManager ReloadAssembly
Native extension for WindowsStandalone target not found
Refreshing native plugins compatible for Editor in 0.20 ms, found 0 plugins.
Preloading 0 native plugins for Editor in 0.00 ms.
Invoked RoslynAnalysisRunner static constructor.
RoslynAnalysisRunner will not be running.
RoslynAnalysisRunner has terminated.
Mono: successfully reloaded assembly
- Completed reload, in  0.851 seconds
Platform modules already initialized, skipping
Refreshing native plugins compatible for Editor in 0.20 ms, found 0 plugins.
Preloading 0 native plugins for Editor in 0.00 ms.
Unloading 1110 Unused Serialized files (Serialized files now loaded: 0)
System memory in use before: 77.4 MB.
System memory in use after: 77.5 MB.

Unloading 5 unused Assets to reduce memory usage. Loaded Objects now: 1625.
Total: 1.909200 ms (FindLiveObjects: 0.152900 ms CreateObjectMapping: 0.038200 ms MarkObjects: 1.658200 ms  DeleteObjects: 0.058300 ms)

========================================================================
Received Import Request.
  Time since last request: 354.235006 seconds.
  path: Assets/Models/morumotto_Timeline.playable
  artifactKey: Guid(88728fcce63199946bc810fe5905662e) Importer(815301076,1909f56bfc062723c751e8b465ee728b)
Start importing Assets/Models/morumotto_Timeline.playable using Guid(88728fcce63199946bc810fe5905662e) Importer(815301076,1909f56bfc062723c751e8b465ee728b)  -> (artifact id: 'c6ff97712609ffb91f2fce604240e959') in 0.024929 seconds
  Import took 0.030716 seconds .

========================================================================
Received Import Request.
  Time since last request: 0.000395 seconds.
  path: Assets/Models/Main CameraTimeline.playable
  artifactKey: Guid(f083cde0c8433ef4fa9216054562cace) Importer(815301076,1909f56bfc062723c751e8b465ee728b)
Start importing Assets/Models/Main CameraTimeline.playable using Guid(f083cde0c8433ef4fa9216054562cace) Importer(815301076,1909f56bfc062723c751e8b465ee728b)  -> (artifact id: 'edf23eb79d134576acccda5a4b9e2d3e') in 0.008033 seconds
  Import took 0.010899 seconds .

========================================================================
Received Prepare
Registering precompiled user dll's ...
Registered in 0.001227 seconds.
Begin MonoManager ReloadAssembly
Native extension for WindowsStandalone target not found
Refreshing native plugins compatible for Editor in 0.21 ms, found 0 plugins.
Preloading 0 native plugins for Editor in 0.00 ms.
Invoked RoslynAnalysisRunner static constructor.
RoslynAnalysisRunner will not be running.
RoslynAnalysisRunner has terminated.
Mono: successfully reloaded assembly
- Completed reload, in  0.892 seconds
Platform modules already initialized, skipping
Refreshing native plugins compatible for Editor in 0.20 ms, found 0 plugins.
Preloading 0 native plugins for Editor in 0.00 ms.
Unloading 1110 Unused Serialized files (Serialized files now loaded: 0)
System memory in use before: 77.4 MB.
System memory in use after: 77.5 MB.

Unloading 5 unused Assets to reduce memory usage. Loaded Objects now: 1628.
Total: 1.945500 ms (FindLiveObjects: 0.146900 ms CreateObjectMapping: 0.038100 ms MarkObjects: 1.699600 ms  DeleteObjects: 0.059700 ms)

========================================================================
Received Import Request.
  Time since last request: 462.286653 seconds.
  path: Assets/Models/morumotto_Timeline.playable
  artifactKey: Guid(88728fcce63199946bc810fe5905662e) Importer(815301076,1909f56bfc062723c751e8b465ee728b)
Start importing Assets/Models/morumotto_Timeline.playable using Guid(88728fcce63199946bc810fe5905662e) Importer(815301076,1909f56bfc062723c751e8b465ee728b)  -> (artifact id: '9cc2c675475edb9c1543ee5c4b0f32d4') in 0.025919 seconds
  Import took 0.031831 seconds .

========================================================================
Received Import Request.
  Time since last request: 1.690798 seconds.
  path: Assets/Models/morumotto_Timeline.playable
  artifactKey: Guid(88728fcce63199946bc810fe5905662e) Importer(815301076,1909f56bfc062723c751e8b465ee728b)
Start importing Assets/Models/morumotto_Timeline.playable using Guid(88728fcce63199946bc810fe5905662e) Importer(815301076,1909f56bfc062723c751e8b465ee728b)  -> (artifact id: '9cc2c675475edb9c1543ee5c4b0f32d4') in 0.006966 seconds
  Import took 0.009119 seconds .

========================================================================
Received Prepare
Registering precompiled user dll's ...
Registered in 0.001169 seconds.
Begin MonoManager ReloadAssembly
Native extension for WindowsStandalone target not found
Refreshing native plugins compatible for Editor in 0.21 ms, found 0 plugins.
Preloading 0 native plugins for Editor in 0.00 ms.
Invoked RoslynAnalysisRunner static constructor.
RoslynAnalysisRunner will not be running.
RoslynAnalysisRunner has terminated.
Mono: successfully reloaded assembly
- Completed reload, in  0.888 seconds
Platform modules already initialized, skipping
Refreshing native plugins compatible for Editor in 0.23 ms, found 0 plugins.
Preloading 0 native plugins for Editor in 0.00 ms.
Unloading 1110 Unused Serialized files (Serialized files now loaded: 0)
System memory in use before: 77.4 MB.
System memory in use after: 77.5 MB.

Unloading 5 unused Assets to reduce memory usage. Loaded Objects now: 1631.
Total: 1.827000 ms (FindLiveObjects: 0.130800 ms CreateObjectMapping: 0.033500 ms MarkObjects: 1.602800 ms  DeleteObjects: 0.058700 ms)

========================================================================
Received Prepare
Registering precompiled user dll's ...
Registered in 0.001148 seconds.
Begin MonoManager ReloadAssembly
Native extension for WindowsStandalone target not found
Refreshing native plugins compatible for Editor in 0.21 ms, found 0 plugins.
Preloading 0 native plugins for Editor in 0.00 ms.
Invoked RoslynAnalysisRunner static constructor.
RoslynAnalysisRunner will not be running.
RoslynAnalysisRunner has terminated.
Mono: successfully reloaded assembly
- Completed reload, in  0.883 seconds
Platform modules already initialized, skipping
Refreshing native plugins compatible for Editor in 0.21 ms, found 0 plugins.
Preloading 0 native plugins for Editor in 0.00 ms.
Unloading 1110 Unused Serialized files (Serialized files now loaded: 0)
System memory in use before: 77.4 MB.
System memory in use after: 77.5 MB.

Unloading 5 unused Assets to reduce memory usage. Loaded Objects now: 1634.
Total: 1.889000 ms (FindLiveObjects: 0.151000 ms CreateObjectMapping: 0.050400 ms MarkObjects: 1.633500 ms  DeleteObjects: 0.052300 ms)

========================================================================
Received Prepare
Registering precompiled user dll's ...
Registered in 0.002429 seconds.
Begin MonoManager ReloadAssembly
Native extension for WindowsStandalone target not found
Refreshing native plugins compatible for Editor in 0.21 ms, found 0 plugins.
Preloading 0 native plugins for Editor in 0.00 ms.
Invoked RoslynAnalysisRunner static constructor.
RoslynAnalysisRunner will not be running.
RoslynAnalysisRunner has terminated.
Mono: successfully reloaded assembly
- Completed reload, in  0.968 seconds
Platform modules already initialized, skipping
Refreshing native plugins compatible for Editor in 0.20 ms, found 0 plugins.
Preloading 0 native plugins for Editor in 0.00 ms.
Unloading 1110 Unused Serialized files (Serialized files now loaded: 0)
System memory in use before: 77.4 MB.
System memory in use after: 77.5 MB.

Unloading 5 unused Assets to reduce memory usage. Loaded Objects now: 1637.
Total: 1.843300 ms (FindLiveObjects: 0.143100 ms CreateObjectMapping: 0.035900 ms MarkObjects: 1.606000 ms  DeleteObjects: 0.057100 ms)

========================================================================
Received Prepare
Registering precompiled user dll's ...
Registered in 0.001505 seconds.
Begin MonoManager ReloadAssembly
Native extension for WindowsStandalone target not found
Refreshing native plugins compatible for Editor in 0.21 ms, found 0 plugins.
Preloading 0 native plugins for Editor in 0.00 ms.
Invoked RoslynAnalysisRunner static constructor.
RoslynAnalysisRunner will not be running.
RoslynAnalysisRunner has terminated.
Mono: successfully reloaded assembly
- Completed reload, in  0.850 seconds
Platform modules already initialized, skipping
Refreshing native plugins compatible for Editor in 0.22 ms, found 0 plugins.
Preloading 0 native plugins for Editor in 0.00 ms.
Unloading 1110 Unused Serialized files (Serialized files now loaded: 0)
System memory in use before: 77.4 MB.
System memory in use after: 77.5 MB.

Unloading 5 unused Assets to reduce memory usage. Loaded Objects now: 1640.
Total: 5.541900 ms (FindLiveObjects: 0.413800 ms CreateObjectMapping: 0.134500 ms MarkObjects: 4.885400 ms  DeleteObjects: 0.105000 ms)

========================================================================
Received Import Request.
  Time since last request: 788.153770 seconds.
  path: Assets/Models/Main CameraTimeline.playable
  artifactKey: Guid(f083cde0c8433ef4fa9216054562cace) Importer(815301076,1909f56bfc062723c751e8b465ee728b)
Start importing Assets/Models/Main CameraTimeline.playable using Guid(f083cde0c8433ef4fa9216054562cace) Importer(815301076,1909f56bfc062723c751e8b465ee728b)  -> (artifact id: 'c07e336bf13e5e09a4a5bd910dd15031') in 0.047916 seconds
  Import took 0.058623 seconds .

========================================================================
Received Prepare
Registering precompiled user dll's ...
Registered in 0.001165 seconds.
Begin MonoManager ReloadAssembly
Native extension for WindowsStandalone target not found
Refreshing native plugins compatible for Editor in 0.21 ms, found 0 plugins.
Preloading 0 native plugins for Editor in 0.00 ms.
Invoked RoslynAnalysisRunner static constructor.
RoslynAnalysisRunner will not be running.
RoslynAnalysisRunner has terminated.
Mono: successfully reloaded assembly
- Completed reload, in  0.841 seconds
Platform modules already initialized, skipping
Refreshing native plugins compatible for Editor in 0.20 ms, found 0 plugins.
Preloading 0 native plugins for Editor in 0.00 ms.
Unloading 1110 Unused Serialized files (Serialized files now loaded: 0)
System memory in use before: 77.4 MB.
System memory in use after: 77.5 MB.

Unloading 5 unused Assets to reduce memory usage. Loaded Objects now: 1643.
Total: 1.814300 ms (FindLiveObjects: 0.156100 ms CreateObjectMapping: 0.043400 ms MarkObjects: 1.557000 ms  DeleteObjects: 0.056600 ms)

========================================================================
Received Import Request.
  Time since last request: 721.228949 seconds.
  path: Assets/Models/morumotto_Timeline.playable
  artifactKey: Guid(88728fcce63199946bc810fe5905662e) Importer(815301076,1909f56bfc062723c751e8b465ee728b)
Start importing Assets/Models/morumotto_Timeline.playable using Guid(88728fcce63199946bc810fe5905662e) Importer(815301076,1909f56bfc062723c751e8b465ee728b)  -> (artifact id: '8e88317a2097a06f308caa74d334f470') in 0.026256 seconds
  Import took 0.032133 seconds .

========================================================================
Received Prepare
Registering precompiled user dll's ...
Registered in 0.002344 seconds.
Begin MonoManager ReloadAssembly
Native extension for WindowsStandalone target not found
Refreshing native plugins compatible for Editor in 0.21 ms, found 0 plugins.
Preloading 0 native plugins for Editor in 0.00 ms.
Invoked RoslynAnalysisRunner static constructor.
RoslynAnalysisRunner will not be running.
RoslynAnalysisRunner has terminated.
Mono: successfully reloaded assembly
- Completed reload, in  0.839 seconds
Platform modules already initialized, skipping
Refreshing native plugins compatible for Editor in 0.20 ms, found 0 plugins.
Preloading 0 native plugins for Editor in 0.00 ms.
Unloading 1110 Unused Serialized files (Serialized files now loaded: 0)
System memory in use before: 77.4 MB.
System memory in use after: 77.5 MB.

Unloading 5 unused Assets to reduce memory usage. Loaded Objects now: 1646.
Total: 1.793400 ms (FindLiveObjects: 0.136600 ms CreateObjectMapping: 0.036000 ms MarkObjects: 1.563900 ms  DeleteObjects: 0.055600 ms)

========================================================================
Received Prepare
Registering precompiled user dll's ...
Registered in 0.001069 seconds.
Begin MonoManager ReloadAssembly
Native extension for WindowsStandalone target not found
Refreshing native plugins compatible for Editor in 0.21 ms, found 0 plugins.
Preloading 0 native plugins for Editor in 0.00 ms.
Invoked RoslynAnalysisRunner static constructor.
RoslynAnalysisRunner will not be running.
RoslynAnalysisRunner has terminated.
Mono: successfully reloaded assembly
- Completed reload, in  0.853 seconds
Platform modules already initialized, skipping
Refreshing native plugins compatible for Editor in 0.21 ms, found 0 plugins.
Preloading 0 native plugins for Editor in 0.00 ms.
Unloading 1110 Unused Serialized files (Serialized files now loaded: 0)
System memory in use before: 77.4 MB.
System memory in use after: 77.5 MB.

Unloading 5 unused Assets to reduce memory usage. Loaded Objects now: 1649.
Total: 2.271300 ms (FindLiveObjects: 0.158900 ms CreateObjectMapping: 0.044400 ms MarkObjects: 1.999900 ms  DeleteObjects: 0.066100 ms)

========================================================================
Received Import Request.
  Time since last request: 368.175325 seconds.
  path: Assets/Models/morumotto_Timeline.playable
  artifactKey: Guid(88728fcce63199946bc810fe5905662e) Importer(815301076,1909f56bfc062723c751e8b465ee728b)
Start importing Assets/Models/morumotto_Timeline.playable using Guid(88728fcce63199946bc810fe5905662e) Importer(815301076,1909f56bfc062723c751e8b465ee728b)  -> (artifact id: '57923237d6e977a797ee57679e12e684') in 0.036735 seconds
  Import took 0.041733 seconds .

========================================================================
Received Import Request.
  Time since last request: 0.000885 seconds.
  path: Assets/Models/morumotto_Timeline.playable
  artifactKey: Guid(88728fcce63199946bc810fe5905662e) Importer(815301076,1909f56bfc062723c751e8b465ee728b)
Start importing Assets/Models/morumotto_Timeline.playable using Guid(88728fcce63199946bc810fe5905662e) Importer(815301076,1909f56bfc062723c751e8b465ee728b)  -> (artifact id: '57923237d6e977a797ee57679e12e684') in 0.008856 seconds
  Import took 0.012065 seconds .

========================================================================
Received Prepare
Registering precompiled user dll's ...
Registered in 0.001165 seconds.
Begin MonoManager ReloadAssembly
Native extension for WindowsStandalone target not found
Refreshing native plugins compatible for Editor in 0.21 ms, found 0 plugins.
Preloading 0 native plugins for Editor in 0.00 ms.
Invoked RoslynAnalysisRunner static constructor.
RoslynAnalysisRunner will not be running.
RoslynAnalysisRunner has terminated.
Mono: successfully reloaded assembly
- Completed reload, in  0.853 seconds
Platform modules already initialized, skipping
Refreshing native plugins compatible for Editor in 0.20 ms, found 0 plugins.
Preloading 0 native plugins for Editor in 0.00 ms.
Unloading 1110 Unused Serialized files (Serialized files now loaded: 0)
System memory in use before: 77.5 MB.
System memory in use after: 77.5 MB.

Unloading 5 unused Assets to reduce memory usage. Loaded Objects now: 1652.
Total: 2.080000 ms (FindLiveObjects: 0.246500 ms CreateObjectMapping: 0.080700 ms MarkObjects: 1.686700 ms  DeleteObjects: 0.063800 ms)

========================================================================
Received Import Request.
  Time since last request: 584.047654 seconds.
  path: Assets/Models/Main CameraTimeline.playable
  artifactKey: Guid(f083cde0c8433ef4fa9216054562cace) Importer(815301076,1909f56bfc062723c751e8b465ee728b)
Start importing Assets/Models/Main CameraTimeline.playable using Guid(f083cde0c8433ef4fa9216054562cace) Importer(815301076,1909f56bfc062723c751e8b465ee728b)  -> (artifact id: '73144714a2bccf0be9cf6a74d69ba195') in 0.025338 seconds
  Import took 0.032416 seconds .

========================================================================
Received Import Request.
  Time since last request: 2.533248 seconds.
  path: Assets/Models/Main CameraTimeline.playable
  artifactKey: Guid(f083cde0c8433ef4fa9216054562cace) Importer(815301076,1909f56bfc062723c751e8b465ee728b)
Start importing Assets/Models/Main CameraTimeline.playable using Guid(f083cde0c8433ef4fa9216054562cace) Importer(815301076,1909f56bfc062723c751e8b465ee728b)  -> (artifact id: '73144714a2bccf0be9cf6a74d69ba195') in 0.006344 seconds
  Import took 0.008530 seconds .

========================================================================
Received Prepare
Registering precompiled user dll's ...
Registered in 0.001747 seconds.
Begin MonoManager ReloadAssembly
Native extension for WindowsStandalone target not found
Refreshing native plugins compatible for Editor in 0.21 ms, found 0 plugins.
Preloading 0 native plugins for Editor in 0.00 ms.
Invoked RoslynAnalysisRunner static constructor.
RoslynAnalysisRunner will not be running.
RoslynAnalysisRunner has terminated.
Mono: successfully reloaded assembly
- Completed reload, in  0.875 seconds
Platform modules already initialized, skipping
Refreshing native plugins compatible for Editor in 0.23 ms, found 0 plugins.
Preloading 0 native plugins for Editor in 0.00 ms.
Unloading 1110 Unused Serialized files (Serialized files now loaded: 0)
System memory in use before: 77.5 MB.
System memory in use after: 77.5 MB.

Unloading 5 unused Assets to reduce memory usage. Loaded Objects now: 1655.
Total: 1.975000 ms (FindLiveObjects: 0.159500 ms CreateObjectMapping: 0.043300 ms MarkObjects: 1.711900 ms  DeleteObjects: 0.058800 ms)

========================================================================
Received Prepare
Registering precompiled user dll's ...
Registered in 0.002053 seconds.
Begin MonoManager ReloadAssembly
Native extension for WindowsStandalone target not found
Refreshing native plugins compatible for Editor in 0.23 ms, found 0 plugins.
Preloading 0 native plugins for Editor in 0.00 ms.
Invoked RoslynAnalysisRunner static constructor.
RoslynAnalysisRunner will not be running.
RoslynAnalysisRunner has terminated.
Mono: successfully reloaded assembly
- Completed reload, in  0.954 seconds
Platform modules already initialized, skipping
Refreshing native plugins compatible for Editor in 0.28 ms, found 0 plugins.
Preloading 0 native plugins for Editor in 0.00 ms.
Unloading 1110 Unused Serialized files (Serialized files now loaded: 0)
System memory in use before: 77.5 MB.
System memory in use after: 77.5 MB.

Unloading 5 unused Assets to reduce memory usage. Loaded Objects now: 1658.
Total: 2.143200 ms (FindLiveObjects: 0.208600 ms CreateObjectMapping: 0.066700 ms MarkObjects: 1.800900 ms  DeleteObjects: 0.065200 ms)

========================================================================
Received Import Request.
  Time since last request: 6854.419319 seconds.
  path: Assets/Models/Main CameraTimeline.playable
  artifactKey: Guid(f083cde0c8433ef4fa9216054562cace) Importer(815301076,1909f56bfc062723c751e8b465ee728b)
Start importing Assets/Models/Main CameraTimeline.playable using Guid(f083cde0c8433ef4fa9216054562cace) Importer(815301076,1909f56bfc062723c751e8b465ee728b)  -> (artifact id: '301b564a8d0016e259a5c4cfa78299e3') in 0.026122 seconds
  Import took 0.030246 seconds .

========================================================================
Received Import Request.
  Time since last request: 1.591505 seconds.
  path: Assets/Models/Main CameraTimeline.playable
  artifactKey: Guid(f083cde0c8433ef4fa9216054562cace) Importer(815301076,1909f56bfc062723c751e8b465ee728b)
Start importing Assets/Models/Main CameraTimeline.playable using Guid(f083cde0c8433ef4fa9216054562cace) Importer(815301076,1909f56bfc062723c751e8b465ee728b)  -> (artifact id: '301b564a8d0016e259a5c4cfa78299e3') in 0.006257 seconds
  Import took 0.008475 seconds .

========================================================================
Received Prepare
Registering precompiled user dll's ...
Registered in 0.003022 seconds.
Begin MonoManager ReloadAssembly
Native extension for WindowsStandalone target not found
Refreshing native plugins compatible for Editor in 0.20 ms, found 0 plugins.
Preloading 0 native plugins for Editor in 0.00 ms.
Invoked RoslynAnalysisRunner static constructor.
RoslynAnalysisRunner will not be running.
RoslynAnalysisRunner has terminated.
Mono: successfully reloaded assembly
- Completed reload, in  0.854 seconds
Platform modules already initialized, skipping
Refreshing native plugins compatible for Editor in 0.20 ms, found 0 plugins.
Preloading 0 native plugins for Editor in 0.00 ms.
Unloading 1110 Unused Serialized files (Serialized files now loaded: 0)
System memory in use before: 77.5 MB.
System memory in use after: 77.6 MB.

Unloading 5 unused Assets to reduce memory usage. Loaded Objects now: 1661.
Total: 1.893300 ms (FindLiveObjects: 0.164500 ms CreateObjectMapping: 0.046900 ms MarkObjects: 1.623800 ms  DeleteObjects: 0.056900 ms)

========================================================================
Received Prepare
Registering precompiled user dll's ...
Registered in 0.001226 seconds.
Begin MonoManager ReloadAssembly
Native extension for WindowsStandalone target not found
Refreshing native plugins compatible for Editor in 0.21 ms, found 0 plugins.
Preloading 0 native plugins for Editor in 0.00 ms.
Invoked RoslynAnalysisRunner static constructor.
RoslynAnalysisRunner will not be running.
RoslynAnalysisRunner has terminated.
Mono: successfully reloaded assembly
- Completed reload, in  0.936 seconds
Platform modules already initialized, skipping
Refreshing native plugins compatible for Editor in 0.20 ms, found 0 plugins.
Preloading 0 native plugins for Editor in 0.00 ms.
Unloading 1110 Unused Serialized files (Serialized files now loaded: 0)
System memory in use before: 77.5 MB.
System memory in use after: 77.6 MB.

Unloading 5 unused Assets to reduce memory usage. Loaded Objects now: 1664.
Total: 1.831600 ms (FindLiveObjects: 0.136700 ms CreateObjectMapping: 0.031900 ms MarkObjects: 1.591900 ms  DeleteObjects: 0.069400 ms)

========================================================================
Received Prepare
Registering precompiled user dll's ...
Registered in 0.001037 seconds.
Begin MonoManager ReloadAssembly
Native extension for WindowsStandalone target not found
Refreshing native plugins compatible for Editor in 0.21 ms, found 0 plugins.
Preloading 0 native plugins for Editor in 0.00 ms.
Invoked RoslynAnalysisRunner static constructor.
RoslynAnalysisRunner will not be running.
RoslynAnalysisRunner has terminated.
Mono: successfully reloaded assembly
- Completed reload, in  0.855 seconds
Platform modules already initialized, skipping
Refreshing native plugins compatible for Editor in 0.20 ms, found 0 plugins.
Preloading 0 native plugins for Editor in 0.00 ms.
Unloading 1110 Unused Serialized files (Serialized files now loaded: 0)
System memory in use before: 77.5 MB.
System memory in use after: 77.6 MB.

Unloading 5 unused Assets to reduce memory usage. Loaded Objects now: 1667.
Total: 1.787100 ms (FindLiveObjects: 0.136000 ms CreateObjectMapping: 0.032200 ms MarkObjects: 1.561700 ms  DeleteObjects: 0.055900 ms)

========================================================================
Received Import Request.
  Time since last request: 1620.947666 seconds.
  path: Assets/Models/Scotch_tape_clinder_Timeline.playable
  artifactKey: Guid(c89e761e9d20f6e44af8ea4cea6bd1d5) Importer(815301076,1909f56bfc062723c751e8b465ee728b)
Start importing Assets/Models/Scotch_tape_clinder_Timeline.playable using Guid(c89e761e9d20f6e44af8ea4cea6bd1d5) Importer(815301076,1909f56bfc062723c751e8b465ee728b)  -> (artifact id: '497d8e62efdd61579d25091d31aa0f23') in 0.016293 seconds
  Import took 0.019644 seconds .

========================================================================
Received Prepare
Registering precompiled user dll's ...
Registered in 0.001079 seconds.
Begin MonoManager ReloadAssembly
Native extension for WindowsStandalone target not found
Refreshing native plugins compatible for Editor in 0.27 ms, found 0 plugins.
Preloading 0 native plugins for Editor in 0.00 ms.
Invoked RoslynAnalysisRunner static constructor.
RoslynAnalysisRunner will not be running.
RoslynAnalysisRunner has terminated.
Mono: successfully reloaded assembly
- Completed reload, in  0.871 seconds
Platform modules already initialized, skipping
Refreshing native plugins compatible for Editor in 0.20 ms, found 0 plugins.
Preloading 0 native plugins for Editor in 0.00 ms.
Unloading 1110 Unused Serialized files (Serialized files now loaded: 0)
System memory in use before: 77.5 MB.
System memory in use after: 77.6 MB.

Unloading 5 unused Assets to reduce memory usage. Loaded Objects now: 1670.
Total: 1.815900 ms (FindLiveObjects: 0.138600 ms CreateObjectMapping: 0.033500 ms MarkObjects: 1.585000 ms  DeleteObjects: 0.057600 ms)

========================================================================
Received Prepare
Registering precompiled user dll's ...
Registered in 0.001740 seconds.
Begin MonoManager ReloadAssembly
Native extension for WindowsStandalone target not found
Refreshing native plugins compatible for Editor in 0.21 ms, found 0 plugins.
Preloading 0 native plugins for Editor in 0.00 ms.
Invoked RoslynAnalysisRunner static constructor.
RoslynAnalysisRunner will not be running.
RoslynAnalysisRunner has terminated.
Mono: successfully reloaded assembly
- Completed reload, in  0.858 seconds
Platform modules already initialized, skipping
Refreshing native plugins compatible for Editor in 0.20 ms, found 0 plugins.
Preloading 0 native plugins for Editor in 0.00 ms.
Unloading 1110 Unused Serialized files (Serialized files now loaded: 0)
System memory in use before: 77.5 MB.
System memory in use after: 77.6 MB.

Unloading 5 unused Assets to reduce memory usage. Loaded Objects now: 1673.
Total: 6.190800 ms (FindLiveObjects: 0.419600 ms CreateObjectMapping: 0.161000 ms MarkObjects: 5.436800 ms  DeleteObjects: 0.169000 ms)

========================================================================
Received Prepare
Registering precompiled user dll's ...
Registered in 0.001956 seconds.
Begin MonoManager ReloadAssembly
Native extension for WindowsStandalone target not found
Refreshing native plugins compatible for Editor in 0.44 ms, found 0 plugins.
Preloading 0 native plugins for Editor in 0.00 ms.
Invoked RoslynAnalysisRunner static constructor.
RoslynAnalysisRunner will not be running.
RoslynAnalysisRunner has terminated.
Mono: successfully reloaded assembly
- Completed reload, in  1.380 seconds
Platform modules already initialized, skipping
Refreshing native plugins compatible for Editor in 0.23 ms, found 0 plugins.
Preloading 0 native plugins for Editor in 0.00 ms.
Unloading 1110 Unused Serialized files (Serialized files now loaded: 0)
System memory in use before: 77.5 MB.
System memory in use after: 77.6 MB.

Unloading 5 unused Assets to reduce memory usage. Loaded Objects now: 1676.
Total: 2.504800 ms (FindLiveObjects: 0.140700 ms CreateObjectMapping: 0.032600 ms MarkObjects: 2.252400 ms  DeleteObjects: 0.077300 ms)

========================================================================
Received Prepare
Registering precompiled user dll's ...
Registered in 0.001389 seconds.
Begin MonoManager ReloadAssembly
Native extension for WindowsStandalone target not found
Refreshing native plugins compatible for Editor in 0.27 ms, found 0 plugins.
Preloading 0 native plugins for Editor in 0.00 ms.
Invoked RoslynAnalysisRunner static constructor.
RoslynAnalysisRunner will not be running.
RoslynAnalysisRunner has terminated.
Mono: successfully reloaded assembly
- Completed reload, in  0.849 seconds
Platform modules already initialized, skipping
Refreshing native plugins compatible for Editor in 0.21 ms, found 0 plugins.
Preloading 0 native plugins for Editor in 0.00 ms.
Unloading 1110 Unused Serialized files (Serialized files now loaded: 0)
System memory in use before: 77.5 MB.
System memory in use after: 77.6 MB.

Unloading 5 unused Assets to reduce memory usage. Loaded Objects now: 1679.
Total: 2.238500 ms (FindLiveObjects: 0.170400 ms CreateObjectMapping: 0.037300 ms MarkObjects: 1.966600 ms  DeleteObjects: 0.062400 ms)

========================================================================
Received Prepare
Registering precompiled user dll's ...
Registered in 0.001061 seconds.
Begin MonoManager ReloadAssembly
Native extension for WindowsStandalone target not found
Refreshing native plugins compatible for Editor in 0.46 ms, found 0 plugins.
Preloading 0 native plugins for Editor in 0.00 ms.
Invoked RoslynAnalysisRunner static constructor.
RoslynAnalysisRunner will not be running.
RoslynAnalysisRunner has terminated.
Mono: successfully reloaded assembly
- Completed reload, in  0.840 seconds
Platform modules already initialized, skipping
Refreshing native plugins compatible for Editor in 0.20 ms, found 0 plugins.
Preloading 0 native plugins for Editor in 0.00 ms.
Unloading 1110 Unused Serialized files (Serialized files now loaded: 0)
System memory in use before: 77.5 MB.
System memory in use after: 77.6 MB.

Unloading 5 unused Assets to reduce memory usage. Loaded Objects now: 1682.
Total: 2.203200 ms (FindLiveObjects: 0.223000 ms CreateObjectMapping: 0.054700 ms MarkObjects: 1.867300 ms  DeleteObjects: 0.056300 ms)

========================================================================
Received Prepare
Registering precompiled user dll's ...
Registered in 0.001083 seconds.
Begin MonoManager ReloadAssembly
Native extension for WindowsStandalone target not found
Refreshing native plugins compatible for Editor in 0.21 ms, found 0 plugins.
Preloading 0 native plugins for Editor in 0.00 ms.
Invoked RoslynAnalysisRunner static constructor.
RoslynAnalysisRunner will not be running.
RoslynAnalysisRunner has terminated.
Mono: successfully reloaded assembly
- Completed reload, in  0.856 seconds
Platform modules already initialized, skipping
Refreshing native plugins compatible for Editor in 0.20 ms, found 0 plugins.
Preloading 0 native plugins for Editor in 0.00 ms.
Unloading 1110 Unused Serialized files (Serialized files now loaded: 0)
System memory in use before: 77.5 MB.
System memory in use after: 77.6 MB.

Unloading 5 unused Assets to reduce memory usage. Loaded Objects now: 1685.
Total: 2.035000 ms (FindLiveObjects: 0.164600 ms CreateObjectMapping: 0.047500 ms MarkObjects: 1.755200 ms  DeleteObjects: 0.066300 ms)

AssetImportWorkerClient::OnTransportError - code=2 error=End of file
